<?xml version="1.0" encoding="utf-8"?><testsuites><testsuite name="pytest" errors="0" failures="3" skipped="26" tests="1446" time="411.380" timestamp="2025-10-17T07:08:10.047879-04:00" hostname="jarvis-core"><testcase classname="" name="agents.core.monitoring.metrics_storage.tests.retention.test_tombstone" time="0.000"><skipped message="collection skipped">('/home/founder/jarvis2/agents/core/monitoring/metrics_storage/tests/retention/test_tombstone.py', 13, 'Skipped: Legacy tombstone tests were replaced by modular suites under tests/retention/tombstones/')</skipped></testcase><testcase classname="tests.agents.agent_instances.test_label_metrics_guard" name="test_label_metrics_emitted_within_threshold" time="0.061" /><testcase classname="tests.agents.agent_instances.test_label_metrics_guard" name="test_label_metrics_suppressed_when_exceed_threshold" time="0.056" /><testcase classname="tests.agents.agent_instances.test_metrics_exposition" name="test_builder_empty_flag_disabled" time="0.056" /><testcase classname="tests.agents.agent_instances.test_metrics_exposition" name="test_builder_empty_flag_enabled" time="0.054" /><testcase classname="tests.agents.agent_instances.test_metrics_exposition" name="test_builder_with_instances" time="0.052" /><testcase classname="tests.agents.agent_instances.test_metrics_exposition" name="test_builder_emits_pruned_counter" time="0.056" /><testcase classname="tests.agents.agent_instances.test_registry_prune" name="test_no_prune_when_flag_absent" time="0.054" /><testcase classname="tests.agents.agent_instances.test_registry_prune" name="test_prune_removes_stale_instances" time="0.052" /><testcase classname="tests.agents.agent_instances.test_registry_prune" name="test_prune_disabled_via_toggle" time="0.053" /><testcase classname="tests.agents.agent_instances.test_rss_sampling" name="test_rss_sampling_disabled_by_default" time="0.052" /><testcase classname="tests.agents.agent_instances.test_rss_sampling" name="test_rss_sampling_with_fake_reader" time="0.054" /><testcase classname="tests.agents.agent_instances.test_rss_sampling" name="test_rss_sampling_failure_increments_counter" time="0.052" /><testcase classname="tests.agents.benchmark.test_benchmark_agent_summary" name="test_compute_summary_and_mrp_artifacts" time="0.053" /><testcase classname="tests.agents.benchmark.test_junit_parser" name="test_parse_junit_durations_extracts_times" time="0.051" /><testcase classname="tests.agents.benchmark.test_junit_parser" name="test_p95_simple" time="0.053" /><testcase classname="tests.agents.benchmark.test_label_normalization" name="test_normalize_trims_parameters_and_preserves_keys" time="0.055" /><testcase classname="tests.agents.benchmark.test_label_normalization" name="test_normalize_converts_backslashes_and_escapes_quotes" time="0.054" /><testcase classname="tests.agents.benchmark.test_label_normalization" name="test_normalize_applies_hash_for_very_long_labels" time="0.056" /><testcase classname="tests.agents.core.messaging.test_agent_topics_adapters" name="test_diagnostic_subscription_in_order" time="0.056" /><testcase classname="tests.agents.core.messaging.test_agent_topics_adapters" name="test_category_overflow_drops_oldest" time="0.058" /><testcase classname="tests.agents.core.messaging.test_agent_topics_adapters" name="test_category_selector_namespace_and_regex" time="0.056" /><testcase classname="tests.agents.core.monitoring.metrics_storage.model_metrics.test_batch_metrics_analytics" name="test_analyze_groups_metrics_by_model" time="0.055" /><testcase classname="tests.agents.core.monitoring.metrics_storage.model_metrics.test_batch_metrics_analytics" name="test_analyze_scaling_trend_detects_hard_cutoff" time="0.053" /><testcase classname="tests.agents.core.monitoring.metrics_storage.model_metrics.test_batch_metrics_analytics" name="test_recommendation_service_returns_targeted_suggestions" time="0.056" /><testcase classname="tests.agents.core.monitoring.metrics_storage.model_metrics.test_batch_metrics_enrichment" name="test_enrich_adds_per_item_metrics_and_speedup" time="0.055" /><testcase classname="tests.agents.core.monitoring.metrics_storage.model_metrics.test_batch_metrics_enrichment" name="test_enrich_applies_overhead_from_single_item_metadata" time="0.052" /><testcase classname="tests.agents.core.monitoring.metrics_storage.model_metrics.test_batch_metrics_manager" name="test_store_batch_metrics_rejects_single_item_payload" time="0.052" /><testcase classname="tests.agents.core.monitoring.metrics_storage.model_metrics.test_batch_metrics_manager" name="test_store_batch_metrics_enriches_payload_before_persisting" time="0.052" /><testcase classname="tests.agents.core.monitoring.metrics_storage.model_metrics.test_batch_metrics_manager" name="test_get_batch_metrics_builds_filters_and_queries_repository" time="0.054" /><testcase classname="tests.agents.core.monitoring.metrics_storage.model_metrics.test_batch_metrics_repository" name="test_store_metrics_writes_to_database_and_file" time="0.057" /><testcase classname="tests.agents.core.monitoring.metrics_storage.model_metrics.test_batch_metrics_repository" name="test_build_filters_adds_pagination" time="0.051" /><testcase classname="tests.agents.core.monitoring.metrics_storage.model_metrics.test_batch_metrics_repository" name="test_fetch_paginated_parses_metadata" time="0.056" /><testcase classname="tests.agents.core.monitoring.visualization.utils.charting.test_chartjs_code" name="test_format_chart_data_for_js_generates_const_declaration" time="0.052" /><testcase classname="tests.agents.core.monitoring.visualization.utils.charting.test_chartjs_code" name="test_create_chart_js_code_includes_chart_id" time="0.052" /><testcase classname="tests.agents.core.monitoring.visualization.utils.charting.test_chartjs_code" name="test_chart_js_serializer_renders_using_instance_chart_id" time="0.052" /><testcase classname="tests.agents.core.monitoring.visualization.utils.charting.test_chartjs_code" name="test_chart_js_serializer_format_config_delegates" time="0.053" /><testcase classname="tests.agents.core.monitoring.visualization.utils.charting.test_config_builders.TestChartConfigFactory" name="test_create_time_series" time="0.052" /><testcase classname="tests.agents.core.monitoring.visualization.utils.charting.test_config_builders.TestChartConfigFactory" name="test_create_bar" time="0.051" /><testcase classname="tests.agents.core.monitoring.visualization.utils.charting.test_config_builders.TestChartConfigFactory" name="test_create_multi_bar" time="0.052" /><testcase classname="tests.agents.core.monitoring.visualization.utils.charting.test_config_builders.TestChartConfigFactory" name="test_create_pie" time="0.053" /><testcase classname="tests.agents.core.monitoring.visualization.utils.charting.test_config_builders.TestChartConfigFactory" name="test_create_matrix" time="0.051" /><testcase classname="tests.agents.core.monitoring.visualization.utils.charting.test_config_builders.TestChartConfigFactory" name="test_create_scatter" time="0.050" /><testcase classname="tests.agents.core.monitoring.visualization.utils.charting.test_config_builders.TestChartConfigFactory" name="test_create_gauge" time="0.054" /><testcase classname="tests.agents.core.monitoring.visualization.utils.charting.test_config_builders" name="test_function_wrappers[create_time_series_chart_config-args0-line]" time="0.054" /><testcase classname="tests.agents.core.monitoring.visualization.utils.charting.test_config_builders" name="test_function_wrappers[create_bar_chart_config-args1-bar]" time="0.051" /><testcase classname="tests.agents.core.monitoring.visualization.utils.charting.test_config_builders" name="test_function_wrappers[create_multi_bar_chart_config-args2-bar]" time="0.051" /><testcase classname="tests.agents.core.monitoring.visualization.utils.charting.test_config_builders" name="test_function_wrappers[create_pie_chart_config-args3-pie]" time="0.051" /><testcase classname="tests.agents.core.monitoring.visualization.utils.charting.test_config_builders" name="test_function_wrappers[create_matrix_chart_config-args4-matrix]" time="0.051" /><testcase classname="tests.agents.core.monitoring.visualization.utils.charting.test_config_builders" name="test_function_wrappers[create_scatter_chart_config-args5-scatter]" time="0.053" /><testcase classname="tests.agents.core.monitoring.visualization.utils.charting.test_config_builders" name="test_function_wrappers[create_gauge_chart_config-args6-gauge]" time="0.051" /><testcase classname="tests.agents.core.monitoring.visualization.utils.charting.test_palette" name="test_generate_color_palette_lengths[#4e79a7-0-0]" time="0.054" /><testcase classname="tests.agents.core.monitoring.visualization.utils.charting.test_palette" name="test_generate_color_palette_lengths[#4e79a7-1-1]" time="0.053" /><testcase classname="tests.agents.core.monitoring.visualization.utils.charting.test_palette" name="test_generate_color_palette_lengths[#4e79a7-3-3]" time="0.056" /><testcase classname="tests.agents.core.monitoring.visualization.utils.charting.test_palette" name="test_generate_color_palette_lengths[#badbad-5-5]" time="0.056" /><testcase classname="tests.agents.core.monitoring.visualization.utils.charting.test_palette" name="test_color_palette_generator_defaults" time="0.055" /><testcase classname="tests.agents.core.monitoring.visualization.utils.charting.test_palette" name="test_get_chart_colors_handles_default_palette[1]" time="0.055" /><testcase classname="tests.agents.core.monitoring.visualization.utils.charting.test_palette" name="test_get_chart_colors_handles_default_palette[2]" time="0.056" /><testcase classname="tests.agents.core.monitoring.visualization.utils.charting.test_palette" name="test_get_chart_colors_handles_default_palette[3]" time="0.055" /><testcase classname="tests.agents.core.monitoring.visualization.utils.charting.test_palette" name="test_get_chart_colors_handles_default_palette[4]" time="0.052" /><testcase classname="tests.agents.core.monitoring.visualization.utils.charting.test_palette" name="test_get_chart_colors_handles_default_palette[5]" time="0.052" /><testcase classname="tests.agents.core.monitoring.visualization.utils.charting.test_palette" name="test_get_chart_colors_handles_default_palette[6]" time="0.054" /><testcase classname="tests.agents.core.monitoring.visualization.utils.charting.test_palette" name="test_get_chart_colors_handles_default_palette[7]" time="0.057" /><testcase classname="tests.agents.core.monitoring.visualization.utils.charting.test_palette" name="test_get_chart_colors_handles_default_palette[8]" time="0.053" /><testcase classname="tests.agents.core.monitoring.visualization.utils.charting.test_palette" name="test_get_chart_colors_handles_default_palette[9]" time="0.053" /><testcase classname="tests.agents.core.monitoring.visualization.utils.charting.test_palette" name="test_get_chart_colors_handles_default_palette[10]" time="0.053" /><testcase classname="tests.agents.core.monitoring.visualization.utils.charting.test_palette" name="test_get_chart_colors_handles_default_palette[15]" time="0.052" /><testcase classname="tests.agents.core.monitoring.visualization.utils.charting.test_palette" name="test_get_chart_colors_extends_with_base_color" time="0.052" /><testcase classname="tests.agents.core.monitoring.visualization.utils.data_processing.test_common_tabular" name="test_data_grouper_skips_missing_keys" time="0.056" /><testcase classname="tests.agents.core.monitoring.visualization.utils.data_processing.test_common_tabular" name="test_nested_dict_utils_flatten_and_extract" time="0.056" /><testcase classname="tests.agents.core.monitoring.visualization.utils.data_processing.test_common_tabular" name="test_pivot_table_builder_returns_expected_matrix" time="0.056" /><testcase classname="tests.agents.core.monitoring.visualization.utils.data_processing.test_facade" name="test_group_by_delegates_to_data_grouper" time="0.053" /><testcase classname="tests.agents.core.monitoring.visualization.utils.data_processing.test_facade" name="test_aggregate_by_time_matches_expected_average" time="0.056" /><testcase classname="tests.agents.core.monitoring.visualization.utils.data_processing.test_facade" name="test_find_anomalies_retains_api" time="0.054" /><testcase classname="tests.agents.core.monitoring.visualization.utils.data_processing.test_facade" name="test_interpolate_missing_points_facade" time="0.054" /><testcase classname="tests.agents.core.monitoring.visualization.utils.data_processing.test_statistics" name="test_find_anomalies_with_zscore" time="0.054" /><testcase classname="tests.agents.core.monitoring.visualization.utils.data_processing.test_statistics" name="test_find_anomalies_with_threshold" time="0.053" /><testcase classname="tests.agents.core.monitoring.visualization.utils.data_processing.test_timeseries" name="test_group_by_time_rounds_to_nearest_interval" time="0.053" /><testcase classname="tests.agents.core.monitoring.visualization.utils.data_processing.test_timeseries" name="test_group_by_day_handles_invalid_timestamps" time="0.054" /><testcase classname="tests.agents.core.monitoring.visualization.utils.data_processing.test_timeseries" name="test_aggregate_by_time_supports_count" time="0.054" /><testcase classname="tests.agents.core.monitoring.visualization.utils.data_processing.test_timeseries" name="test_aggregate_by_time_with_average" time="0.056" /><testcase classname="tests.agents.core.monitoring.visualization.utils.data_processing.test_timeseries" name="test_calculate_percentiles_returns_defaults" time="0.052" /><testcase classname="tests.agents.core.monitoring.visualization.utils.data_processing.test_timeseries" name="test_calculate_distribution_handles_constant_values" time="0.052" /><testcase classname="tests.agents.core.monitoring.visualization.utils.data_processing.test_timeseries" name="test_interpolate_missing_points_fills_gaps" time="0.050" /><testcase classname="tests.agents.core.monitoring.visualization.utils.data_processing.test_timeseries" name="test_interpolate_missing_points_respects_custom_range" time="0.052" /><testcase classname="tests.agents.core.test_agent_template" name="test_agent_start_stop_and_metrics" time="0.104" /><testcase classname="tests.agents.core.test_agent_template" name="test_ensure_eventbus_subscription_background" time="0.154" /><testcase classname="tests.agents.core.test_agent_template" name="test_agent_error_metric_increments" time="0.104" /><testcase classname="tests.agents.core.test_agent_template" name="test_agent_uses_mocked_event_bus" time="0.103" /><testcase classname="tests.agents.core.test_agent_template" name="test_filter_resubscribe_via_ws_json_control" time="0.000"><skipped type="pytest.skip" message="WS JSON control channel for resubscribe not implemented yet">/home/founder/jarvis2/tests/agents/core/test_agent_template.py:126: WS JSON control channel for resubscribe not implemented yet</skipped></testcase><testcase classname="tests.agents.core.test_context" name="test_init_ephemeral_idempotent" time="0.057" /><testcase classname="tests.agents.core.test_context" name="test_get_state_store_lazy_init" time="0.051" /><testcase classname="tests.agents.core.test_context" name="test_get_event_bus_lazily_initializes_without_env" time="0.050" /><testcase classname="tests.agents.core.test_context" name="test_get_event_bus_respects_event_buffer_size_env" time="0.053" /><testcase classname="tests.agents.core.test_context" name="test_get_event_bus_reuses_builtins" time="0.054" /><testcase classname="tests.agents.core.test_context" name="test_init_store_enables_event_bridge_and_emits" time="0.058" /><testcase classname="tests.agents.core.test_context" name="test_bridge_respects_state_emit_hooks_disabled" time="0.254" /><testcase classname="tests.agents.core.test_context" name="test_persist_true_no_running_loop_starts_no_timer" time="0.052" /><testcase classname="tests.agents.core.test_context" name="test_persist_true_with_env_path_starts_timer_and_cancel" time="0.055" /><testcase classname="tests.agents.core.test_context" name="test_enable_events_without_bridge_no_emission" time="0.254" /><testcase classname="tests.agents.core.test_context" name="test_bridge_hook_error_resilience" time="0.049" /><testcase classname="tests.agents.core.test_context" name="test_get_event_bus_enable_events_logging_path" time="0.049" /><testcase classname="tests.agents.core.test_context" name="test_bridge_only_env_triggers_bus_and_emits" time="0.050" /><testcase classname="tests.agents.core.test_context" name="test_builtins_wrong_type_is_overwritten_in_init" time="0.049" /><testcase classname="tests.agents.core.test_context" name="test_snapshot_interval_minimum" time="0.050" /><testcase classname="tests.agents.core.test_context" name="test_periodic_snapshot_invokes_persist" time="1.254" /><testcase classname="tests.agents.core.test_context" name="test_init_state_store_reuses_builtins_bus" time="0.050" /><testcase classname="tests.agents.core.test_context_events_bridge" name="test_ensure_events_bridge_idempotent_and_emits_on_change" time="0.053" /><testcase classname="tests.agents.core.test_context_events_bridge" name="test_ensure_events_bridge_off_when_env_missing" time="0.055" /><testcase classname="tests.agents.core.test_core_intent_router" name="test_classify_defaults_to_general_qa_when_no_match" time="0.053" /><testcase classname="tests.agents.core.test_core_intent_router" name="test_python_keywords_map_to_python_coding_without_rag[Write a python function to add two numbers]" time="0.054" /><testcase classname="tests.agents.core.test_core_intent_router" name="test_python_keywords_map_to_python_coding_without_rag[Design a Python class for a cache]" time="0.053" /><testcase classname="tests.agents.core.test_core_intent_router" name="test_python_keywords_map_to_python_coding_without_rag[python function class]" time="0.051" /><testcase classname="tests.agents.core.test_core_intent_router" name="test_documentation_keywords_enable_rag[Create an API spec for the new endpoint]" time="0.052" /><testcase classname="tests.agents.core.test_core_intent_router" name="test_documentation_keywords_enable_rag[Where is the swagger doc for this API?]" time="0.054" /><testcase classname="tests.agents.core.test_core_intent_router" name="test_documentation_keywords_enable_rag[endpoint spec api swagger]" time="0.049" /><testcase classname="tests.agents.core.test_core_intent_router" name="test_scoring_prefers_higher_count_task" time="0.048" /><testcase classname="tests.agents.core.test_core_intent_router" name="test_tie_break_is_deterministic_prefers_first_encountered" time="0.049" /><testcase classname="tests.agents.core.test_core_intent_router" name="test_confidence_is_zero_for_no_match" time="0.050" /><testcase classname="tests.agents.core.test_core_intent_router" name="test_configured_patterns_override" time="0.050" /><testcase classname="tests.agents.core.test_event_bus_edges" name="test_subscribe_requires_running_loop" time="0.051" /><testcase classname="tests.agents.core.test_event_bus_edges" name="test_publish_with_bad_filter_does_not_break_and_is_skipped" time="0.102" /><testcase classname="tests.agents.core.test_event_bus_edges" name="test_unsubscribe_handles_closed_loop_best_effort" time="0.050" /><testcase classname="tests.agents.core.test_event_bus_edges" name="test_close_handles_closed_loop_on_signal" time="0.049" /><testcase classname="tests.agents.core.test_event_bus_edges" name="test_recent_match_with_bad_filter_is_safe_and_returns_none" time="0.049" /><testcase classname="tests.agents.core.test_event_bus_edges" name="test_subscribe_with_unsupported_policy_warns_and_uses_drop_oldest" time="0.050" /><testcase classname="tests.agents.core.test_event_filter_validation" name="test_validate_filter_accepts_none_topics" time="0.050" /><testcase classname="tests.agents.core.test_event_filter_validation" name="test_validate_filter_rejects_empty_topics" time="0.050" /><testcase classname="tests.agents.core.test_event_filter_validation" name="test_validate_filter_rejects_empty_topic_string" time="0.050" /><testcase classname="tests.agents.core.test_event_filter_validation" name="test_validate_filter_rejects_empty_namespace_prefix" time="0.049" /><testcase classname="tests.agents.core.test_event_filter_validation" name="test_validate_filter_rejects_bad_regex" time="0.050" /><testcase classname="tests.agents.core.test_event_filter_validation" name="test_validate_filter_compiles_regex" time="0.052" /><testcase classname="tests.agents.core.test_events_filter" name="test_event_model_basic_and_extra_fields" time="0.054" /><testcase classname="tests.agents.core.test_events_filter" name="test_eventtopic_is_string_enum" time="0.051" /><testcase classname="tests.agents.core.test_events_filter" name="test_filter_matches_by_topic_exact_and_set" time="0.051" /><testcase classname="tests.agents.core.test_events_filter" name="test_filter_matches_namespace_prefix" time="0.052" /><testcase classname="tests.agents.core.test_events_filter" name="test_filter_key_regex_matching" time="0.053" /><testcase classname="tests.agents.core.test_events_filter" name="test_filter_empty_criteria_matches_all" time="0.051" /><testcase classname="tests.agents.core.test_events_filter" name="test_filter_combined_all_conditions" time="0.051" /><testcase classname="tests.agents.core.test_events_filter" name="test_filter_non_matching_any_condition" time="0.051" /><testcase classname="tests.agents.core.test_events_filter" name="test_filter_invalid_regex_raises" time="0.059" /><testcase classname="tests.agents.core.test_events_filter" name="test_filter_topics_is_frozenset_immutable" time="0.056" /><testcase classname="tests.agents.core.test_events_filter_additional" name="test_filter_allows_empty_criteria_and_blocks_nonmatching" time="0.051" /><testcase classname="tests.agents.core.test_import_neutrality_core" name="test_jarvis_api_import_neutrality" time="0.063" /><testcase classname="tests.agents.core.test_intent_router_backward_compat" name="test_negative_token_only_yields_general_and_no_rag" time="0.051" /><testcase classname="tests.agents.core.test_intent_router_backward_compat" name="test_negative_token_subtracts_but_positive_enables_rag" time="0.050" /><testcase classname="tests.agents.core.test_intent_router_backward_compat" name="test_legacy_schema_warns_only_once" time="0.050" /><testcase classname="tests.agents.core.test_intent_router_backward_compat" name="test_python_coding_rag_off_guard" time="0.050" /><testcase classname="tests.agents.core.test_intent_router_backward_compat" name="test_env_vs_arg_precedence_policy_and_topk" time="0.051" /><testcase classname="tests.agents.core.test_intent_router_phase1" name="test_unicode_normalization_enables_matches_casefold" time="0.054" /><testcase classname="tests.agents.core.test_intent_router_phase1" name="test_deterministic_tiebreaker_with_priority" time="0.050" /><testcase classname="tests.agents.core.test_intent_router_phase1" name="test_rag_gating_threshold_and_no_match_disable" time="0.050" /><testcase classname="tests.agents.core.test_intent_router_phase1" name="test_config_ttl_reload_on_mtime" time="0.061" /><testcase classname="tests.agents.core.test_intent_router_phase1" name="test_classify_debug_returns_details" time="0.050" /><testcase classname="tests.agents.core.test_intent_router_phase2" name="test_boundary_aware_reduces_false_positive_api_in_capillary" time="0.049" /><testcase classname="tests.agents.core.test_intent_router_phase2" name="test_token_weights_influence_outcome" time="0.049" /><testcase classname="tests.agents.core.test_intent_router_phase2" name="test_confidence_policies_emit_unit_interval[coverage-expect_range0]" time="0.049" /><testcase classname="tests.agents.core.test_intent_router_phase2" name="test_confidence_policies_emit_unit_interval[max_count-expect_range1]" time="0.050" /><testcase classname="tests.agents.core.test_intent_router_phase2" name="test_confidence_policies_emit_unit_interval[margin-expect_range2]" time="0.050" /><testcase classname="tests.agents.core.test_intent_router_phase2" name="test_topk_candidates_sorted_and_limited" time="0.052" /><testcase classname="tests.agents.core.test_intent_router_phase2" name="test_boundary_aware_matches_token_with_trailing_punctuation" time="0.054" /><testcase classname="tests.agents.core.test_intent_router_phase2" name="test_boundary_aware_matches_token_with_leading_punctuation" time="0.051" /><testcase classname="tests.agents.core.test_intent_router_phase3" name="test_config_loads_versioned_inline_and_file" time="0.049" /><testcase classname="tests.agents.core.test_intent_router_phase3" name="test_invalid_entries_fall_back_to_builtins" time="0.049" /><testcase classname="tests.agents.core.test_intent_router_phase3" name="test_cache_mtime_reload_and_ttl" time="0.053" /><testcase classname="tests.agents.core.test_intent_router_phase3" name="test_optional_liberal_max_tokens_cap" time="0.050" /><testcase classname="tests.agents.core.test_intent_router_phase3" name="test_boundary_vs_substring_toggle" time="0.050" /><testcase classname="tests.agents.core.test_intent_router_phase3" name="test_tie_break_priority_is_deterministic" time="0.050" /><testcase classname="tests.agents.core.test_intent_router_phase3" name="test_confidence_coverage_exact" time="0.049" /><testcase classname="tests.agents.core.test_intent_router_phase3" name="test_confidence_policies_expected_values" time="0.049" /><testcase classname="tests.agents.core.test_intent_router_phase3" name="test_rag_gating_thresholds" time="0.049" /><testcase classname="tests.agents.core.test_intent_router_phase3" name="test_concurrency_debug_payloads_are_request_scoped" time="0.050" /><testcase classname="tests.agents.core.test_intent_router_phase3" name="test_performance_compiled_regex_path_is_not_worse" time="0.000"><skipped type="pytest.skip" message="Performance check disabled by default">/home/founder/jarvis2/tests/agents/core/test_intent_router_phase3.py:262: Performance check disabled by default</skipped></testcase><testcase classname="tests.agents.core.test_messaging_adapter_compat" name="test_compat_subscribe_publish_sync_handler" time="0.102" /><testcase classname="tests.agents.core.test_messaging_adapter_compat" name="test_compat_subscribe_publish_async_handler" time="0.100" /><testcase classname="tests.agents.core.test_messaging_adapter_compat" name="test_compat_unsubscribe_stops_sync_handler" time="0.170" /><testcase classname="tests.agents.core.test_messaging_adapter_compat" name="test_compat_unsubscribe_stops_async_handler" time="0.182" /><testcase classname="tests.agents.core.test_messaging_adapter_compat" name="test_compat_once_true_delivers_only_first" time="0.130" /><testcase classname="tests.agents.core.test_messaging_adapter_compat" name="test_compat_type_filter_predicate" time="0.110" /><testcase classname="tests.agents.core.test_messaging_adapter_compat" name="test_compat_unsubscribe_is_idempotent" time="0.170" /><testcase classname="tests.agents.core.test_missions_archive_complete_overdue_summary" name="test_archive_completed_moves_only_completed_and_announces" time="0.049" /><testcase classname="tests.agents.core.test_missions_archive_complete_overdue_summary" name="test_archive_completed_no_completed" time="0.050" /><testcase classname="tests.agents.core.test_missions_archive_complete_overdue_summary" name="test_archive_completed_pluralization" time="0.053" /><testcase classname="tests.agents.core.test_missions_archive_complete_overdue_summary" name="test_mark_complete_matches_and_writes" time="0.050" /><testcase classname="tests.agents.core.test_missions_archive_complete_overdue_summary" name="test_mark_complete_no_match" time="0.049" /><testcase classname="tests.agents.core.test_missions_archive_complete_overdue_summary" name="test_mark_complete_skips_completed_and_non_tasks" time="0.049" /><testcase classname="tests.agents.core.test_missions_archive_complete_overdue_summary" name="test_get_overdue_and_speak_report" time="0.052" /><testcase classname="tests.agents.core.test_missions_archive_complete_overdue_summary" name="test_overdue_report_no_overdue" time="0.050" /><testcase classname="tests.agents.core.test_missions_archive_complete_overdue_summary" name="test_overdue_report_many_overdue" time="0.055" /><testcase classname="tests.agents.core.test_missions_archive_complete_overdue_summary" name="test_overdue_sorted_and_invalid_dates_ignored" time="0.051" /><testcase classname="tests.agents.core.test_missions_archive_complete_overdue_summary" name="test_summarize_and_speak_summary" time="0.051" /><testcase classname="tests.agents.core.test_missions_archive_complete_overdue_summary" name="test_summary_empty_and_error_paths" time="0.049" /><testcase classname="tests.agents.core.test_missions_archive_complete_overdue_summary" name="test_speak_summary_empty_branches" time="0.050" /><testcase classname="tests.agents.core.test_missions_archive_complete_overdue_summary" name="test_mission_summary_invalid_date_and_time_paths" time="0.050" /><testcase classname="tests.agents.core.test_missions_scheduler" name="test_check_due_today_true_false" time="0.051" /><testcase classname="tests.agents.core.test_missions_scheduler" name="test_check_reminder_now_window" time="0.049" /><testcase classname="tests.agents.core.test_missions_scheduler" name="test_main_runs_single_tick_and_sleeps" time="0.049" /><testcase classname="tests.agents.core.test_missions_scheduler" name="test_scheduler_load_missions_missing_and_bad_json" time="0.049" /><testcase classname="tests.agents.core.test_missions_scheduler" name="test_check_due_today_and_reminder_bad_values" time="0.050" /><testcase classname="tests.agents.core.test_missions_scheduler" name="test_main_announces_due_and_reminder_and_dedup" time="0.050" /><testcase classname="tests.agents.core.test_model_catalog" name="test_model_patterns_include_new_families" time="0.050" /><testcase classname="tests.agents.core.test_model_catalog" name="test_guess_family_variants" time="0.051" /><testcase classname="tests.agents.core.test_model_metrics" name="test_model_metrics_creates_db_and_tables" time="0.069" /><testcase classname="tests.agents.core.test_model_metrics" name="test_log_usage_and_aggregate" time="0.117" /><testcase classname="tests.agents.core.test_model_registry" name="test_scan_models_and_getters" time="0.050" /><testcase classname="tests.agents.core.test_model_registry" name="test_run_inference_with_stats_tracks_metrics" time="0.051" /><testcase classname="tests.agents.core.test_model_registry" name="test_track_error_and_performance_report" time="0.056" /><testcase classname="tests.agents.core.test_model_registry" name="test_monitor_gpu_usage_parsing_and_failure" time="0.052" /><testcase classname="tests.agents.core.test_model_registry" name="test_healthcheck_happy_path" time="0.052" /><testcase classname="tests.agents.core.test_model_registry" name="test_calculate_similarity_basic" time="0.051" /><testcase classname="tests.agents.core.test_model_registry" name="test_optimize_model_usage_selection" time="0.051" /><testcase classname="tests.agents.core.test_model_registry" name="test_get_quantization_info_unknown" time="0.050" /><testcase classname="tests.agents.core.test_model_registry" name="test_scan_models_additional_patterns" time="0.049" /><testcase classname="tests.agents.core.test_model_registry" name="test_analyze_prompt_categories" time="0.050" /><testcase classname="tests.agents.core.test_model_registry" name="test_track_inference_saves_every_10" time="0.051" /><testcase classname="tests.agents.core.test_model_registry" name="test_track_error_high_rate_warning" time="0.052" /><testcase classname="tests.agents.core.test_model_registry" name="test_save_system_metrics_with_psutil" time="0.082" /><testcase classname="tests.agents.core.test_model_registry" name="test_run_model_benchmark_error_cases" time="0.052" /><testcase classname="tests.agents.core.test_model_registry" name="test_get_model_performance_report_all" time="0.056" /><testcase classname="tests.agents.core.test_model_registry" name="test_initialize_data_directories_creates_readmes" time="0.052" /><testcase classname="tests.agents.core.test_model_registry" name="test_best_model_creative_and_general_tasks" time="0.057" /><testcase classname="tests.agents.core.test_model_registry" name="test_quantization_info_match_and_guess_family" time="0.056" /><testcase classname="tests.agents.core.test_model_registry" name="test_estimate_model_vram_q4" time="0.054" /><testcase classname="tests.agents.core.test_model_registry" name="test_get_model_capabilities_unknown" time="0.052" /><testcase classname="tests.agents.core.test_model_registry" name="test_get_model_performance_report_specific_missing" time="0.056" /><testcase classname="tests.agents.core.test_model_registry" name="test_best_general_model_fallback_to_first" time="0.057" /><testcase classname="tests.agents.core.test_model_registry" name="test_healthcheck_model_file_missing_warns" time="0.053" /><testcase classname="tests.agents.core.test_model_registry" name="test_run_inference_with_stats_timeout_error" time="0.052" /><testcase classname="tests.agents.core.test_model_registry" name="test_model_scores_invalid_last_used" time="0.051" /><testcase classname="tests.agents.core.test_model_registry" name="test_scan_models_unknown_skipped" time="0.051" /><testcase classname="tests.agents.core.test_model_registry" name="test_scan_models_skip_existing" time="0.052" /><testcase classname="tests.agents.core.test_model_registry" name="test_estimate_model_vram_other_quant" time="0.053" /><testcase classname="tests.agents.core.test_model_registry" name="test_module_main_block_executes_with_runpy" time="0.055" /><testcase classname="tests.agents.core.test_model_registry" name="test_monitor_gpu_usage_exception_path" time="0.051" /><testcase classname="tests.agents.core.test_model_registry" name="test_best_model_for_prompt_general_qa" time="0.051" /><testcase classname="tests.agents.core.test_model_registry" name="test_parse_nvidia_smi_malformed_line" time="0.050" /><testcase classname="tests.agents.core.test_model_registry" name="test_estimate_model_vram_quant_none" time="0.050" /><testcase classname="tests.agents.core.test_model_registry" name="test_healthcheck_missing_dir_and_llama" time="0.052" /><testcase classname="tests.agents.core.test_model_registry" name="test_detect_available_vram_default_error" time="0.055" /><testcase classname="tests.agents.core.test_model_registry" name="test_instrumentation_writer_labels" time="0.055" /><testcase classname="tests.agents.core.test_model_registry" name="test_registry_persistence_loads_from_file" time="0.055" /><testcase classname="tests.agents.core.test_model_registry" name="test_load_models_metadata_and_defaults" time="0.055" /><testcase classname="tests.agents.core.test_model_registry" name="test_run_inference_variants" time="0.056" /><testcase classname="tests.agents.core.test_model_registry" name="test_run_inference_with_stats_error_paths" time="0.058" /><testcase classname="tests.agents.core.test_model_registry" name="test_scan_models_detects_nemotron_and_arch_agent" time="0.056" /><testcase classname="tests.agents.core.test_model_registry" name="test_load_models_metadata_override_for_new_models" time="0.056" /><testcase classname="tests.agents.core.test_model_registry" name="test_guess_family_new_models" time="0.056" /><testcase classname="tests.agents.core.test_model_registry" name="test_save_and_load_inference_stats" time="0.055" /><testcase classname="tests.agents.core.test_model_registry" name="test_benchmarks_and_metrics_io" time="1.056" /><testcase classname="tests.agents.core.test_model_registry" name="test_detect_available_vram_and_loaded_models_usage" time="0.051" /><testcase classname="tests.agents.core.test_model_registry" name="test_model_scoring_sort_and_selection" time="0.054" /><testcase classname="tests.agents.core.test_model_registry" name="test_get_best_model_for_task_scoring_mode" time="0.053" /><testcase classname="tests.agents.core.test_model_scoring_edges" name="test_zero_inference_time_and_fallback_tokens_per_second" time="0.052" /><testcase classname="tests.agents.core.test_model_scoring_edges" name="test_missing_stats_candidate_is_handled" time="0.052" /><testcase classname="tests.agents.core.test_model_scoring_edges" name="test_deterministic_tie_breaker_on_equal_scores" time="0.052" /><testcase classname="tests.agents.core.test_model_selection_scoring" name="test_scoring_prefers_strength_match[python_coding-code]" time="0.052" /><testcase classname="tests.agents.core.test_model_selection_scoring" name="test_scoring_prefers_strength_match[documentation-doc]" time="0.053" /><testcase classname="tests.agents.core.test_model_selection_scoring" name="test_scoring_penalizes_unavailable" time="0.051" /><testcase classname="tests.agents.core.test_models_cli" name="test_models_cli_refresh_list_health_run" time="0.058" /><testcase classname="tests.agents.core.test_models_cli" name="test_models_cli_parser_and_main_help" time="0.055" /><testcase classname="tests.agents.core.test_models_cli" name="test_models_cli_benchmark_and_optimize" time="0.052" /><testcase classname="tests.agents.core.test_persistence" name="test_snapshot_and_restore_roundtrip" time="0.055" /><testcase classname="tests.agents.core.test_persistence" name="test_restore_preserves_max_version" time="0.054" /><testcase classname="tests.agents.core.test_state_cache_invalidation" name="test_ui_paths_for_key_mappings_and_dedup" time="0.051" /><testcase classname="tests.agents.core.test_state_cache_invalidation" name="test_install_bridge_attaches_and_invalidates" time="0.050" /><testcase classname="tests.agents.core.test_state_cache_invalidation" name="test_get_invalidator_dynamic_resolution" time="0.053" /><testcase classname="tests.agents.core.test_state_cache_invalidation" name="test_bridge_ignores_non_statekey" time="0.051" /><testcase classname="tests.agents.core.test_state_cache_invalidation" name="test_install_bridge_no_middleware_attached" time="0.051" /><testcase classname="tests.agents.core.test_state_events" name="test_emit_one_event_per_set" time="0.054" /><testcase classname="tests.agents.core.test_state_events" name="test_deleted_emits_state_deleted" time="0.053" /><testcase classname="tests.agents.core.test_state_events" name="test_respect_disable_flag" time="0.251" /><testcase classname="tests.agents.core.test_state_pubsub" name="test_wire_roundtrip_includes_expected_fields" time="0.049" /><testcase classname="tests.agents.core.test_state_pubsub" name="test_from_wire_handles_missing_key_with_defaults" time="0.048" /><testcase classname="tests.agents.core.test_state_pubsub" name="test_to_wire_accepts_dict_key_and_optional_fields" time="0.051" /><testcase classname="tests.agents.core.test_state_pubsub" name="test_start_publishes_on_local_change" time="0.112" /><testcase classname="tests.agents.core.test_state_pubsub" name="test_start_skips_when_connect_fails" time="0.055" /><testcase classname="tests.agents.core.test_state_pubsub" name="test_start_handles_subscribe_exception_still_starts_thread" time="0.119" /><testcase classname="tests.agents.core.test_state_pubsub" name="test_subscriber_loop_calls_invalidator_for_foreign_origin" time="0.112" /><testcase classname="tests.agents.core.test_state_pubsub" name="test_stop_is_graceful_when_not_started" time="0.050" /><testcase classname="tests.agents.core.test_state_pubsub" name="test_setup_state_pubsub_enables_with_env_and_store" time="0.055" /><testcase classname="tests.agents.core.test_state_pubsub" name="test_setup_state_pubsub_no_env_noop" time="0.050" /><testcase classname="tests.agents.core.test_state_pubsub" name="test_setup_state_pubsub_env_but_no_store" time="0.052" /><testcase classname="tests.agents.core.test_state_pubsub" name="test_subscriber_loop_handles_bytes_and_malformed" time="0.113" /><testcase classname="tests.agents.core.test_state_store" name="test_set_get_version_monotonic" time="0.053" /><testcase classname="tests.agents.core.test_state_store" name="test_update_cas_conflict" time="0.055" /><testcase classname="tests.agents.core.test_state_store" name="test_delete_and_notfound" time="0.056" /><testcase classname="tests.agents.core.test_state_store" name="test_list_by_namespace_and_prefix" time="0.054" /><testcase classname="tests.agents.core.test_state_store" name="test_change_hooks_called_and_unsubscribe" time="0.052" /><testcase classname="tests.agents.core.test_state_store_bridge_and_persistence" name="test_cas_success_and_conflict" time="0.055" /><testcase classname="tests.agents.core.test_state_store_bridge_and_persistence" name="test_change_hooks_with_and_without_event_bridge" time="0.053" /><testcase classname="tests.agents.core.test_state_store_bridge_and_persistence" name="test_bridge_counters_and_backpressure_drop" time="0.153" /><testcase classname="tests.agents.core.test_state_store_bridge_and_persistence" name="test_persist_restore_smoke_and_utc_check" time="0.052" /><testcase classname="tests.agents.core.test_state_store_utc_and_cas" name="test_change_record_ts_is_utc_and_monotonic" time="0.054" /><testcase classname="tests.agents.core.test_state_store_utc_and_cas" name="test_cas_semantics_exact_and_plus_one" time="0.049" /><testcase classname="tests.agents.core.test_subproc_stream" name="test_run_cmd_stream_happy_path_and_idle_tick" time="0.612" /><testcase classname="tests.agents.core.test_subproc_stream" name="test_run_cmd_stream_hard_idle_timeout" time="0.310" /><testcase classname="tests.agents.core.test_subscriber" name="test_subscriber_invokes_handler_and_stops_cleanly" time="0.101" /><testcase classname="tests.agents.core.test_subscriber" name="test_subscriber_resilient_to_handler_errors" time="0.150" /><testcase classname="tests.agents.diagnostics.test_diagnostic_probes_and_metrics" name="test_rules_hash_present_metric_and_probe" time="0.668" /><testcase classname="tests.agents.diagnostics.test_diagnostic_probes_and_metrics" name="test_diagnostic_counters_exposed" time="0.631" /><testcase classname="tests.agents.diagnostics.test_diagnostic_probes_and_metrics" name="test_sse_cached_anomaly_flag_is_zero_by_default" time="0.566" /><testcase classname="tests.agents.diagnostics.test_diagnostic_probes_and_metrics" name="test_low_304_rate_probe_heuristic_non_failing" time="0.058" /><testcase classname="tests.agents.diagnostics.test_event_diagnostics_agent" name="test_event_diagnostics_agent_detects_bus_drops" time="0.057" /><testcase classname="tests.agents.interface.chainlit.widgets.test_anomaly_thresholds" name="test_load_anomaly_thresholds_resolves_overrides" time="0.056" /><testcase classname="tests.agents.interface.chainlit.widgets.test_anomaly_thresholds" name="test_load_anomaly_thresholds_invalid_override_logs_and_falls_back" time="0.055" /><testcase classname="tests.agents.interface.chainlit.widgets.test_anomaly_thresholds" name="test_get_anomaly_threshold_map_indexes_by_badge" time="0.056" /><testcase classname="tests.agents.interface.test_export_toolkit" name="test_export_requires_feature_flag" time="0.538" /><testcase classname="tests.agents.interface.test_export_toolkit" name="test_export_json_bundle_with_metadata" time="0.558" /><testcase classname="tests.agents.interface.test_export_toolkit" name="test_export_csv_bundle_compressed" time="0.554" /><testcase classname="tests.agents.interface.test_model_comparison_adapters" name="test_build_model_comparison_payload_happy_path" time="0.062" /><testcase classname="tests.agents.interface.test_model_comparison_adapters" name="test_build_model_comparison_payload_errors_when_missing" time="0.060" /><testcase classname="tests.agents.interface.test_model_comparison_adapters" name="test_build_model_comparison_payload_rejects_non_v2_summaries" time="0.057" /><testcase classname="tests.agents.optimization.test_negative_cache_proposal" name="test_negative_cache_proposal_and_mrp_logging" time="0.053" /><testcase classname="tests.agents.optimization.test_optimization_agent_metrics_and_proposal" name="test_optimization_agent_emits_proposal_and_counters" time="0.051" /><testcase classname="tests.agents.orchestrator.test_agent_factory" name="test_instantiate_agents_injects_config_when_supported" time="0.051" /><testcase classname="tests.agents.orchestrator.test_agent_factory" name="test_instantiate_agents_skips_config_when_not_supported" time="0.050" /><testcase classname="tests.agents.orchestrator.test_agent_factory" name="test_instantiate_agents_respects_dry_run" time="0.050" /><testcase classname="tests.agents.orchestrator.test_agent_factory" name="test_instantiate_agents_fallback_when_missing_module" time="0.050" /><testcase classname="tests.agents.orchestrator.test_agent_factory_instrumentation" name="test_fallback_metric_increments_for_missing_class" time="0.050" /><testcase classname="tests.agents.orchestrator.test_agent_factory_instrumentation" name="test_fallback_metric_increments_on_constructor_exception" time="0.049" /><testcase classname="tests.agents.orchestrator.test_agent_factory_instrumentation" name="test_strict_mode_raises_on_missing_agent" time="0.051" /><testcase classname="tests.agents.orchestrator.test_agent_factory_instrumentation" name="test_dynamic_plugin_registration_injects_config" time="0.051" /><testcase classname="tests.agents.orchestrator.test_bounded_queue" name="test_bounded_queue_drops_oldest_and_enqueues_new" time="0.050" /><testcase classname="tests.agents.orchestrator.test_bounded_queue" name="test_bounded_queue_stats_timestamps_progress_monotonic" time="0.055" /><testcase classname="tests.agents.orchestrator.test_config_deprecated_phase13" name="test_strict_accepts_valid_deprecated_list" time="0.221" /><testcase classname="tests.agents.orchestrator.test_config_deprecated_phase13" name="test_strict_rejects_invalid_deprecated_entries" time="0.050" /><testcase classname="tests.agents.orchestrator.test_config_deprecated_phase13" name="test_lenient_drops_invalid_deprecated_list" time="0.253" /><testcase classname="tests.agents.orchestrator.test_config_deprecated_phase13" name="test_metric_not_incremented_when_absent" time="0.235" /><testcase classname="tests.agents.orchestrator.test_config_deprecated_phase13" name="test_metric_not_incremented_when_empty_list" time="0.240" /><testcase classname="tests.agents.orchestrator.test_config_includes_basic" name="test_include_adds_agents_and_metrics" time="0.050" /><testcase classname="tests.agents.orchestrator.test_config_includes_basic" name="test_include_main_overrides_conflict" time="0.049" /><testcase classname="tests.agents.orchestrator.test_config_includes_basic" name="test_missing_include_lenient_increments_counter" time="0.049" /><testcase classname="tests.agents.orchestrator.test_config_includes_basic" name="test_missing_include_strict_errors" time="0.049" /><testcase classname="tests.agents.orchestrator.test_config_includes_basic" name="test_circular_include_errors_and_counters" time="0.050" /><testcase classname="tests.agents.orchestrator.test_config_includes_basic" name="test_multilevel_precedence" time="0.050" /><testcase classname="tests.agents.orchestrator.test_config_includes_reload_diff" name="test_reload_diff_with_included_file_change" time="0.051" /><testcase classname="tests.agents.orchestrator.test_config_inventory_sync" name="test_all_code_flags_documented" time="0.061" /><testcase classname="tests.agents.orchestrator.test_config_logging_phase8" name="test_load_success_has_agents_total_and_version" time="0.239" /><testcase classname="tests.agents.orchestrator.test_config_logging_phase8" name="test_load_error_emits_config_error_and_config_load" time="0.321" /><testcase classname="tests.agents.orchestrator.test_config_logging_phase8" name="test_reload_success_has_counts_and_totals" time="0.222" /><testcase classname="tests.agents.orchestrator.test_config_logging_phase8" name="test_reload_error_emits_config_error" time="0.388" /><testcase classname="tests.agents.orchestrator.test_config_logging_phase8" name="test_lenient_unknown_keys_only_when_lenient" time="0.051" /><testcase classname="tests.agents.orchestrator.test_config_metrics_phase7" name="test_reload_success_metrics_updates" time="0.051" /><testcase classname="tests.agents.orchestrator.test_config_metrics_phase7" name="test_reload_error_sets_error_flag" time="0.050" /><testcase classname="tests.agents.orchestrator.test_config_metrics_phase7" name="test_lenient_unknown_keys_counter" time="0.053" /><testcase classname="tests.agents.orchestrator.test_config_perf_phase14" name="test_registry_parse_200_agents_under_100ms" time="0.000"><skipped type="pytest.skip" message="ENABLE_HEAVY_TESTS not enabled">/home/founder/jarvis2/tests/agents/orchestrator/test_config_perf_phase14.py:38: ENABLE_HEAVY_TESTS not enabled</skipped></testcase><testcase classname="tests.agents.orchestrator.test_config_perf_phase14" name="test_registry_parse_500_agents_under_120ms" time="0.000"><skipped type="pytest.skip" message="ENABLE_HEAVY_TESTS not enabled">/home/founder/jarvis2/tests/agents/orchestrator/test_config_perf_phase14.py:75: ENABLE_HEAVY_TESTS not enabled</skipped></testcase><testcase classname="tests.agents.orchestrator.test_config_perf_phase14" name="test_registry_parse_distribution_200_agents" time="0.000"><skipped type="pytest.skip" message="ENABLE_HEAVY_TESTS not enabled">/home/founder/jarvis2/tests/agents/orchestrator/test_config_perf_phase14.py:109: ENABLE_HEAVY_TESTS not enabled</skipped></testcase><testcase classname="tests.agents.orchestrator.test_config_redaction_extended_phase12" name="test_pattern_override" time="0.051" /><testcase classname="tests.agents.orchestrator.test_config_redaction_extended_phase12" name="test_hash_mode" time="0.050" /><testcase classname="tests.agents.orchestrator.test_config_redaction_extended_phase12" name="test_allowlist_skips" time="0.050" /><testcase classname="tests.agents.orchestrator.test_config_redaction_extended_phase12" name="test_spike_detection" time="0.054" /><testcase classname="tests.agents.orchestrator.test_config_redaction_extended_phase12" name="test_performance_budget" time="0.056" /><testcase classname="tests.agents.orchestrator.test_config_redaction_extended_phase12" name="test_performance_with_matching" time="0.049" /><testcase classname="tests.agents.orchestrator.test_config_redaction_phase12" name="test_redact_metadata_nested_and_negative_controls" time="0.050" /><testcase classname="tests.agents.orchestrator.test_config_redaction_phase12" name="test_redact_and_count_reports_number" time="0.050" /><testcase classname="tests.agents.orchestrator.test_config_redaction_phase12" name="test_load_and_reload_redaction_in_logs" time="0.236" /><testcase classname="tests.agents.orchestrator.test_config_rollout_phase16" name="test_rollout_disabled_blocks_mutation" time="0.049" /><testcase classname="tests.agents.orchestrator.test_config_rollout_phase16" name="test_rollout_enabled_mutation_disabled" time="0.050" /><testcase classname="tests.agents.orchestrator.test_config_rollout_phase16" name="test_rollout_and_mutation_enabled" time="0.049" /><testcase classname="tests.agents.orchestrator.test_config_rollout_phase16" name="test_unknown_key_counter_stable_across_reloads" time="0.053" /><testcase classname="tests.agents.orchestrator.test_config_rollout_phase16" name="test_gauge_transitions" time="0.050" /><testcase classname="tests.agents.orchestrator.test_eventbus_metrics_exposition" name="test_eventbus_metrics_series_present_and_labeled" time="0.151" /><testcase classname="tests.agents.orchestrator.test_eventbus_metrics_exposition" name="test_orchestrator_emits_queue_and_backoff_metrics" time="0.100" /><testcase classname="tests.agents.orchestrator.test_eventbus_metrics_exposition" name="test_orchestrator_emits_staleness_metric_with_live_supervisor" time="0.107" /><testcase classname="tests.agents.orchestrator.test_loader_override_order" name="test_resolve_registry_path_precedence" time="0.049" /><testcase classname="tests.agents.orchestrator.test_loader_phase4" name="test_path_precedence_env_vs_explicit" time="0.049" /><testcase classname="tests.agents.orchestrator.test_loader_phase4" name="test_path_precedence_env_used_when_no_explicit" time="0.050" /><testcase classname="tests.agents.orchestrator.test_loader_phase4" name="test_resolve_registry_path_default" time="0.049" /><testcase classname="tests.agents.orchestrator.test_loader_phase4" name="test_strict_override_arg_beats_env" time="0.049" /><testcase classname="tests.agents.orchestrator.test_loader_phase4" name="test_return_type_is_registry_model" time="0.050" /><testcase classname="tests.agents.orchestrator.test_loader_phase4" name="test_atomic_failure_no_partial_state" time="0.050" /><testcase classname="tests.agents.orchestrator.test_loader_phase4" name="test_missing_file_raises_config_not_found" time="0.050" /><testcase classname="tests.agents.orchestrator.test_orchestrator_startup_abort_phase5" name="test_startup_abort_on_invalid_registry" time="0.052" /><testcase classname="tests.agents.orchestrator.test_orchestrator_startup_abort_phase5" name="test_startup_missing_file" time="0.052" /><testcase classname="tests.agents.orchestrator.test_parse_timing_cap_and_histogram" name="test_parse_timing_series_capped" time="0.053" /><testcase classname="tests.agents.orchestrator.test_parse_timing_cap_and_histogram" name="test_parse_histogram_opt_in" time="0.055" /><testcase classname="tests.agents.orchestrator.test_registry_mapping" name="test_mapping_form_strict_success" time="0.050" /><testcase classname="tests.agents.orchestrator.test_registry_mapping" name="test_mapping_form_name_override" time="0.049" /><testcase classname="tests.agents.orchestrator.test_registry_mapping" name="test_list_form_backward_compat" time="0.051" /><testcase classname="tests.agents.orchestrator.test_registry_mapping" name="test_missing_version_rejected" time="0.052" /><testcase classname="tests.agents.orchestrator.test_registry_schema" name="test_validate_registry_strict_success" time="0.050" /><testcase classname="tests.agents.orchestrator.test_registry_schema" name="test_missing_required_field_strict" time="0.052" /><testcase classname="tests.agents.orchestrator.test_registry_schema" name="test_missing_required_field_lenient" time="0.053" /><testcase classname="tests.agents.orchestrator.test_registry_schema" name="test_type_mismatch_timeout_strict" time="0.048" /><testcase classname="tests.agents.orchestrator.test_registry_schema" name="test_type_mismatch_timeout_lenient" time="0.048" /><testcase classname="tests.agents.orchestrator.test_registry_schema" name="test_extra_field_strict_rejected" time="0.049" /><testcase classname="tests.agents.orchestrator.test_registry_schema" name="test_extra_field_lenient_dropped" time="0.050" /><testcase classname="tests.agents.orchestrator.test_registry_schema" name="test_strict_rejects_nested_unknown_key" time="0.050" /><testcase classname="tests.agents.orchestrator.test_registry_schema" name="test_lenient_strips_nested_unknown_key" time="0.050" /><testcase classname="tests.agents.orchestrator.test_registry_schema" name="test_lenient_unknown_keys_increment_metrics" time="0.052" /><testcase classname="tests.agents.orchestrator.test_registry_schema" name="test_loader_lenient_unknown_key_logs_warning" time="0.052" /><testcase classname="tests.agents.orchestrator.test_registry_schema" name="test_loader_lenient_nested_unknown_key_logs_warning" time="0.052" /><testcase classname="tests.agents.orchestrator.test_reload_diff" name="test_diff_registries_added_removed_changed" time="0.049" /><testcase classname="tests.agents.orchestrator.test_reload_phase6" name="test_reload_added_agent" time="0.050" /><testcase classname="tests.agents.orchestrator.test_reload_phase6" name="test_reload_removed_agent_quiesce" time="0.050" /><testcase classname="tests.agents.orchestrator.test_reload_phase6" name="test_reload_changed_field" time="0.050" /><testcase classname="tests.agents.orchestrator.test_reload_phase6" name="test_compute_registry_diff_model_vs_dict" time="0.050" /><testcase classname="tests.agents.orchestrator.test_runtime_and_metrics" name="test_staleness_fallback_emits_for_all_declared_agents" time="0.050" /><testcase classname="tests.agents.orchestrator.test_runtime_and_metrics" name="test_load_enabled_agents_from_registry_filters_by_flag" time="0.053" /><testcase classname="tests.agents.orchestrator.test_runtime_and_metrics" name="test_build_orchestrator_metrics_lines_emits_zero_when_absent" time="0.054" /><testcase classname="tests.agents.orchestrator.test_runtime_and_metrics" name="test_build_orchestrator_metrics_lines_with_snapshot" time="0.050" /><testcase classname="tests.agents.orchestrator.test_runtime_and_metrics" name="test_orchestrator_breadcrumb_help_lines_present" time="0.053" /><testcase classname="tests.agents.orchestrator.test_runtime_and_metrics" name="test_staleness_fallback_defaults_to_zero" time="0.052" /><testcase classname="tests.agents.orchestrator.test_schema_hash" name="test_schema_source_hash_matches_constant" time="0.051" /><testcase classname="tests.agents.orchestrator.test_startup_abort" name="test_invalid_registry_startup_abort_missing_key" time="0.050" /><testcase classname="tests.agents.orchestrator.test_startup_abort" name="test_missing_file_raises" time="0.050" /><testcase classname="tests.agents.orchestrator.test_supervisor_start_stop" name="test_supervisor_start_stop_no_agents_metrics_zero" time="0.061" /><testcase classname="tests.agents.repair.test_extended_approvals_logging" name="test_log_mrp_approval_extended_fields" time="0.051" /><testcase classname="tests.agents.repair.test_repair_agent_aider_approval_ui" name="test_export_aider_context_and_ui_snapshot" time="0.065" /><testcase classname="tests.agents.repair.test_repair_agent_aider_approval_ui" name="test_approval_gate_and_token" time="0.048" /><testcase classname="tests.agents.repair.test_repair_agent_aider_approval_ui" name="test_git_hints_enrichment_flag_off" time="0.049" /><testcase classname="tests.agents.repair.test_repair_agent_aider_approval_ui" name="test_mrp_approval_placeholder" time="0.049" /><testcase classname="tests.agents.repair.test_repair_agent_plan_and_artifacts" name="test_compute_repair_plan_maps_findings_and_regressions" time="0.049" /><testcase classname="tests.agents.repair.test_repair_agent_plan_and_artifacts" name="test_write_mrp_and_stage_sandbox" time="0.051" /><testcase classname="tests.agents.repair.test_repair_commit_window" name="test_commit_window_flag_off_noop" time="0.051" /><testcase classname="tests.agents.repair.test_repair_commit_window" name="test_commit_window_flag_on_nonexistent_path_safe" time="0.050" /><testcase classname="tests.agents.repair.test_repair_orchestrator_and_ui" name="test_repair_agent_flag_off_no_side_effects" time="0.133" /><testcase classname="tests.agents.repair.test_repair_orchestrator_and_ui" name="test_repair_ui_endpoint_flagged" time="0.648" /><testcase classname="tests.agents.repair.test_repair_orchestrator_and_ui" name="test_repair_ui_endpoint_404_when_disabled" time="0.722" /><testcase classname="tests.agents.repair.test_repair_orchestrator_tight_loop" name="test_orchestrator_runs_repair_agent_and_updates_snapshot" time="2.305" /><testcase classname="tests.agents.service_management.test_acceptance_timing" name="test_acceptance_timing_fast_start" time="1.347" /><testcase classname="tests.agents.service_management.test_agents_metrics_exposition" name="test_lifecycle_agents_enabled_metric_present" time="0.078" /><testcase classname="tests.agents.service_management.test_agents_start_phase" name="test_agents_start_skipped_with_no_agents_flag" time="0.972" /><testcase classname="tests.agents.service_management.test_agents_start_phase" name="test_agents_start_enabled_flags" time="0.972" /><testcase classname="tests.agents.service_management.test_agents_start_phase_unit" name="test_run_agents_start_when_skip_flag" time="0.053" /><testcase classname="tests.agents.service_management.test_agents_start_phase_unit" name="test_run_agents_start_when_flags_enabled" time="0.076" /><testcase classname="tests.agents.service_management.test_agents_start_phase_unit" name="test_run_agents_start_when_no_flags" time="0.051" /><testcase classname="tests.agents.service_management.test_cache_warm_filters_and_timeout" name="test_cache_warm_include_exclude[negative_cache_selfcheck--expect_present0-expect_absent0]" time="1.219" /><testcase classname="tests.agents.service_management.test_cache_warm_filters_and_timeout" name="test_cache_warm_include_exclude[-embedding_viability_probe-expect_present1-expect_absent1]" time="1.209" /><testcase classname="tests.agents.service_management.test_cache_warm_filters_and_timeout" name="test_cache_warm_per_warmer_timeout" time="1.238" /><testcase classname="tests.agents.service_management.test_cache_warm_metrics_exposition" name="test_per_warmer_metrics[success-expect_reason0-lifecycle_warmer_success_total]" time="0.055" /><testcase classname="tests.agents.service_management.test_cache_warm_metrics_exposition" name="test_per_warmer_metrics[failure-expect_reason1-lifecycle_warmer_failure_total]" time="0.053" /><testcase classname="tests.agents.service_management.test_cache_warm_metrics_exposition" name="test_per_warmer_metrics[slow-expect_reason2-lifecycle_warmer_slow_total]" time="0.057" /><testcase classname="tests.agents.service_management.test_cache_warm_phase_unit" name="test_cache_warm_disable_flag" time="0.062" /><testcase classname="tests.agents.service_management.test_cache_warm_phase_unit" name="test_cache_warm_forced_failure" time="0.059" /><testcase classname="tests.agents.service_management.test_cache_warm_phase_unit" name="test_cache_warm_slow" time="0.057" /><testcase classname="tests.agents.service_management.test_lifecycle_hydration_unit" name="test_hydration_merges_degraded_reasons_and_details" time="0.052" /><testcase classname="tests.agents.service_management.test_manifest_validation" name="test_validate_manifest_happy_path" time="0.052" /><testcase classname="tests.agents.service_management.test_manifest_validation" name="test_duplicate_service_name_raises" time="0.052" /><testcase classname="tests.agents.service_management.test_manifest_validation" name="test_unknown_dependency_raises" time="0.051" /><testcase classname="tests.agents.service_management.test_manifest_validation" name="test_cycle_detection_raises" time="0.055" /><testcase classname="tests.agents.service_management.test_manifest_validation" name="test_missing_mandatory_field_raises" time="0.054" /><testcase classname="tests.agents.service_management.test_manifest_validation" name="test_load_manifest_yaml" time="0.053" /><testcase classname="tests.agents.service_management.test_pid_file_plumbing" name="test_pid_file_created_and_removed" time="1.755" /><testcase classname="tests.agents.service_management.test_restart_wrapper" name="test_fail_once_without_restart" time="0.933" /><testcase classname="tests.agents.service_management.test_restart_wrapper" name="test_restart_wrapper_recovers" time="1.789" /><testcase classname="tests.agents.service_management.test_restart_wrapper" name="test_restart_giveup" time="4.121" /><testcase classname="tests.agents.service_management.test_service_start_cache_warm" name="test_cache_warm_success_only_phase" time="0.992" /><testcase classname="tests.agents.service_management.test_service_start_cache_warm" name="test_cache_warm_forced_failure_marks_degraded" time="0.962" /><testcase classname="tests.agents.service_management.test_service_start_cache_warm" name="test_cache_warm_slow_threshold_marks_degraded" time="1.058" /><testcase classname="tests.agents.service_management.test_service_start_cache_warm" name="test_cache_warm_disable_flag_noop" time="1.012" /><testcase classname="tests.agents.service_management.test_service_start_capabilities_artifact" name="test_capabilities_artifact_written" time="1.268" /><testcase classname="tests.agents.service_management.test_service_start_debug_dump" name="test_service_start_debug_dump_cache_warm_only" time="0.987" /><testcase classname="tests.agents.service_management.test_service_start_dry_run" name="test_service_start_dry_run_lists_phases" time="0.913" /><testcase classname="tests.agents.service_management.test_service_start_dry_run_schema" name="test_service_start_dry_run_json_matches_schema_minimal" time="0.917" /><testcase classname="tests.agents.service_management.test_service_start_dynamic_agent_registry" name="test_dynamic_agent_registration" time="1.020" /><testcase classname="tests.agents.service_management.test_service_start_exit_code_policy" name="test_exit_code_policy_constants_stable" time="0.049" /><testcase classname="tests.agents.service_management.test_service_start_exit_code_policy" name="test_exit_code_policy_values_unique_and_range" time="0.049" /><testcase classname="tests.agents.service_management.test_service_start_helpers" name="test_select_port_ephemeral_returns_free_port" time="0.051" /><testcase classname="tests.agents.service_management.test_service_start_helpers" name="test_probe_endpoint_returns_false_for_unbound_port" time="0.053" /><testcase classname="tests.agents.service_management.test_service_start_helpers" name="test_probe_endpoint_success_after_temp_server" time="0.554" /><testcase classname="tests.agents.service_management.test_service_start_instrumentation" name="test_phase_duration_logged[api_start]" time="1.184" /><testcase classname="tests.agents.service_management.test_service_start_instrumentation" name="test_phase_duration_logged[cache_warm]" time="0.941" /><testcase classname="tests.agents.service_management.test_service_start_instrumentation" name="test_warmer_result_lines_present" time="0.994" /><testcase classname="tests.agents.service_management.test_service_start_json_output" name="test_service_start_dry_run_json_basic" time="0.950" /><testcase classname="tests.agents.service_management.test_service_start_json_output" name="test_service_start_dry_run_json_with_manifest_hash" time="0.960" /><testcase classname="tests.agents.service_management.test_service_start_lifecycle_state" name="test_lifecycle_state_agents_and_degraded" time="0.117" /><testcase classname="tests.agents.service_management.test_service_start_lifecycle_state" name="test_lifecycle_state_ready_full_run" time="0.089" /><testcase classname="tests.agents.service_management.test_service_start_list_phases_flag" name="test_service_start_list_phases_flag_text_output" time="0.918" /><testcase classname="tests.agents.service_management.test_service_start_list_phases_flag" name="test_service_start_list_phases_supersedes_dry_run" time="0.925" /><testcase classname="tests.agents.service_management.test_service_start_metrics_tier" name="test_api_start_metrics_tier_enabled_assume_ready_bypass" time="1.163" /><testcase classname="tests.agents.service_management.test_service_start_metrics_tier" name="test_api_start_metrics_tier_probes_and_debug_logging" time="6.089"><skipped type="pytest.skip" message="metrics probe lines absent due to readiness timeout">/home/founder/jarvis2/tests/agents/service_management/test_service_start_metrics_tier.py:52: metrics probe lines absent due to readiness timeout</skipped></testcase><testcase classname="tests.agents.service_management.test_service_start_misc_flags" name="test_service_start_until_phase_text" time="0.982" /><testcase classname="tests.agents.service_management.test_service_start_misc_flags" name="test_service_start_invalid_phase_exit_code" time="0.946" /><testcase classname="tests.agents.service_management.test_service_start_misc_flags" name="test_api_start_success_only_phase" time="1.181" /><testcase classname="tests.agents.service_management.test_service_start_misc_flags" name="test_api_start_timeout_simulated_delay" time="1.919" /><testcase classname="tests.agents.service_management.test_service_start_misc_flags" name="test_service_start_manifest_hash_text" time="0.943" /><testcase classname="tests.agents.service_management.test_service_start_only_flag" name="test_service_start_only_single_phase_text" time="0.933" /><testcase classname="tests.agents.service_management.test_service_start_only_flag" name="test_service_start_only_single_phase_json" time="0.912" /><testcase classname="tests.agents.service_management.test_service_start_phase_timings_until_agents" name="test_until_agents_includes_preflight_cache" time="1.225" /><testcase classname="tests.agents.service_management.test_service_start_phase_trace" name="test_phase_trace_until_agents" time="1.196" /><testcase classname="tests.agents.service_management.test_service_start_preflight" name="test_preflight_only_success" time="0.907" /><testcase classname="tests.agents.service_management.test_service_start_preflight" name="test_preflight_forced_failure_exit_code_10" time="0.937" /><testcase classname="tests.agents.service_management.test_service_start_preflight" name="test_preflight_disk_space_failure_exit_code_10" time="0.939" /><testcase classname="tests.agents.service_management.test_service_start_preflight" name="test_preflight_only_exec_success" time="0.932" /><testcase classname="tests.agents.service_management.test_service_start_preflight_disable" name="test_preflight_disable_env_flags_allows_missing_internal_api_key" time="0.053" /><testcase classname="tests.agents.service_management.test_service_start_preflight_json" name="test_preflight_json_output_structure" time="0.943" /><testcase classname="tests.agents.service_management.test_service_start_preflight_json" name="test_preflight_json_warn_only_downgrade" time="0.944" /><testcase classname="tests.agents.service_management.test_service_start_preflight_json" name="test_preflight_json_failure_exit" time="0.958" /><testcase classname="tests.agents.service_management.test_service_start_preflight_schema" name="test_preflight_json_matches_schema" time="0.949" /><testcase classname="tests.agents.service_management.test_service_start_preflight_timeout" name="test_preflight_per_check_timeout_failure" time="1.006" /><testcase classname="tests.agents.service_management.test_service_start_preflight_timeout" name="test_preflight_per_check_timeout_warn_only" time="1.003" /><testcase classname="tests.agents.service_management.test_service_start_probe_metrics_exposition" name="test_api_start_probe_metrics_exposed" time="6.074"><skipped type="pytest.skip" message="api_start did not reach ready state (no port discovered); skipping metrics probe assertion">/home/founder/jarvis2/tests/agents/service_management/test_service_start_probe_metrics_exposition.py:52: api_start did not reach ready state (no port discovered); skipping metrics probe assertion</skipped></testcase><testcase classname="tests.agents.service_management.test_service_start_shutdown_snapshot" name="test_shutdown_snapshot_written" time="1.828" /><testcase classname="tests.agents.service_management.test_service_start_shutdown_snapshot" name="test_shutdown_timeout_warning" time="5.773" /><testcase classname="tests.agents.service_management.test_service_start_strict_mode" name="test_strict_mode_failure_on_degraded" time="1.337" /><testcase classname="tests.agents.service_management.test_service_start_strict_mode" name="test_strict_mode_success_without_degraded" time="1.344" /><testcase classname="tests.agents.service_management.test_service_start_unified_flag_config" name="test_startup_unified_flag_dataclass_list_phases_equivalence[text]" time="0.918" /><testcase classname="tests.agents.service_management.test_service_start_unified_flag_config" name="test_startup_unified_flag_dataclass_list_phases_equivalence[json]" time="0.911" /><testcase classname="tests.agents.service_management.test_service_start_unified_flag_config" name="test_startup_unified_flag_dataclass_dry_run_json_manifest_hash" time="0.935"><skipped type="pytest.skip" message="manifest loader rejected minimal stub: rc=14 stderr=2025-10-17 07:10:09,292 - chainlit - INFO - Loaded .env file&#10;2025-10-17 07:10:09,685 - service_start - INFO - supervision.mode=internal internal_restart=disabled prod=False supervised=False single_retry=False&#10;2025-10-17 07:10:09,713 - service_start - ERROR - manifest validation failed: service[0] unknown fields: ['kind']">/home/founder/jarvis2/tests/agents/service_management/test_service_start_unified_flag_config.py:69: manifest loader rejected minimal stub: rc=14 stderr=2025-10-17 07:10:09,292 - chainlit - INFO - Loaded .env file
2025-10-17 07:10:09,685 - service_start - INFO - supervision.mode=internal internal_restart=disabled prod=False supervised=False single_retry=False
2025-10-17 07:10:09,713 - service_start - ERROR - manifest validation failed: service[0] unknown fields: ['kind']</skipped></testcase><testcase classname="tests.agents.service_management.test_shutdown_integration" name="test_stay_alive_shutdown_via_signal" time="1.772" /><testcase classname="tests.agents.system.test_diagnostic_agent" name="test_lifecycle_idempotent" time="0.078" /><testcase classname="tests.agents.system.test_diagnostic_agent" name="test_happy_path_processed_counts" time="0.112" /><testcase classname="tests.agents.system.test_diagnostic_agent" name="test_error_path_increments_error_counter_and_continues" time="0.145" /><testcase classname="tests.agents.system.test_diagnostic_agent_last_ts" name="test_last_event_ts_ms_increments_on_publish" time="0.123" /><testcase classname="tests.agents.system.test_registry_and_scheduler" name="test_unknown_agent_activate_returns_none" time="0.050" /><testcase classname="tests.agents.system.test_registry_and_scheduler" name="test_activate_idempotent_and_getters" time="0.049" /><testcase classname="tests.agents.system.test_registry_and_scheduler" name="test_schedule_requires_active" time="0.053" /><testcase classname="tests.agents.system.test_registry_and_scheduler" name="test_schedule_runs_and_stops_on_deactivate" time="0.321" /><testcase classname="tests.agents.system.test_registry_and_scheduler" name="test_deactivate_unknown_returns_false_and_cancel_counts" time="0.049" /><testcase classname="tests.agents.template.test_example_agent" name="test_example_agent_receives_event" time="0.068" /><testcase classname="tests.agents.template.test_queue_worker_agent" name="test_queue_worker_agent_drop_oldest_then_process" time="0.051" /><testcase classname="tests.agents.test_model_metadata_adapter" name="test_with_model_metadata_sets_and_restores_env" time="0.051" /><testcase classname="tests.agents.test_model_metadata_adapter" name="test_attach_model_metadata_decorator_sets_env_and_restores" time="0.051" /><testcase classname="tests.agents.test_mrp_logger" name="test_log_interaction_writes_required_and_optional_fields" time="0.052" /><testcase classname="tests.agents.test_optimization_agent" name="test_import_and_defaults" time="0.052" /><testcase classname="tests.agents.test_optimization_agent" name="test_evaluate_policy_thresholds" time="0.051" /><testcase classname="tests.agents.test_optimization_agent" name="test_evaluate_policy_metrics_branches" time="0.051" /><testcase classname="tests.agents.test_optimization_agent" name="test_subscription_and_coalescing" time="0.303" /><testcase classname="tests.agents.test_optimization_agent" name="test_apply_plan_dry_run_and_emit_controls_toggle" time="0.051" /><testcase classname="tests.agents.test_optimization_agent_apply" name="test_apply_plan_dry_run_records_and_counts" time="0.052" /><testcase classname="tests.agents.test_optimization_agent_apply" name="test_apply_plan_publishes_when_enabled" time="0.052" /><testcase classname="tests.agents.test_state_store_memory" name="test_memory_store_set_get_list_delete" time="0.054" /><testcase classname="tests.agents.test_state_store_memory" name="test_memory_store_subscriptions_emit_change_records" time="0.050" /><testcase classname="tests.agents.test_state_store_persistence" name="test_snapshot_restore_json_round_trip" time="0.056" /><testcase classname="tests.agents.test_state_store_persistence" name="test_json_file_adapter_save_and_load" time="0.052" /><testcase classname="tests.api.metrics.test_orchestrator_fallback" name="test_load_registry_data_json_and_yaml" time="0.050" /><testcase classname="tests.api.metrics.test_orchestrator_fallback" name="test_agent_names_from_registry_with_and_without_flags" time="0.050" /><testcase classname="tests.api.metrics.test_orchestrator_fallback" name="test_emit_default_agent_metrics_shape" time="0.051" /><testcase classname="tests.api.metrics.test_orchestrator_fallback" name="test_emit_fallback_from_registry_path" time="0.051" /><testcase classname="tests.api.metrics.test_restart_delay_metrics" name="test_restart_delay_histogram_lines" time="0.051" /><testcase classname="tests.api.test_agent_config_perf_endpoint" name="test_agent_config_perf_endpoint_returns_percentiles" time="0.211" /><testcase classname="tests.api.test_agent_config_reload_endpoint" name="test_happy_path_reload_add_agent" time="0.145" /><testcase classname="tests.api.test_agent_config_reload_endpoint" name="test_idempotent_second_call_no_changes" time="0.138" /><testcase classname="tests.api.test_agent_config_reload_endpoint" name="test_invalid_path_error" time="0.134" /><testcase classname="tests.api.test_agent_config_reload_endpoint" name="test_unauthorized_missing_key" time="0.140" /><testcase classname="tests.api.test_agent_config_reload_endpoint" name="test_flag_disabled" time="0.133" /><testcase classname="tests.api.test_agent_instance_metrics" name="test_agent_instance_register_heartbeat_metrics_delete" time="0.000"><skipped type="pytest.skip" message="feature flag disabled">/home/founder/jarvis2/tests/api/test_agent_instance_metrics.py:26: feature flag disabled</skipped></testcase><testcase classname="tests.api.test_agent_instance_metrics" name="test_agent_instance_duplicate_register_conflict" time="0.000"><skipped type="pytest.skip" message="feature flag disabled">/home/founder/jarvis2/tests/api/test_agent_instance_metrics.py:75: feature flag disabled</skipped></testcase><testcase classname="tests.api.test_agent_label_metrics" name="test_labeled_agent_metrics_present_and_increment" time="0.829" /><testcase classname="tests.api.test_agent_label_metrics" name="test_labeled_errors_counter_increments_on_handler_error" time="0.891" /><testcase classname="tests.api.test_alerts_router_basic" name="test_alerts_and_rules_monkeypatched" time="0.174" /><testcase classname="tests.api.test_anomaly_badges" name="test_compute_anomaly_badges_triggers_alert" time="0.081" /><testcase classname="tests.api.test_anomaly_badges" name="test_compute_anomaly_badges_insufficient_data" time="0.097" /><testcase classname="tests.api.test_app_factory_guardrails" name="test_factory_builds_app_and_routes_present" time="0.931" /><testcase classname="tests.api.test_app_factory_guardrails" name="test_metrics_emits_mandatory_lines" time="0.866" /><testcase classname="tests.api.test_cache_annotations_scaling" name="test_cache_annotation_discovery_and_scaling" time="1.231" /><testcase classname="tests.api.test_cache_bypass_and_headers" name="test_bypass_via_query_and_headers" time="0.298" /><testcase classname="tests.api.test_cache_bypass_and_headers" name="test_header_bypass_disabled_when_flag_off" time="0.070" /><testcase classname="tests.api.test_cache_headers" name="test_cache_control_present_on_core_endpoints" time="0.079" /><testcase classname="tests.api.test_cache_headers" name="test_etag_optional_and_stable_for_catalog" time="0.064" /><testcase classname="tests.api.test_cache_headers" name="test_etag_toggle_off" time="0.062" /><testcase classname="tests.api.test_cache_hit_then_etag_304" name="test_cache_hit_then_etag_304[/ui/metrics/catalog]" time="0.536" /><testcase classname="tests.api.test_cache_hit_then_etag_304" name="test_cache_hit_then_etag_304[/ui/config]" time="0.071" /><testcase classname="tests.api.test_cache_invariants" name="test_cache_precedence_order" time="0.932" /><testcase classname="tests.api.test_cache_invariants" name="test_sse_bypass_headers_no_304" time="0.571" /><testcase classname="tests.api.test_cache_invariants" name="test_ui_304_sets_x_cache_bypass" time="0.579" /><testcase classname="tests.api.test_cache_invariants" name="test_cross_scope_hit_counter_zero_if_present" time="0.648"><skipped type="pytest.skip" message="cache_cross_scope_hit_total not exported yet">/home/founder/jarvis2/tests/api/test_cache_invariants.py:117: cache_cross_scope_hit_total not exported yet</skipped></testcase><testcase classname="tests.api.test_cache_legacy_deprecation" name="test_legacy_fallback_can_be_disabled" time="0.740" /><testcase classname="tests.api.test_cache_negative_policy" name="test_negative_caching_ttl_fraction_and_refresh" time="1.547" /><testcase classname="tests.api.test_cache_negative_policy" name="test_negative_caching_404_latest_metric_hit_within_ttl_no_304" time="0.836" /><testcase classname="tests.api.test_cache_observability" name="test_cache_metrics_and_sse_bypass_counters" time="1.018" /><testcase classname="tests.api.test_cache_observability" name="test_cache_bypass_reason_counters_increment" time="0.829" /><testcase classname="tests.api.test_charts_endpoint" name="test_resource_usage_charts_schema" time="0.152" /><testcase classname="tests.api.test_classic_endpoints" name="test_chat_returns_502_when_missing_binary_or_model" time="0.057" /><testcase classname="tests.api.test_classic_endpoints" name="test_chat_returns_408_on_timeout" time="0.055" /><testcase classname="tests.api.test_classic_speak_and_rate" name="test_speak_returns_501_when_not_configured" time="0.055" /><testcase classname="tests.api.test_classic_speak_and_rate" name="test_speak_success_when_configured" time="0.055" /><testcase classname="tests.api.test_classic_speak_and_rate" name="test_speak_failure_when_command_errors" time="0.055" /><testcase classname="tests.api.test_classic_speak_and_rate" name="test_speak_base64_returns_501_when_not_configured" time="0.056" /><testcase classname="tests.api.test_classic_speak_and_rate" name="test_speak_base64_success_reads_output_file" time="0.064" /><testcase classname="tests.api.test_classic_speak_and_rate" name="test_speak_base64_returns_500_when_output_missing" time="0.055" /><testcase classname="tests.api.test_classic_speak_and_rate" name="test_rate_limiting_enforced_after_5_requests_when_enabled" time="0.060" /><testcase classname="tests.api.test_classic_speak_and_rate" name="test_rate_limiting_disabled_when_flag_off" time="0.063" /><testcase classname="tests.api.test_diagnostic_agent_metrics" name="test_metrics_expose_diag_counters_when_auto_activated" time="0.776" /><testcase classname="tests.api.test_diagnostic_agent_metrics" name="test_diag_counters_increment_on_event_publish" time="0.963" /><testcase classname="tests.api.test_diagnostic_agent_metrics" name="test_no_value_lines_when_agent_not_active" time="0.790" /><testcase classname="tests.api.test_diagnostic_agent_metrics" name="test_auto_activated_agent_deactivates_on_shutdown" time="0.801" /><testcase classname="tests.api.test_diagnostic_agent_metrics_v2" name="test_metrics_expose_diag_counters_when_auto_activated_v2" time="0.860" /><testcase classname="tests.api.test_diagnostic_agent_metrics_v2" name="test_diag_counters_increment_on_event_publish_v2" time="1.115" /><testcase classname="tests.api.test_diagnostic_agent_metrics_v2" name="test_auto_activated_agent_deactivates_on_shutdown_v2" time="0.775" /><testcase classname="tests.api.test_diagnostic_agent_overrides" name="test_diag_namespace_and_topic_filters_enforced" time="1.409" /><testcase classname="tests.api.test_diagnostic_agent_overrides" name="test_diag_topics_override_blocks_other_topics" time="1.354" /><testcase classname="tests.api.test_diagnostic_metrics_exposure" name="test_metrics_exposes_diag_counters_and_increments" time="0.872" /><testcase classname="tests.api.test_error_envelope" name="test_snapshot_health_error_envelope" time="0.054" /><testcase classname="tests.api.test_error_envelope_extra" name="test_metrics_latest_404_envelope" time="0.054" /><testcase classname="tests.api.test_error_envelope_extra" name="test_rate_limit_429_envelope" time="0.075" /><testcase classname="tests.api.test_eventbus_metrics_exposure" name="test_eventbus_metrics_increments_with_publish_and_sse" time="7.935" /><testcase classname="tests.api.test_events_bus_stats" name="test_events_bus_stats_schema" time="0.066" /><testcase classname="tests.api.test_events_sse" name="test_sse_stream_basic_and_cleanup" time="0.067" /><testcase classname="tests.api.test_events_sse" name="test_sse_receives_emitted_event_minimal" time="0.218" /><testcase classname="tests.api.test_events_sse" name="test_sse_burst_delivery_and_stats_update" time="0.229" /><testcase classname="tests.api.test_events_sse" name="test_sse_stream_burst_via_uvicorn_integration" time="0.060"><skipped type="pytest.skip" message="integration streaming disabled (set RUN_INTEGRATION_STREAM=1 to enable)">/home/founder/jarvis2/tests/api/test_events_sse.py:182: integration streaming disabled (set RUN_INTEGRATION_STREAM=1 to enable)</skipped></testcase><testcase classname="tests.api.test_events_ws" name="test_ws_receives_emitted_event_minimal" time="0.588" /><testcase classname="tests.api.test_events_ws" name="test_ws_burst_delivery_and_stats_update" time="0.585" /><testcase classname="tests.api.test_events_ws" name="test_metrics_rate_limiting" time="0.648" /><testcase classname="tests.api.test_events_ws_acl" name="test_ws_events_resubscribe_acl[dis.allowed-sub_topics0-ok.-False]" time="0.575" /><testcase classname="tests.api.test_events_ws_acl" name="test_ws_events_resubscribe_acl[ok.alpha,ok.beta-sub_topics1-ok.-True]" time="0.591" /><testcase classname="tests.api.test_events_ws_acl" name="test_ws_events_resubscribe_acl[None-sub_topics2-allow.-False]" time="0.569" /><testcase classname="tests.api.test_events_ws_resubscribe" name="test_ws_resubscribe_via_json_control_updates_filter" time="0.637" /><testcase classname="tests.api.test_governance_metrics_exposure" name="test_governance_metrics_counter_increments_for_logged_interaction" time="0.060" /><testcase classname="tests.api.test_health_alerts_ui" name="test_health_endpoints_and_alerts_and_ui_snapshot" time="0.167" /><testcase classname="tests.api.test_health_lifecycle_endpoint" name="test_health_lifecycle_endpoint_session_available" time="1.095" /><testcase classname="tests.api.test_health_lifecycle_endpoint" name="test_health_lifecycle_degraded_details_variants[False-False]" time="1.210" /><testcase classname="tests.api.test_health_lifecycle_endpoint" name="test_health_lifecycle_degraded_details_variants[True-True]" time="1.069" /><testcase classname="tests.api.test_health_lifecycle_endpoint" name="test_startup_debug_dump_contains_phase_timestamps" time="0.967" /><testcase classname="tests.api.test_health_lifecycle_endpoint" name="test_health_lifecycle_etag_304_flow" time="1.049" /><testcase classname="tests.api.test_health_lifecycle_endpoint" name="test_health_lifecycle_etag_304_flow_suppressed" time="1.049" /><testcase classname="tests.api.test_health_router_basic" name="test_health_basic_monkeypatched" time="0.055" /><testcase classname="tests.api.test_health_router_basic" name="test_health_storage_endpoint" time="0.074" /><testcase classname="tests.api.test_health_shims" name="test_health_endpoint_returns_minimal_snapshot" time="0.055" /><testcase classname="tests.api.test_health_shims" name="test_health_summary_endpoint_returns_compact_summary" time="0.058" /><testcase classname="tests.api.test_http_cache_normalize_etag" name="test_normalize_etag_variants[abc123-&quot;abc123&quot;]" time="0.050" /><testcase classname="tests.api.test_http_cache_normalize_etag" name="test_normalize_etag_variants[&quot;abc123&quot;-&quot;abc123&quot;]" time="0.049" /><testcase classname="tests.api.test_http_cache_normalize_etag" name="test_normalize_etag_variants[W/abc123-W/&quot;abc123&quot;]" time="0.049" /><testcase classname="tests.api.test_http_cache_normalize_etag" name="test_normalize_etag_variants[W/ abc123-W/&quot;abc123&quot;]" time="0.052" /><testcase classname="tests.api.test_http_cache_normalize_etag" name="test_normalize_etag_variants[W/&quot;abc123&quot;-W/&quot;abc123&quot;]" time="0.049" /><testcase classname="tests.api.test_http_cache_normalize_etag" name="test_normalize_etag_variants[  W/  &quot;abc123&quot;  -W/&quot;abc123&quot;]" time="0.049" /><testcase classname="tests.api.test_http_cache_normalize_etag" name="test_normalize_etag_variants[-&quot;&quot;]" time="0.049" /><testcase classname="tests.api.test_intent_metrics_exposure" name="test_intent_metrics_exposed_when_enabled" time="0.767" /><testcase classname="tests.api.test_intent_metrics_exposure" name="test_intent_metrics_dedicated_endpoint" time="0.784" /><testcase classname="tests.api.test_internal_events_stats" name="test_internal_events_stats_disabled" time="0.140" /><testcase classname="tests.api.test_internal_events_stats" name="test_internal_events_stats_enabled" time="0.054" /><testcase classname="tests.api.test_invalidation_events" name="test_sidebar_cache_invalidation_on_metric_event" time="0.126" /><testcase classname="tests.api.test_invalidation_metrics" name="test_invalidation_metrics_exposed" time="0.635" /><testcase classname="tests.api.test_invalidation_selective_and_histogram" name="test_selective_invalidation_and_histogram" time="0.681" /><testcase classname="tests.api.test_lifecycle_metrics_contract" name="test_lifecycle_metrics_contract_presence" time="0.061" /><testcase classname="tests.api.test_lifecycle_metrics_exposure" name="test_lifecycle_metrics_lines_basic" time="0.060" /><testcase classname="tests.api.test_lifecycle_metrics_exposure" name="test_ready_timestamp_metric_one_shot" time="0.060" /><testcase classname="tests.api.test_lifecycle_metrics_name_stability" name="test_lifecycle_metric_names_stable" time="0.054" /><testcase classname="tests.api.test_lifespan_bootstrap" name="test_app_boots_and_state_exposed_light_mode" time="0.059" /><testcase classname="tests.api.test_lifespan_component" name="test_lifespan_wires_state_store" time="0.569" /><testcase classname="tests.api.test_lifespan_component" name="test_lifespan_calls_setup_state_pubsub_when_enabled" time="0.609" /><testcase classname="tests.api.test_livez_readyz" name="test_livez_and_readyz_are_fast" time="0.068" /><testcase classname="tests.api.test_memory_builder_base_dir_override" name="test_build_memory_metrics_lines_when_base_dir_overridden" time="0.060" /><testcase classname="tests.api.test_memory_metrics_exposure" name="test_memory_metrics_present_and_sane" time="0.646" /><testcase classname="tests.api.test_metrics_memory_and_cache_fallbacks" name="test_memory_metrics_stamp_fallback" time="0.779" /><testcase classname="tests.api.test_metrics_memory_and_cache_fallbacks" name="test_memory_metrics_index_json_parse_error" time="0.854" /><testcase classname="tests.api.test_metrics_memory_and_cache_fallbacks" name="test_memory_metrics_log_failure_heuristic" time="0.872" /><testcase classname="tests.api.test_metrics_memory_and_cache_fallbacks" name="test_cache_middleware_late_install_does_not_break_metrics" time="0.856" /><testcase classname="tests.api.test_metrics_router_basic" name="test_metrics_schema_version" time="0.154" /><testcase classname="tests.api.test_metrics_router_range_latest" name="test_metrics_range_and_latest_multi" time="0.092" /><testcase classname="tests.api.test_metrics_schema_version_shim" name="test_metrics_schema_version_when_table_absent" time="0.940" /><testcase classname="tests.api.test_metrics_schema_version_shim" name="test_metrics_schema_version_when_table_present" time="1.091" /><testcase classname="tests.api.test_metrics_token_auth" name="test_metrics_requires_token_when_configured" time="0.880" /><testcase classname="tests.api.test_middleware_lifecycle" name="test_cache_middleware_absent_on_raw_fastapi_app" time="0.060" /><testcase classname="tests.api.test_middleware_lifecycle" name="test_cache_middleware_present_after_build" time="0.150" /><testcase classname="tests.api.test_model_selection_histogram_and_endpoint" name="test_model_selection_dedicated_endpoint_and_histogram_lines" time="9.549" /><testcase classname="tests.api.test_model_selection_histogram_and_endpoint" name="test_model_selection_histogram_lines_present_in_metrics" time="2.788" /><testcase classname="tests.api.test_model_selection_metrics_exposure" name="test_model_selection_metrics_exposed_when_chat_autoselects" time="2.796" /><testcase classname="tests.api.test_models_status" name="test_models_status_endpoint_builds" time="0.786" /><testcase classname="tests.api.test_negative_and_invalidation_flow" name="test_negative_alerts_summary_and_invalidation" time="1.063" /><testcase classname="tests.api.test_negative_if_none_match_bypass_guard" name="test_if_none_match_does_not_bypass_negative_paths" time="0.809" /><testcase classname="tests.api.test_optimization_agent_metrics" name="test_no_value_lines_when_opt_agent_not_enabled" time="0.894" /><testcase classname="tests.api.test_optimization_agent_metrics" name="test_opt_metrics_lines_present_when_flag_enabled" time="0.884" /><testcase classname="tests.api.test_optimization_agent_metrics" name="test_opt_counters_increment_on_event_publish" time="1.004" /><testcase classname="tests.api.test_planned_metrics_exposure" name="test_cache_bypass_reason_query" time="0.706" /><testcase classname="tests.api.test_planned_metrics_exposure" name="test_sse_bypass_counter" time="0.639" /><testcase classname="tests.api.test_planned_metrics_exposure" name="test_ui_etag_304_total_increments" time="0.641" /><testcase classname="tests.api.test_planned_metrics_exposure" name="test_metrics_auth_fail_total" time="0.641" /><testcase classname="tests.api.test_planned_metrics_exposure" name="test_metrics_auth_variants_accept_and_reject" time="0.787" /><testcase classname="tests.api.test_readiness_and_realtime_flags" name="test_livez_bypass_increments_cache_bypass_counter" time="0.815" /><testcase classname="tests.api.test_readiness_and_realtime_flags" name="test_realtime_router_included_when_flag_enabled" time="0.826" /><testcase classname="tests.api.test_rollout_flags_toggle_safety" name="test_endpoints_ok_with_all_flags_off" time="1.583" /><testcase classname="tests.api.test_rollout_flags_toggle_safety" name="test_endpoints_ok_with_agent_flag_without_orchestrator" time="1.276" /><testcase classname="tests.api.test_rollout_flags_toggle_safety" name="test_orchestrator_enabled_exposes_orchestrator_metrics" time="0.862" /><testcase classname="tests.api.test_rollout_flags_toggle_safety" name="test_orchestrator_enabled_without_agents_fallback" time="0.863" /><testcase classname="tests.api.test_rollout_flags_toggle_safety" name="test_enabling_micro_agent_flags_keeps_endpoints_ok[ENABLE_MEMORY_REFRESH_AGENT]" time="0.887" /><testcase classname="tests.api.test_rollout_flags_toggle_safety" name="test_enabling_micro_agent_flags_keeps_endpoints_ok[ENABLE_STORAGE_RETENTION_AGENT]" time="0.892" /><testcase classname="tests.api.test_rollout_flags_toggle_safety" name="test_enabling_micro_agent_flags_keeps_endpoints_ok[ENABLE_UI_CONTRACTS_AGENT]" time="0.888" /><testcase classname="tests.api.test_rollout_flags_toggle_safety" name="test_optimization_apply_alone_has_no_effect" time="0.888" /><testcase classname="tests.api.test_route_contract" name="test_route_contract_and_ui_etags" time="0.173" /><testcase classname="tests.api.test_rules_hash_present_metric" name="test_rules_hash_present_metric_exposed_and_one" time="0.672" /><testcase classname="tests.api.test_server_entrypoint_thin" name="test_entrypoint_builds_app_default" time="0.648" /><testcase classname="tests.api.test_server_entrypoint_thin" name="test_entrypoint_builds_app_when_factory_disabled" time="0.673" /><testcase classname="tests.api.test_server_factory_cache_controls" name="test_cache_middleware_installed_by_default" time="0.157" /><testcase classname="tests.api.test_server_factory_cache_controls" name="test_cache_middleware_respects_disable_flag" time="0.188" /><testcase classname="tests.api.test_server_factory_internal_cache_stats" name="test_internal_cache_stats_endpoint_ok" time="0.804" /><testcase classname="tests.api.test_server_factory_internal_cache_stats" name="test_metrics_includes_cache_and_memory_lines" time="0.891" /><testcase classname="tests.api.test_shutdown_metrics" name="test_shutdown_metrics_basic" time="0.152" /><testcase classname="tests.api.test_standards_metrics_exposure" name="test_standards_metrics_basic" time="0.792" /><testcase classname="tests.api.test_startup_middleware" name="test_malformed_path_guard_blocks_encoded_pipes" time="0.149" /><testcase classname="tests.api.test_state_admin_persist" name="test_state_persist_store_unavailable" time="0.721" /><testcase classname="tests.api.test_state_admin_persist" name="test_state_persist_all_vs_list" time="0.836" /><testcase classname="tests.api.test_status_summary_restored" name="test_status_returns_snapshot" time="0.162" /><testcase classname="tests.api.test_status_summary_restored" name="test_summary_returns_last_response_and_uptime" time="0.065" /><testcase classname="tests.api.test_status_summary_restored" name="test_malformed_pipeline_path_returns_400" time="0.055" /><testcase classname="tests.api.test_ui_alerts_summary" name="test_alerts_summary" time="0.091" /><testcase classname="tests.api.test_ui_composites" name="test_ui_config_etag_and_shape" time="0.058" /><testcase classname="tests.api.test_ui_composites" name="test_ui_metrics_catalog_etag_and_shape" time="0.060" /><testcase classname="tests.api.test_ui_composites" name="test_ui_sidebar_snapshot_etag_and_shape" time="0.063" /><testcase classname="tests.api.test_ui_composites_server" name="test_ui_config_with_etag_304" time="0.057" /><testcase classname="tests.api.test_ui_composites_server" name="test_ui_metrics_catalog_with_etag_304" time="0.056" /><testcase classname="tests.api.test_ui_composites_server" name="test_ui_sidebar_snapshot_with_etag_304" time="0.056" /><testcase classname="tests.api.test_ui_config_endpoint" name="test_ui_config_sanitized" time="0.055" /><testcase classname="tests.api.test_ui_dashboard_instrumentation" name="test_dashboard_render_metrics_record_views" time="0.095" /><testcase classname="tests.api.test_ui_dashboard_instrumentation" name="test_dashboard_notify_events_on_errors" time="0.061" /><testcase classname="tests.api.test_ui_data_facade" name="test_build_sidebar_snapshot_basic" time="0.105" /><testcase classname="tests.api.test_ui_data_facade" name="test_build_sidebar_snapshot_sections_toggle" time="0.096" /><testcase classname="tests.api.test_ui_etag_endpoints" name="test_etag_catalog_and_config" time="0.094" /><testcase classname="tests.api.test_ui_metrics_catalog" name="test_metrics_catalog_basic" time="0.129" /><testcase classname="tests.api.test_ui_metrics_catalog" name="test_metrics_contract_doc_lists_advanced_metrics" time="0.054" /><testcase classname="tests.api.test_ui_metrics_catalog" name="test_advanced_metrics_exposed_when_flag_enabled" time="0.156" /><testcase classname="tests.api.test_ui_models" name="test_metric_catalog_entry_defaults" time="0.057" /><testcase classname="tests.api.test_ui_models" name="test_sidebar_snapshot_defaults" time="0.052" /><testcase classname="tests.api.test_ui_models" name="test_alerts_summary_model" time="0.053" /><testcase classname="tests.api.test_ui_performance_dashboard" name="test_build_dashboard_payload_anomaly_states[5.0-alert-1-True]" time="0.540" /><testcase classname="tests.api.test_ui_performance_dashboard" name="test_build_dashboard_payload_anomaly_states[101.0-ok-0-False]" time="0.539" /><testcase classname="tests.api.test_ui_performance_dashboard" name="test_build_dashboard_payload_swallows_toast_errors" time="0.546" /><testcase classname="tests.api.test_ui_schema_endpoint" name="test_ui_schema_contract_payload" time="0.066" /><testcase classname="tests.api.test_ui_schema_versions" name="test_historical_trend_serialization_latest_and_legacy" time="0.061" /><testcase classname="tests.api.test_ui_schema_versions" name="test_model_comparison_serialization_and_validation" time="0.061" /><testcase classname="tests.api.test_ui_schema_versions" name="test_performance_dashboard_serialization_and_legacy" time="0.059" /><testcase classname="tests.api.test_ui_sidebar_snapshot" name="test_full_snapshot_and_since_hash" time="0.122" /><testcase classname="tests.api.test_ui_sidebar_snapshot" name="test_alerts_only" time="0.111" /><testcase classname="tests.api.test_ui_sidebar_snapshot" name="test_etag_304" time="0.112" /><testcase classname="tests.api.test_ui_snapshot_etag_strength" name="test_snapshot_etag_is_weak_when_health_included" time="0.064" /><testcase classname="tests.api.test_ui_snapshot_etag_strength" name="test_snapshot_etag_is_strong_when_health_excluded" time="0.088" /><testcase classname="tests.api.test_ui_snapshot_sincehash_omit" name="test_snapshot_since_hash_omits_sections" time="0.091" /><testcase classname="tests.api.test_ui_trends" name="test_historical_trend_hourly_payload" time="0.116" /><testcase classname="tests.api.test_ui_trends" name="test_historical_trend_fallback_to_raw_when_rollup_missing" time="0.124" /><testcase classname="tests.api.test_ui_trends" name="test_historical_trend_requires_metric" time="0.056" /><testcase classname="tests.api.test_ui_ws_metrics_exposure" name="test_ui_ws_counters_increment_on_connect_and_ping" time="0.561"><skipped type="pytest.skip" message="/ws/ui route not registered (feature flag off at app build time)">/home/founder/jarvis2/tests/api/test_ui_ws_metrics_exposure.py:23: /ws/ui route not registered (feature flag off at app build time)</skipped></testcase><testcase classname="tests.api.test_ws_chat" name="test_ws_chat_stream_happy_path" time="3.256" /><testcase classname="tests.api.test_ws_chat" name="test_ws_chat_auth_enforced_when_api_key_set" time="6.309" /><testcase classname="tests.api.test_ws_chat" name="test_ws_chat_rate_limit_parity_emits_error" time="0.066" /><testcase classname="tests.api.test_ws_chat" name="test_ws_chat_idle_and_session_timeout_paths" time="1.868" /><testcase classname="tests.api.test_ws_chat" name="test_ws_chat_backpressure_many_small_deltas_when_low_threshold" time="3.617" /><testcase classname="tests.api.test_ws_chat" name="test_ws_chat_backpressure_fewer_deltas_when_large_threshold" time="3.601" /><testcase classname="tests.api.test_ws_chat" name="test_ws_chat_offline_guard_blocked" time="0.060"><skipped type="pytest.xfail" message="offline guard not implemented on WS path yet; test documents desired parity" /></testcase><testcase classname="tests.api.test_ws_chat_contract_fake" name="test_ws_fake_happy_path_ack_delta_done" time="3.256" /><testcase classname="tests.api.test_ws_chat_contract_fake" name="test_ws_fake_idle_soft_emits_once" time="3.381" /><testcase classname="tests.api.test_ws_chat_contract_fake" name="test_ws_fake_idle_hard_timeout" time="0.582" /><testcase classname="tests.api.test_ws_chat_contract_fake" name="test_ws_fake_cancel" time="0.080" /><testcase classname="tests.api.test_ws_chat_contract_fake" name="test_ws_fake_done_contains_elapsed_and_usage" time="3.248" /><testcase classname="tests.api.test_ws_chat_llama_stub" name="test_ws_llama_stub_ack_delta_done" time="0.110" /><testcase classname="tests.api.test_ws_chat_llama_stub" name="test_ws_llama_stub_timeout_hard" time="0.101" /><testcase classname="tests.api.test_ws_chat_llama_stub" name="test_ws_llama_stub_cancel" time="0.083" /><testcase classname="tests.api.test_ws_metrics_messages" name="test_ws_messages_counters_increment" time="0.767" /><testcase classname="tests.api.test_ws_ui_scaffold" name="test_ws_ui_basic" time="0.061"><skipped type="pytest.skip" message="ws/ui route not registered (feature flag off at import)">/home/founder/jarvis2/tests/api/test_ws_ui_scaffold.py:23: ws/ui route not registered (feature flag off at import)</skipped></testcase><testcase classname="tests.api.ui.test_builders_catalog" name="test_compute_metrics_catalog_aggregates_and_sorts" time="0.060" /><testcase classname="tests.api.ui.test_builders_config" name="test_build_ui_config_payload_normalizes_and_hashes" time="0.060" /><testcase classname="tests.api.ui.test_ui_cache_ttl" name="test_ui_cache_control_ttls_and_304_preserve_header" time="0.749" /><testcase classname="tests.api.ui.test_ui_control_metrics_and_status" name="test_control_metrics_and_status_fields" time="0.991" /><testcase classname="tests.api.ui.test_ui_controls" name="test_control_model_select_emits_event" time="0.152" /><testcase classname="tests.api.ui.test_ui_controls" name="test_control_benchmark_enqueue_returns_token_and_event" time="0.060" /><testcase classname="tests.api.ui.test_ui_events_sse" name="test_ui_events_sse_smoke_head_and_get" time="0.057" /><testcase classname="tests.api.ui.test_ui_handlers_api" name="test_ui_config_etag_304_and_counter" time="0.787" /><testcase classname="tests.api.ui.test_ui_handlers_api" name="test_sidebar_since_hash_minimal_body" time="1.269" /><testcase classname="tests.api.ui.test_ui_status_preview" name="test_ui_status_basic_and_304" time="0.142" /><testcase classname="tests.api.ui.test_ui_status_preview" name="test_ui_metrics_preview_basic_and_304" time="0.058" /><testcase classname="tests.cache_unit.test_bypass" name="test_bypass_query_and_header" time="0.052" /><testcase classname="tests.cache_unit.test_bypass" name="test_bypass_if_none_match_and_global" time="0.050" /><testcase classname="tests.cache_unit.test_bypass" name="test_bypass_precedence_and_unknown_headers" time="0.050" /><testcase classname="tests.cache_unit.test_invalidation" name="test_invalidation_bump_and_suffix" time="0.051" /><testcase classname="tests.cache_unit.test_invalidation" name="test_token_suffix_changes_after_bump" time="0.055" /><testcase classname="tests.cache_unit.test_invalidation" name="test_shared_store_consistency_and_separation" time="0.053" /><testcase classname="tests.cache_unit.test_invalidation" name="test_bump_is_monotonic_for_same_path" time="0.053" /><testcase classname="tests.cache_unit.test_key_builder" name="test_build_key_deterministic_order" time="0.050" /><testcase classname="tests.cache_unit.test_key_builder" name="test_build_key_strategy_and_vary" time="0.056" /><testcase classname="tests.cache_unit.test_key_builder" name="test_build_key_invalidation_suffix" time="0.051" /><testcase classname="tests.cache_unit.test_legacy_cache_fallbacks" name="test_legacy_detect_sse_response[text/event-stream-/metrics-True]" time="0.053" /><testcase classname="tests.cache_unit.test_legacy_cache_fallbacks" name="test_legacy_detect_sse_response[application/json-/metrics/events/stream-True]" time="0.050" /><testcase classname="tests.cache_unit.test_legacy_cache_fallbacks" name="test_legacy_detect_sse_response[application/json-/metrics-False]" time="0.050" /><testcase classname="tests.cache_unit.test_legacy_cache_fallbacks" name="test_fallback_bypass_reason[env_values0-headers0-query0-global_disable]" time="0.049" /><testcase classname="tests.cache_unit.test_legacy_cache_fallbacks" name="test_fallback_bypass_reason[env_values1-headers1-query1-query]" time="0.050" /><testcase classname="tests.cache_unit.test_legacy_cache_fallbacks" name="test_fallback_bypass_reason[env_values2-headers2-query2-header]" time="0.050" /><testcase classname="tests.cache_unit.test_legacy_cache_fallbacks" name="test_fallback_bypass_reason[env_values3-headers3-query3-if_none_match]" time="0.052" /><testcase classname="tests.cache_unit.test_legacy_cache_fallbacks" name="test_fallback_bypass_reason[env_values4-headers4-query4-None]" time="0.055" /><testcase classname="tests.cache_unit.test_legacy_cache_fallbacks" name="test_parse_internal_key_mapping_supports_star" time="0.058" /><testcase classname="tests.cache_unit.test_legacy_cache_fallbacks" name="test_resolve_scopes_for_key[k1-mapping0-legacy-expected0]" time="0.057" /><testcase classname="tests.cache_unit.test_legacy_cache_fallbacks" name="test_resolve_scopes_for_key[None-mapping1-legacy-expected1]" time="0.055" /><testcase classname="tests.cache_unit.test_legacy_cache_fallbacks" name="test_resolve_scopes_for_key[legacy-None-legacy-expected2]" time="0.053" /><testcase classname="tests.cache_unit.test_legacy_cache_fallbacks" name="test_resolve_scopes_for_key[other-None-legacy-None]" time="0.054" /><testcase classname="tests.cache_unit.test_legacy_cache_fallbacks" name="test_resolve_scopes_for_key[x-None-None-expected4]" time="0.054" /><testcase classname="tests.cache_unit.test_legacy_cache_fallbacks" name="test_strategy_tokens_handles_headers" time="0.052" /><testcase classname="tests.cache_unit.test_legacy_cache_fallbacks" name="test_inmemory_lru_respects_env_override" time="0.053" /><testcase classname="tests.cache_unit.test_legacy_cache_fallbacks" name="test_inmemory_lru_reuses_existing_hits" time="0.056" /><testcase classname="tests.cache_unit.test_legacy_cache_fallbacks" name="test_redis_backend_get_miss_on_missing_data" time="0.056" /><testcase classname="tests.cache_unit.test_legacy_cache_fallbacks" name="test_redis_backend_get_returns_entry" time="0.052" /><testcase classname="tests.cache_unit.test_legacy_cache_fallbacks" name="test_redis_backend_get_expires_entry" time="0.052" /><testcase classname="tests.cache_unit.test_legacy_cache_fallbacks" name="test_redis_backend_set_serializes_payload" time="0.051" /><testcase classname="tests.cache_unit.test_legacy_cache_fallbacks" name="test_normalize_negative_query_fallback_removes_control_params" time="0.051" /><testcase classname="tests.cache_unit.test_legacy_cache_fallbacks" name="test_normalize_negative_query_fallback_handles_empty_input" time="0.051" /><testcase classname="tests.cache_unit.test_legacy_cache_fallbacks" name="test_normalize_negative_query_fallback_tolerates_non_string_input" time="0.051" /><testcase classname="tests.cache_unit.test_memory_backend" name="test_lru_eviction_and_stats" time="0.051" /><testcase classname="tests.cache_unit.test_memory_backend" name="test_overwrite_carries_hits" time="0.050" /><testcase classname="tests.cache_unit.test_memory_backend" name="test_capacity_runtime_shrink" time="0.051" /><testcase classname="tests.cache_unit.test_metrics_counters" name="test_inc_bypass_normalization_and_unknown" time="0.051" /><testcase classname="tests.cache_unit.test_metrics_counters" name="test_sse_counters_increment_locally" time="0.051" /><testcase classname="tests.cache_unit.test_metrics_counters" name="test_get_runtime_counters_merges_shared_and_local" time="0.051" /><testcase classname="tests.cache_unit.test_negative_cache" name="test_is_structurally_empty_covers_common_cases" time="0.051" /><testcase classname="tests.cache_unit.test_negative_cache" name="test_compute_negative_expiry_floor_and_fraction" time="0.051" /><testcase classname="tests.cache_unit.test_negative_cache" name="test_normalize_query_removes_internal_tokens" time="0.051" /><testcase classname="tests.cache_unit.test_policy" name="test_compute_effective_ttl_scales_and_clamps" time="0.050" /><testcase classname="tests.cache_unit.test_policy" name="test_compute_negative_expiry_fraction_and_floor" time="0.049" /><testcase classname="tests.cache_unit.test_policy" name="test_normalize_etag_handles_raw_quoted_and_weak" time="0.050" /><testcase classname="tests.cache_unit.test_policy" name="test_etag_not_modified_accepts_multi_and_weak" time="0.056" /><testcase classname="tests.cache_unit.test_policy" name="test_policy_should_bypass_delegates_to_bypass_module" time="0.053" /><testcase classname="tests.cache_unit.test_sse_helpers" name="test_is_sse_response_by_content_type_and_path" time="0.051" /><testcase classname="tests.cache_unit.test_sse_helpers" name="test_mark_sse_bypass_sets_header_and_metrics" time="0.050" /><testcase classname="tests.docs.test_anchor_checker" name="test_anchor_checker_script_runs_clean" time="0.303" /><testcase classname="tests.docs.test_backfill_docs" name="test_readme_mentions_backfill_section" time="0.054" /><testcase classname="tests.docs.test_config_quickstart_doc" name="test_quickstart_contains_required_heading[## Overview]" time="0.050" /><testcase classname="tests.docs.test_config_quickstart_doc" name="test_quickstart_contains_required_heading[## Environment Flags (Core)]" time="0.051" /><testcase classname="tests.docs.test_config_quickstart_doc" name="test_quickstart_contains_required_heading[## Metrics (Canonical Names)]" time="0.050" /><testcase classname="tests.docs.test_config_quickstart_doc" name="test_quickstart_contains_required_heading[## Basic Workflow]" time="0.051" /><testcase classname="tests.docs.test_config_quickstart_doc" name="test_quickstart_contains_required_heading[## Includes Layering]" time="0.050" /><testcase classname="tests.docs.test_config_quickstart_doc" name="test_quickstart_contains_required_heading[## Deprecation Handling]" time="0.050" /><testcase classname="tests.docs.test_config_quickstart_doc" name="test_quickstart_contains_required_heading[## Secret Redaction]" time="0.050" /><testcase classname="tests.docs.test_config_quickstart_doc" name="test_quickstart_contains_required_heading[## Performance &amp; Percentiles]" time="0.050" /><testcase classname="tests.docs.test_config_quickstart_doc" name="test_quickstart_contains_required_heading[## Troubleshooting]" time="0.054" /><testcase classname="tests.docs.test_config_quickstart_doc" name="test_quickstart_contains_required_heading[## FAQ]" time="0.052" /><testcase classname="tests.docs.test_config_quickstart_doc" name="test_readme_links_quickstart" time="0.051" /><testcase classname="tests.docs.test_config_quickstart_doc" name="test_metrics_table_contains_core_metric_examples" time="0.050" /><testcase classname="tests.docs.test_config_quickstart_doc" name="test_validation_checklist_present" time="0.050" /><testcase classname="tests.docs.test_config_quickstart_doc" name="test_no_todo_brackets_left" time="0.050" /><testcase classname="tests.docs.test_config_quickstart_doc" name="test_anchor_slug_stability" time="0.050" /><testcase classname="tests.docs.test_global_anchors" name="test_top_level_anchor_slug_uniqueness" time="0.090"><failure message="AssertionError: Duplicate top-level anchor slugs detected (outside ALLOWED).&#10;Reduce by renaming or temporarily extend ALLOWED with justification in test docstring.&#10;Offenders (21):&#10;1-cohort-overview: docs/agents/step18_pilot_report_template.md:9, docs/agents/step18_pilot_report.md:9&#10;2-success-metrics-summary: docs/agents/step18_pilot_report_template.md:18, docs/agents/step18_pilot_report.md:20&#10;3-telemetry-snapshots: docs/agents/step18_pilot_report_template.md:28, docs/agents/step18_pilot_report.md:35&#10;4-standards-and-compliance-checklist: docs/agents/step18_pilot_report_template.md:37, docs/agents/step18_pilot_report.md:50&#10;5-user-feedback-and-backlog: docs/agents/step18_pilot_report_template.md:51, docs/agents/step18_pilot_report.md:66&#10;6-risk-and-rollback-assessment: docs/agents/step18_pilot_report_template.md:58, docs/agents/step18_pilot_report.md:75&#10;7-decision-log: docs/agents/step18_pilot_report_template.md:65, docs/agents/step18_pilot_report.md:85&#10;approvals: docs/agents/step18_founder_summary_template.md:47, docs/agents/step18_rollout_checklist.md:36, docs/agents/step18_founder_summary.md:47&#10;data-shapes: docs/standards/trend_aggregation_standards.md:59, docs/standards/trend_pipeline.md:59&#10;definitions: docs/standards/trend_aggregation_standards.md:29, docs/standards/trend_pipeline.md:29&#10;evidence-links: docs/agents/step18_founder_summary_template.md:41, docs/agents/step18_founder_summary.md:41&#10;executive-overview: docs/agents/step18_founder_summary_template.md:9, docs/agents/step18_founder_summary.md:7&#10;governance-audit: docs/standards/trend_aggregation_standards.md:84, docs/standards/trend_pipeline.md:84&#10;highlights-and-risks: docs/agents/step18_founder_summary_template.md:26, docs/agents/step18_founder_summary.md:24&#10;key-outcomes: docs/agents/step18_founder_summary_template.md:16, docs/agents/step18_founder_summary.md:14&#10;machine-readable-snapshot: docs/standards/trend_aggregation_standards.md:91, docs/standards/trend_pipeline.md:91&#10;observability-hooks: docs/standards/trend_aggregation_standards.md:68, docs/standards/trend_pipeline.md:68, docs/extending/warmers.md:75&#10;policy-and-procedures: docs/standards/trend_aggregation_standards.md:47, docs/standards/trend_pipeline.md:47&#10;required-actions: docs/agents/step18_founder_summary_template.md:35, docs/agents/step18_founder_summary.md:35&#10;standards-alignment: docs/standards/trend_aggregation_standards.md:38, docs/standards/dashboard_instrumentation_standards.md:23, docs/standards/trend_pipeline.md:38&#10;validation-evidence: docs/standards/trend_aggregation_standards.md:75, docs/standards/trend_pipeline.md:75">def test_top_level_anchor_slug_uniqueness():  # noqa: D401 - simple assertion style
        """Enforce uniqueness and ratchet duplicate reduction.
    
            Two layers:
                1. Hard fail: No cross-file H1/H2 duplicates outside ALLOWED (transitional set + generic).
                2. Ratchet: Cross-file duplicate count (ignoring only GENERIC_ALLOWED) must not exceed
                     the snapshot in tests/docs/anchor_slug_baseline.json.
    
            Transitional state: ALLOWED will shrink only after headings are renamed; keep
            contraction work tracked under phase16-doc-dedupe.
        """
        # Enforcement layer (uses broad ALLOWED)
        enforced_map = _collect_h1_h2_slugs(ALLOWED)
        enforced_dupes = _multi_file_duplicates(enforced_map)
        if enforced_dupes:
            details = "\n".join(f"{s}: {', '.join(locs)}" for s, locs in sorted(enforced_dupes.items()))
&gt;           raise AssertionError(
                "Duplicate top-level anchor slugs detected (outside ALLOWED).\n"
                "Reduce by renaming or temporarily extend ALLOWED with justification in test docstring.\n"
                f"Offenders ({len(enforced_dupes)}):\n{details}"
            )
E           AssertionError: Duplicate top-level anchor slugs detected (outside ALLOWED).
E           Reduce by renaming or temporarily extend ALLOWED with justification in test docstring.
E           Offenders (21):
E           1-cohort-overview: docs/agents/step18_pilot_report_template.md:9, docs/agents/step18_pilot_report.md:9
E           2-success-metrics-summary: docs/agents/step18_pilot_report_template.md:18, docs/agents/step18_pilot_report.md:20
E           3-telemetry-snapshots: docs/agents/step18_pilot_report_template.md:28, docs/agents/step18_pilot_report.md:35
E           4-standards-and-compliance-checklist: docs/agents/step18_pilot_report_template.md:37, docs/agents/step18_pilot_report.md:50
E           5-user-feedback-and-backlog: docs/agents/step18_pilot_report_template.md:51, docs/agents/step18_pilot_report.md:66
E           6-risk-and-rollback-assessment: docs/agents/step18_pilot_report_template.md:58, docs/agents/step18_pilot_report.md:75
E           7-decision-log: docs/agents/step18_pilot_report_template.md:65, docs/agents/step18_pilot_report.md:85
E           approvals: docs/agents/step18_founder_summary_template.md:47, docs/agents/step18_rollout_checklist.md:36, docs/agents/step18_founder_summary.md:47
E           data-shapes: docs/standards/trend_aggregation_standards.md:59, docs/standards/trend_pipeline.md:59
E           definitions: docs/standards/trend_aggregation_standards.md:29, docs/standards/trend_pipeline.md:29
E           evidence-links: docs/agents/step18_founder_summary_template.md:41, docs/agents/step18_founder_summary.md:41
E           executive-overview: docs/agents/step18_founder_summary_template.md:9, docs/agents/step18_founder_summary.md:7
E           governance-audit: docs/standards/trend_aggregation_standards.md:84, docs/standards/trend_pipeline.md:84
E           highlights-and-risks: docs/agents/step18_founder_summary_template.md:26, docs/agents/step18_founder_summary.md:24
E           key-outcomes: docs/agents/step18_founder_summary_template.md:16, docs/agents/step18_founder_summary.md:14
E           machine-readable-snapshot: docs/standards/trend_aggregation_standards.md:91, docs/standards/trend_pipeline.md:91
E           observability-hooks: docs/standards/trend_aggregation_standards.md:68, docs/standards/trend_pipeline.md:68, docs/extending/warmers.md:75
E           policy-and-procedures: docs/standards/trend_aggregation_standards.md:47, docs/standards/trend_pipeline.md:47
E           required-actions: docs/agents/step18_founder_summary_template.md:35, docs/agents/step18_founder_summary.md:35
E           standards-alignment: docs/standards/trend_aggregation_standards.md:38, docs/standards/dashboard_instrumentation_standards.md:23, docs/standards/trend_pipeline.md:38
E           validation-evidence: docs/standards/trend_aggregation_standards.md:75, docs/standards/trend_pipeline.md:75

tests/docs/test_global_anchors.py:148: AssertionError</failure></testcase><testcase classname="tests.docs.test_ops_docs_metadata" name="test_ops_docs_metadata_contract" time="0.052" /><testcase classname="tests.e2e.test_events_end_to_end" name="test_sse_receives_state_change_event_end_to_end" time="0.209" /><testcase classname="tests.e2e.test_events_end_to_end" name="test_ws_receives_state_change_event_end_to_end" time="0.636"><skipped type="pytest.xfail" message="WS path can be flaky under test transport; enable when stable" /></testcase><testcase classname="tests.e2e.test_events_end_to_end" name="test_sse_streaming_variant_skipped" time="0.000"><skipped type="pytest.skip" message="Streaming SSE variant is flaky under ASGITransport; stabilize later">/home/founder/jarvis2/tests/e2e/test_events_end_to_end.py:227: Streaming SSE variant is flaky under ASGITransport; stabilize later</skipped></testcase><testcase classname="tests.health.test_faulthandler_pr_owner_signal" name="test_codeowners_matching_edge_cases" time="0.055" /><testcase classname="tests.health.test_faulthandler_pr_owner_signal" name="test_pr_comment_posting_via_gh_cli" time="0.052" /><testcase classname="tests.integration.test_cache_bypass_smoke" name="test_cache_bypass_end_to_end" time="0.063" /><testcase classname="tests.integration.test_optimization_event_counters_smoke" name="test_optimization_event_counters_smoke" time="0.635" /><testcase classname="tests.integration.test_state_cache_bridge_smoke" name="test_state_change_invalidate_bridge" time="0.566" /><testcase classname="tests.integration.test_storage_health_rules_hash" name="test_storage_health_exposes_rules_hash_and_detail" time="2.323" /><testcase classname="tests.lint.test_no_cache_impl_imports" name="test_no_imports_of_api_cache_impl" time="6.701" /><testcase classname="tests.maintenance.test_orchestrator_jobs" name="test_job_db_vacuum" time="0.138" /><testcase classname="tests.maintenance.test_orchestrator_jobs" name="test_job_cache_health_inferred_hit_and_artifacts" time="0.053" /><testcase classname="tests.maintenance.test_orchestrator_jobs" name="test_job_db_vacuum_pragma_flow_and_toggles" time="0.068" /><testcase classname="tests.maintenance.test_orchestrator_jobs" name="test_job_check_triggers_invokes_vacuum" time="0.056" /><testcase classname="tests.maintenance.test_orchestrator_jobs" name="test_run_once_smoke_cache_health_and_vacuum" time="0.130" /><testcase classname="tests.messaging.test_integration_event_emissions" name="test_optimization_agent_lifecycle_events" time="0.051" /><testcase classname="tests.messaging.test_integration_event_emissions" name="test_collector_service_emits_metrics_and_alerts" time="0.050"><failure message="agents.core.monitoring.collector.resource_pipeline.ResourcePipelineError: Failed to store resource metrics">self = &lt;agents.core.monitoring.collector.resource_pipeline.ResourcePipeline object at 0x7bf6ce4df3d0&gt;
system_status = {'cpu_percent': 10.0, 'disk_percent': 30.0, 'gpu_available': False, 'ram_percent': 20.0, ...}

    def _store(self, system_status: dict[str, Any]) -&gt; None:
        if not self._metrics_storage:
            return
        try:
&gt;           self._metrics_storage.store_resource_metrics(system_status)
E           AttributeError: 'DatabaseMetricsStorage' object has no attribute 'store_resource_metrics'

agents/core/monitoring/collector/resource_pipeline.py:61: AttributeError

The above exception was the direct cause of the following exception:

monkeypatch = &lt;_pytest.monkeypatch.MonkeyPatch object at 0x7bfa3fdbce50&gt;

    def test_collector_service_emits_metrics_and_alerts(monkeypatch):
        # Use a resource monitor with deterministic output
        class DummyMonitor(ResourceMonitor):
            def __init__(self):
                pass
    
            def get_system_status(self):
                return {
                    "cpu_percent": 10.0,
                    "ram_percent": 20.0,
                    "disk_percent": 30.0,
                    "gpu_available": False,
                }
    
        bus = EventBus()
        topics: list[str] = []
        bus.subscribe("alerts.*", lambda m: topics.append(m.topic))
        bus.subscribe("metrics.*", lambda m: topics.append(m.topic))
    
        coll = CollectorService(resource_monitor=DummyMonitor(), collection_interval=0.01, bus=bus)
        # Call a single collection step
&gt;       coll._collect_resource_metrics()

tests/messaging/test_integration_event_emissions.py:53: 
_ _ _ _ _ _ _ _ _ _ _ _ _ _ _ _ _ _ _ _ _ _ _ _ _ _ _ _ _ _ _ _ _ _ _ _ _ _ _ _ 
agents/core/monitoring/collector_service.py:404: in _collect_resource_metrics
    status = self.resource_pipeline.run_if_due(now)
agents/core/monitoring/collector/resource_pipeline.py:44: in run_if_due
    self._store(status)
_ _ _ _ _ _ _ _ _ _ _ _ _ _ _ _ _ _ _ _ _ _ _ _ _ _ _ _ _ _ _ _ _ _ _ _ _ _ _ _ 

self = &lt;agents.core.monitoring.collector.resource_pipeline.ResourcePipeline object at 0x7bf6ce4df3d0&gt;
system_status = {'cpu_percent': 10.0, 'disk_percent': 30.0, 'gpu_available': False, 'ram_percent': 20.0, ...}

    def _store(self, system_status: dict[str, Any]) -&gt; None:
        if not self._metrics_storage:
            return
        try:
            self._metrics_storage.store_resource_metrics(system_status)
        except Exception as exc:
&gt;           raise ResourcePipelineError("Failed to store resource metrics") from exc
E           agents.core.monitoring.collector.resource_pipeline.ResourcePipelineError: Failed to store resource metrics

agents/core/monitoring/collector/resource_pipeline.py:63: ResourcePipelineError</failure></testcase><testcase classname="tests.messaging.test_messaging_config" name="test_config_env_overrides_max_queue" time="0.052" /><testcase classname="tests.monitoring.test_buffered_writer" name="test_buffered_writer_batching_size_flush" time="0.607" /><testcase classname="tests.monitoring.test_buffered_writer" name="test_buffered_writer_time_flush" time="1.593" /><testcase classname="tests.monitoring.test_db_pool" name="test_acquire_release_returns_connection_to_pool" time="0.079" /><testcase classname="tests.monitoring.test_db_pool" name="test_acquire_timeout_when_pool_exhausted" time="0.128" /><testcase classname="tests.monitoring.test_db_pool" name="test_close_all_disallows_future_acquire" time="0.080" /><testcase classname="tests.monitoring.test_db_pool" name="test_custom_factory_is_used" time="0.077" /><testcase classname="tests.monitoring.test_event_writer" name="test_uncaught_exception_recorded" time="0.596" /><testcase classname="tests.monitoring.test_exceptions.TestErrorEnums" name="test_error_code_enum" time="0.061" /><testcase classname="tests.monitoring.test_exceptions.TestErrorEnums" name="test_error_component_enum" time="0.062" /><testcase classname="tests.monitoring.test_exceptions.TestErrorEnums" name="test_error_severity_enum" time="0.061" /><testcase classname="tests.monitoring.test_exceptions.TestMetricsStorageException" name="test_basic_initialization" time="0.061" /><testcase classname="tests.monitoring.test_exceptions.TestMetricsStorageException" name="test_component_determination" time="0.061" /><testcase classname="tests.monitoring.test_exceptions.TestMetricsStorageException" name="test_extract_message_pattern" time="0.061" /><testcase classname="tests.monitoring.test_exceptions.TestMetricsStorageException" name="test_full_initialization" time="0.053" /><testcase classname="tests.monitoring.test_exceptions.TestMetricsStorageException" name="test_get_fingerprint" time="0.050" /><testcase classname="tests.monitoring.test_exceptions.TestMetricsStorageException" name="test_to_dict" time="0.054" /><testcase classname="tests.monitoring.test_exceptions.TestSpecializedExceptions" name="test_cache_exception" time="0.052" /><testcase classname="tests.monitoring.test_exceptions.TestSpecializedExceptions" name="test_database_exception" time="0.050" /><testcase classname="tests.monitoring.test_exceptions.TestSpecializedExceptions" name="test_file_storage_exception" time="0.049" /><testcase classname="tests.monitoring.test_exceptions.TestSpecializedExceptions" name="test_legacy_exceptions_exist" time="0.049" /><testcase classname="tests.monitoring.test_exceptions.TestSpecializedExceptions" name="test_model_metrics_exception" time="0.049" /><testcase classname="tests.monitoring.test_exceptions.TestSpecializedExceptions" name="test_query_exception" time="0.049" /><testcase classname="tests.monitoring.test_exceptions.TestSpecializedExceptions" name="test_resource_metrics_exception" time="0.050" /><testcase classname="tests.monitoring.test_exceptions.TestSpecializedExceptions" name="test_time_series_exception" time="0.050" /><testcase classname="tests.monitoring.test_instrumentation_decorators" name="test_track_latency_decorator_success" time="0.060" /><testcase classname="tests.monitoring.test_instrumentation_decorators" name="test_track_latency_decorator_error" time="0.056" /><testcase classname="tests.monitoring.test_instrumentation_decorators" name="test_track_latency_ctx" time="0.055" /><testcase classname="tests.monitoring.test_metrics_validator" name="test_valid_sample_passes" time="0.051" /><testcase classname="tests.monitoring.test_metrics_validator" name="test_unknown_name_rejected" time="0.053" /><testcase classname="tests.monitoring.test_metrics_validator" name="test_illegal_label_rejected" time="0.052" /><testcase classname="tests.monitoring.test_metrics_validator" name="test_non_finite_rejected" time="0.052" /><testcase classname="tests.monitoring.test_metrics_validator" name="test_batch_validation" time="0.052" /><testcase classname="tests.retention.backup.test_backup_manager" name="test_create_backup_returns_path_when_data_inline" time="0.051" /><testcase classname="tests.retention.backup.test_backup_manager" name="test_create_backup_fetches_item_from_storage" time="0.050" /><testcase classname="tests.retention.backup.test_backup_manager" name="test_restore_returns_data_when_no_storage" time="0.054" /><testcase classname="tests.retention.backup.test_backup_manager" name="test_restore_stores_payload_when_storage_provided" time="0.052" /><testcase classname="tests.retention.scheduler.test_scheduler_state_store" name="test_save_without_state_file_returns_false" time="0.050" /><testcase classname="tests.retention.scheduler.test_scheduler_state_store" name="test_round_trip_persists_jobs" time="0.050" /><testcase classname="tests.retention.scheduler.test_scheduler_state_store" name="test_load_missing_file_returns_false" time="0.050" /><testcase classname="tests.retention.scheduler.test_scheduler_state_store" name="test_load_skips_invalid_jobs" time="0.052" /><testcase classname="tests.scripts.test_run_server" name="test__port_in_use_detects_bound_socket" time="0.052" /><testcase classname="tests.scripts.test_run_server" name="test_main_exits_when_port_in_use" time="0.052" /><testcase classname="tests.scripts.test_run_server" name="test_main_runs_with_free_port_and_sets_defaults" time="0.052" /><testcase classname="tests.scripts.test_run_server" name="test_main_uses_env_overrides_when_no_args" time="0.051" /><testcase classname="tests.scripts.test_scale_agents" name="test_add_and_status" time="0.261" /><testcase classname="tests.scripts.test_scale_agents" name="test_remove_and_dry_run" time="0.398" /><testcase classname="tests.scripts.test_scale_agents" name="test_add_insufficient_ids" time="0.306" /><testcase classname="tests.scripts.test_scale_agents" name="test_json_mode_add_status_remove" time="0.487" /><testcase classname="tests.state.test_change_hooks" name="test_change_hook_emission_and_ring_buffer" time="0.054" /><testcase classname="tests.state.test_change_hooks" name="test_unsubscribe_stops_emission" time="0.056" /><testcase classname="tests.state.test_change_hooks_flags" name="test_emit_disabled_env_flag" time="0.051" /><testcase classname="tests.state.test_change_hooks_flags" name="test_ring_buffer_maxlen_trimming" time="0.050" /><testcase classname="tests.systemd.test_agent_multi_instance_skeleton" name="test_template_placeholders_support_two_instances" time="0.050" /><testcase classname="tests.systemd.test_agent_template_unit" name="test_template_exists" time="0.050" /><testcase classname="tests.systemd.test_agent_template_unit" name="test_placeholders_present" time="0.050" /><testcase classname="tests.systemd.test_agent_template_unit" name="test_security_baseline_subset" time="0.050" /><testcase classname="tests.systemd.test_agent_template_unit" name="test_memory_limit_lower_than_orchestrator" time="0.050" /><testcase classname="tests.systemd.test_deprecated_units_enforcement" name="test_deprecated_units_marker_and_whitelist" time="0.051" /><testcase classname="tests.systemd.test_generate_agent_instance_env" name="test_create_env_file" time="0.295" /><testcase classname="tests.systemd.test_generate_agent_instance_env" name="test_skip_existing_without_force" time="0.313" /><testcase classname="tests.systemd.test_generate_agent_instance_env" name="test_force_overwrite" time="0.305" /><testcase classname="tests.systemd.test_generate_agent_instance_env" name="test_extra_vars_append" time="0.294" /><testcase classname="tests.systemd.test_generate_agent_instance_env" name="test_duplicate_key_rejected" time="0.552" /><testcase classname="tests.systemd.test_generate_agent_instance_env" name="test_invalid_id_raises" time="0.295" /><testcase classname="tests.systemd.test_heartbeat_fallback" name="test_heartbeat_file_created_and_updated_when_notify_disabled" time="0.604" /><testcase classname="tests.systemd.test_inventory_integrity_manifest" name="test_integrity_manifest_generation_and_stability" time="0.544" /><testcase classname="tests.systemd.test_inventory_parser" name="test_parse_directory_and_classification" time="0.053" /><testcase classname="tests.systemd.test_inventory_parser" name="test_graph_contains_nodes_and_edges" time="0.051" /><testcase classname="tests.systemd.test_inventory_summary" name="test_inventory_summary_schema" time="0.309" /><testcase classname="tests.systemd.test_logging_modes" name="test_text_logging_default_mode" time="0.056" /><testcase classname="tests.systemd.test_logging_modes" name="test_json_logging_mode_includes_session_id" time="0.054" /><testcase classname="tests.systemd.test_logging_modes" name="test_json_phase_parsing_fields" time="0.054" /><testcase classname="tests.systemd.test_notify_probe_exclusion" name="test_notify_dropin_clears_execstartpost" time="0.051" /><testcase classname="tests.systemd.test_orchestrator_unit_basic" name="test_unit_exists_and_basic_directives" time="0.051" /><testcase classname="tests.systemd.test_orchestrator_unit_basic" name="test_comments_document_staged_notify" time="0.051" /><testcase classname="tests.systemd.test_restart_alignment" name="test_internal_supervision_disabled_in_prod" time="0.053" /><testcase classname="tests.systemd.test_restart_alignment" name="test_internal_supervision_disabled_when_supervised" time="0.052" /><testcase classname="tests.systemd.test_restart_alignment" name="test_dev_single_retry_path" time="0.052" /><testcase classname="tests.systemd.test_restart_alignment" name="test_dev_restart_wrapper_enabled" time="0.052" /><testcase classname="tests.systemd.test_sd_notify_helper" name="test_notify_disabled_when_flag_absent" time="0.050" /><testcase classname="tests.systemd.test_sd_notify_helper" name="test_notify_disabled_when_import_fails" time="0.051" /><testcase classname="tests.systemd.test_sd_notify_helper" name="test_notify_success_path" time="0.051" /><testcase classname="tests.systemd.test_sd_notify_helper" name="test_watchdog_interval_parse" time="0.050" /><testcase classname="tests.systemd.test_security_profile_enforcement" name="test_security_validator_json_schema" time="0.303" /><testcase classname="tests.systemd.test_security_profile_enforcement" name="test_security_validator_markdown" time="0.302" /><testcase classname="tests.systemd.test_service_start_notify_integration" name="test_service_start_emits_ready_and_status_when_notify_enabled" time="0.091" /><testcase classname="tests.systemd.test_service_start_shim_deprecation" name="test_service_start_shim_emits_single_deprecation_warning" time="0.054" /><testcase classname="tests.systemd.test_slice_examples" name="test_root_slice_example" time="0.050" /><testcase classname="tests.systemd.test_slice_examples" name="test_agents_slice_example" time="0.052" /><testcase classname="tests.systemd.test_supervision_mode_logging" name="test_supervision_mode_systemd_disabled_internal" time="0.919" /><testcase classname="tests.systemd.test_supervision_mode_logging" name="test_supervision_mode_internal_single_retry" time="0.919" /><testcase classname="tests.systemd.test_target_dependencies" name="test_target_exists_and_requires_orchestrator" time="0.052" /><testcase classname="tests.systemd.test_target_dependencies" name="test_ancillary_units_marked_deprecated_and_part_of_target" time="0.051" /><testcase classname="tests.systemd.test_target_dependencies" name="test_ingest_unit_keeps_restart_policy_transitional" time="0.050" /><testcase classname="tests.systemd.test_wait_ready_probe" name="test_wait_ready_immediate" time="0.050" /><testcase classname="tests.systemd.test_wait_ready_probe" name="test_wait_ready_timeout" time="0.058" /><testcase classname="tests.systemd.test_watchdog_interval_config" name="test_interval_accepted_when_above_floor" time="0.226" /><testcase classname="tests.systemd.test_watchdog_interval_config" name="test_interval_clamped_to_floor_prod" time="0.226" /><testcase classname="tests.systemd.test_watchdog_interval_config" name="test_interval_floor_test_mode" time="0.220" /><testcase classname="tests.systemd.test_watchdog_interval_config" name="test_negative_interval_fallback" time="0.222" /><testcase classname="tests.systemd.test_watchdog_interval_config" name="test_stale_config_metrics" time="0.128" /><testcase classname="tests.systemd.test_watchdog_metrics" name="test_metrics_flag_disabled_excludes_counters" time="0.686" /><testcase classname="tests.systemd.test_watchdog_metrics" name="test_notify_send_counter_increments" time="2.001" /><testcase classname="tests.systemd.test_watchdog_metrics" name="test_heartbeat_write_and_mismatch" time="1.920" /><testcase classname="tests.systemd.test_watchdog_mismatch_degraded" name="test_escalation_triggers_at_threshold" time="0.137" /><testcase classname="tests.systemd.test_watchdog_mismatch_degraded" name="test_escalation_suppression" time="0.191" /><testcase classname="tests.systemd.test_watchdog_mismatch_degraded" name="test_reset_on_compliant_interval" time="0.117" /><testcase classname="tests.systemd.test_watchdog_mismatch_degraded" name="test_threshold_zero_disables" time="0.116" /><testcase classname="tests.systemd.test_watchdog_simulation" name="test_heartbeat_stale_detection_basic" time="0.153" /><testcase classname="tests.systemd.test_watchdog_simulation" name="test_heartbeat_stale_when_missing" time="0.050" /><testcase classname="tests.systemd.test_watchdog_simulation" name="test_watchdog_interval_mismatch_warning" time="0.102" /><testcase classname="tests.systemd.test_watchdog_simulation" name="test_watchdog_thread_sends" time="1.452" /><testcase classname="tests.systemd.test_watchdog_stale_detection" name="test_stale_event_and_gauge" time="0.820" /><testcase classname="tests.systemd.test_watchdog_status_updates" name="test_status_emits_periodically" time="1.865" /><testcase classname="tests.systemd.test_watchdog_status_updates" name="test_status_disable_flag" time="0.664" /><testcase classname="tests.systemd.test_watchdog_status_updates" name="test_status_custom_interval" time="1.065" /><testcase classname="tests.test_agents_cli" name="test_agents_list_runs_and_prints" time="0.352" /><testcase classname="tests.test_agents_cli" name="test_agent_run_cache_inspector_writes_report" time="0.591" /><testcase classname="tests.test_agents_cli" name="test_cache_inspector_zero_and_negative_ttls" time="0.318" /><testcase classname="tests.test_api_cache_annotations" name="test_cache_hit_and_bypass" time="0.121" /><testcase classname="tests.test_api_cache_annotations" name="test_cache_stats_interface" time="0.054" /><testcase classname="tests.test_api_cache_extended" name="test_lru_eviction_and_vary_header" time="0.583" /><testcase classname="tests.test_api_cache_extended" name="test_disable_and_scale_flags" time="1.095" /><testcase classname="tests.test_api_cache_negative_advanced" name="test_negative_caching_404_metric_latest" time="0.073" /><testcase classname="tests.test_api_cache_negative_advanced" name="test_negative_caching_structurally_empty_alerts_summary" time="0.074" /><testcase classname="tests.test_api_cache_negative_advanced" name="test_negative_ttl_expiry_timing_structural_empty" time="0.300" /><testcase classname="tests.test_api_cache_negative_advanced" name="test_negative_ttl_expiry_timing_404_latest_metric" time="0.196" /><testcase classname="tests.test_api_cache_negative_advanced" name="test_negative_ttl_expiry_timing_empty_catalog" time="0.155" /><testcase classname="tests.test_api_cache_negative_invalidation" name="test_negative_caching_empty_catalog" time="0.116" /><testcase classname="tests.test_api_cache_negative_invalidation" name="test_invalidation_hook" time="0.074" /><testcase classname="tests.test_api_cache_scope_strategy" name="test_cache_key_strategy_none_same_entry" time="0.066" /><testcase classname="tests.test_api_cache_scope_strategy" name="test_cache_key_strategy_key_separates_api_keys" time="0.062" /><testcase classname="tests.test_api_cache_scope_strategy" name="test_cache_key_strategy_scope_separates_scopes" time="0.071" /><testcase classname="tests.test_cache_key_segregation" name="test_no_cross_hit_on_scope_changes[/health]" time="0.572" /><testcase classname="tests.test_cache_key_segregation" name="test_no_cross_hit_on_scope_changes[/health/summary]" time="0.583" /><testcase classname="tests.test_cache_key_segregation" name="test_no_cross_hit_on_key_hash_changes[key]" time="0.578" /><testcase classname="tests.test_cache_key_segregation" name="test_no_cross_hit_on_key_hash_changes[scope+key]" time="0.586" /><testcase classname="tests.test_cache_key_segregation" name="test_metrics_token_requirement_segregates" time="1.091" /><testcase classname="tests.test_cache_key_segregation" name="test_env_dimensions_affect_key[METRICS_DB_PATH-/tmp/db1.sqlite-/tmp/db2.sqlite]" time="0.584" /><testcase classname="tests.test_cache_key_segregation" name="test_env_dimensions_affect_key[CACHE_TTL_SCALE-0.05-0.2]" time="0.586" /><testcase classname="tests.test_cache_key_segregation" name="test_invalidation_token_changes_key" time="0.579" /><testcase classname="tests.test_cleanup_bak_files" name="test_find_bak_files" time="0.061" /><testcase classname="tests.test_cleanup_bak_files" name="test_cleanup_bak_dry_run" time="0.062" /><testcase classname="tests.test_cleanup_bak_files" name="test_cleanup_bak_delete" time="0.061" /><testcase classname="tests.test_event_bus" name="test_basic_publish_and_receive" time="0.062" /><testcase classname="tests.test_event_bus" name="test_drop_oldest_policy" time="0.063" /><testcase classname="tests.test_event_bus" name="test_close_signals_iterators" time="0.063" /><testcase classname="tests.test_event_bus_recent_and_multi" name="test_recent_match_windowing" time="0.070" /><testcase classname="tests.test_event_bus_recent_and_multi" name="test_multi_subscriber_delivery_and_unsubscribe" time="0.065" /><testcase classname="tests.test_gpu_aggregation" name="test_gpu_metric_raw_and_manual_aggregation" time="0.555" /><testcase classname="tests.test_gpu_collector" name="test_gpu_collector_no_gpu" time="0.062" /><testcase classname="tests.test_gpu_collector" name="test_gpu_collector_nvidia_smi_fallback" time="0.090" /><testcase classname="tests.test_gpu_collector" name="test_gpu_collector_nvml" time="0.061" /><testcase classname="tests.test_gpu_ingest_db" name="test_gpu_collector_ingests_samples_into_db" time="1.322" /><testcase classname="tests.test_gpu_scheduler_integration" name="test_gpu_collector_scheduler_dispatch_no_gpu" time="0.261" /><testcase classname="tests.test_hornet_backend_stub" name="test_hornet_stub_shape_basic" time="0.060" /><testcase classname="tests.test_latency_percentiles" name="test_model_latency_percentiles" time="0.567" /><testcase classname="tests.test_metrics_planned_counters" name="test_metrics_planned_counters_present" time="0.651" /><testcase classname="tests.test_metrics_schema_doc_guard" name="test_metrics_schema_doc_version_header_matches_expected" time="0.064" /><testcase classname="tests.test_metrics_schema_meta" name="test_schema_meta_table_idempotent" time="0.648" /><testcase classname="tests.test_metrics_schema_meta" name="test_schema_meta_bump_and_api" time="0.353" /><testcase classname="tests.test_metrics_schema_meta" name="test_schema_meta_bump_validation" time="0.618" /><testcase classname="tests.test_migration_checker" name="test_schema_baseline_required" time="0.190" /><testcase classname="tests.test_migration_checker" name="test_schema_change_without_pending_fails" time="0.298" /><testcase classname="tests.test_migration_checker" name="test_schema_change_with_pending_passes_pending_stage" time="0.309" /><testcase classname="tests.test_negative_percentiles" name="test_no_percentiles_generated_for_metric_without_config" time="0.534" /><testcase classname="tests.test_pct_threshold_parsing" name="test_parse_pct_thresholds_basic" time="0.051" /><testcase classname="tests.test_pct_threshold_parsing" name="test_parse_pct_thresholds_prefixed" time="0.049" /><testcase classname="tests.test_pct_threshold_parsing" name="test_parse_pct_thresholds_invalid_segments" time="0.050" /><testcase classname="tests.test_pct_threshold_parsing" name="test_diff_perf_markdown" time="0.301" /><testcase classname="tests.test_pct_threshold_parsing" name="test_drift_percentile_threshold_enforced" time="1.323" /><testcase classname="tests.test_pct_threshold_parsing" name="test_suspicious_improvement_flag" time="1.351" /><testcase classname="tests.test_percentile_config_drift" name="test_percentile_config_matches_schema_rollups" time="0.063" /><testcase classname="tests.test_percentile_rollups" name="test_percentile_rollups_generated" time="0.567" /><testcase classname="tests.test_percentile_yaml_sanity" name="test_percentile_yaml_values_valid" time="0.065" /><testcase classname="tests.test_perf_regression_example" name="test_perf_regression_example" time="1.360" /><testcase classname="tests.test_perf_thresholds" name="test_perf_thresholds" time="3.365" /><testcase classname="tests.test_release_notes" name="test_draft_runs_idempotent" time="0.645" /><testcase classname="tests.test_release_notes" name="test_cut_aborts_without_changes" time="0.314" /><testcase classname="tests.test_schema_meta_guard" name="test_schema_meta_current_version_guard" time="0.349" /><testcase classname="tests.test_standards_cli_severity_alias" name="test_severity_alias_low_maps_to_info" time="0.342" /><testcase classname="tests.test_standards_cli_severity_alias" name="test_severity_alias_high_maps_to_error" time="0.344" /><testcase classname="tests.test_standards_cli_severity_alias" name="test_invalid_severity_rejected" time="0.306" /><testcase classname="tests.test_standards_extraction" name="test_extract_marker_block" time="0.054" /><testcase classname="tests.test_standards_extraction" name="test_extract_heading_pattern" time="0.053" /><testcase classname="tests.test_standards_extraction" name="test_conflict_with_seed_id" time="0.051" /><testcase classname="tests.test_standards_extraction" name="test_build_integration_auto_accept" time="0.221" /><testcase classname="tests.test_standards_index" name="test_top_level_keys_present" time="0.090" /><testcase classname="tests.test_standards_index" name="test_rule_ids_unique" time="0.079" /><testcase classname="tests.test_standards_index" name="test_categories_exist_for_rules" time="0.080" /><testcase classname="tests.test_standards_index" name="test_source_files_exist" time="0.080" /><testcase classname="tests.test_standards_index" name="test_required_rule_fields_present" time="0.081" /><testcase classname="tests.test_standards_index" name="test_severity_values_valid" time="0.080" /><testcase classname="tests.test_standards_index" name="test_integrity_hash_stable_after_rebuild" time="0.411" /><testcase classname="tests.test_streaming_bypass" name="test_sse_head_bypasses_cache_and_never_304" time="0.568" /><testcase classname="tests.test_ui_hash_utils" name="test_hash_stable_and_length" time="0.051" /><testcase classname="tests.test_ui_hash_utils" name="test_hash_special_numbers" time="0.051" /><testcase classname="tests.test_ui_readiness_cache_metrics" name="test_cache_metrics_readiness_flag" time="0.343" /><testcase classname="tests.test_ui_snapshot" name="test_sidebar_snapshot_hash_and_since" time="0.099" /><testcase classname="tests.test_ui_snapshot" name="test_catalog_etag_and_order" time="0.094" /><testcase classname="tests.test_ui_snapshot" name="test_ui_config_etag_304" time="0.058" /><testcase classname="tests.test_ui_snapshot" name="test_schema_map_hashes_stable" time="0.055" /><testcase classname="tests.test_ui_snapshot" name="test_alerts_summary_empty_db" time="0.059" /><testcase classname="tests.test_ui_snapshot" name="test_catalog_empty_and_schema_again" time="0.058" /><testcase classname="tests.test_ui_snapshot" name="test_health_cache" time="0.059" /><testcase classname="tests.test_ui_snapshot" name="test_ui_config_hash_and_304" time="0.061" /><testcase classname="tests.test_verify_ui_readiness_smoke" name="test_verify_ui_readiness_outputs_json" time="0.351" /><testcase classname="tests.utils.test_hash_utils" name="test_order_invariance_dict_keys" time="0.051" /><testcase classname="tests.utils.test_hash_utils" name="test_float_integer_equivalence" time="0.050" /><testcase classname="tests.utils.test_hash_utils" name="test_nested_structure_stability" time="0.051" /><testcase classname="tests.utils.test_hash_utils" name="test_nan_and_infinity_canonicalization" time="0.054" /><testcase classname="tests.utils.test_hash_utils" name="test_list_order_significance" time="0.053" /><testcase classname="tests.utils.test_http_cache" name="test_build_etag_quotes" time="0.051" /><testcase classname="tests.utils.test_http_cache" name="test_etag_not_modified_basic" time="0.051" /><testcase classname="tests.utils.test_http_cache" name="test_etag_not_modified_weak_and_multiple" time="0.050" /><testcase classname="tests.utils.test_http_cache" name="test_etag_not_modified_raw_tokens" time="0.050" /><testcase classname="tests.visualization.dashboard.test_models_section" name="test_model_section_returns_placeholder_when_input_missing" time="0.049" /><testcase classname="tests.visualization.dashboard.test_models_section" name="test_performance_overview_renders_stats_when_summary_provided" time="0.049" /><testcase classname="tests.visualization.dashboard.test_models_section" name="test_model_comparison_includes_scripts_when_charts_supplied" time="0.050" /><testcase classname="tests.visualization.dashboard.test_models_section" name="test_model_section_uses_injected_renderers_when_overridden" time="0.050" /><testcase classname="tests.visualization.dashboard.test_sections_misc" name="test_system_section_returns_placeholder_when_data_missing" time="0.051" /><testcase classname="tests.visualization.dashboard.test_sections_misc" name="test_system_section_renders_cards_when_metrics_present" time="0.051" /><testcase classname="tests.visualization.dashboard.test_sections_misc" name="test_summary_section_returns_empty_when_no_metrics_present" time="0.051" /><testcase classname="tests.visualization.dashboard.test_sections_misc" name="test_summary_section_renders_cards_when_metrics_provided" time="0.051" /><testcase classname="tests.visualization.dashboard.test_sections_misc" name="test_error_summary_renderer_limits_to_three_when_more_errors" time="0.051" /><testcase classname="tests.visualization.dashboard.test_sections_misc" name="test_error_section_returns_placeholder_when_no_data_present" time="0.051" /><testcase classname="tests.visualization.dashboard.test_sections_misc" name="test_error_section_renders_components_when_metrics_present" time="0.051" /><testcase classname="tests.visualization.dashboard.test_sections_misc" name="test_specialized_section_returns_placeholder_when_no_metrics_present" time="0.055" /><testcase classname="tests.visualization.dashboard.test_sections_misc" name="test_specialized_section_renders_tabs_when_metrics_present" time="0.056" /><testcase classname="tests.visualization.dashboard.test_sections_misc" name="test_chart_script_assembler_creates_entries_when_configs_present" time="0.062" /><testcase classname="tests.visualization.dashboard.test_sections_misc" name="test_evaluate_threshold_state_returns_warning_when_between_thresholds" time="0.055" /><testcase classname="tests.visualization.dashboard.test_sections_misc" name="test_evaluate_threshold_state_supports_reverse_logic_when_reverse_true" time="0.052" /><testcase classname="tests.visualization.error_analytics.test_components" name="test_error_trend_builder_when_errors_present" time="0.054"><failure message="AssertionError: assert [0, 0] == [1, 0]&#10;  &#10;  At index 0 diff: 0 != 1&#10;  &#10;  Full diff:&#10;    [&#10;  -     1,&#10;  ?     ^...&#10;  &#10;  ...Full output truncated (4 lines hidden), use '-vv' to show">monkeypatch = &lt;_pytest.monkeypatch.MonkeyPatch object at 0x7bf6ce14b4d0&gt;

    def test_error_trend_builder_when_errors_present(monkeypatch: pytest.MonkeyPatch) -&gt; None:
        base_time = datetime(2025, 1, 2, 12, 0, 0)
    
        class _FixedDatetime(datetime):
            @classmethod
            def now(cls, tz=None) -&gt; _FixedDatetime:  # pylint: disable=unused-argument
                return cls.fromisoformat(base_time.isoformat())
    
        monkeypatch.setattr(
            ErrorTrendDataBuilder, "_format_timestamp", staticmethod(lambda value: value[:16])
        )
        monkeypatch.setattr("agents.core.monitoring.visualization.error_analytics_components.trends.datetime", _FixedDatetime)
    
        past = base_time - timedelta(hours=1)
        storage = _StubStorage(
            errors=[
                _build_error(past, severity="CRITICAL", component="ingest"),
                _build_error(past, severity="ERROR", component="ingest"),
                _build_error(base_time, severity="WARNING", component="processor"),
            ]
        )
        builder = ErrorTrendDataBuilder(storage)
    
        series = builder.build(days=1, interval_hours=1)
    
        assert series is not None
&gt;       assert series.critical[-2:] == [1, 0]
E       AssertionError: assert [0, 0] == [1, 0]
E         
E         At index 0 diff: 0 != 1
E         
E         Full diff:
E           [
E         -     1,
E         ?     ^...
E         
E         ...Full output truncated (4 lines hidden), use '-vv' to show

tests/visualization/error_analytics/test_components.py:75: AssertionError</failure></testcase><testcase classname="tests.visualization.error_analytics.test_components" name="test_error_trends_generator_when_no_errors_returns_message" time="0.051" /><testcase classname="tests.visualization.error_analytics.test_components" name="test_error_distribution_builder_when_counts_requested" time="0.051" /><testcase classname="tests.visualization.error_analytics.test_components" name="test_error_distribution_generator_when_no_errors_returns_message" time="0.052" /><testcase classname="tests.visualization.error_analytics.test_components" name="test_error_distribution_builder_when_storage_missing_raises" time="0.051" /><testcase classname="tests.visualization.error_analytics.test_components" name="test_error_pattern_formatter_when_patterns_present" time="0.052" /><testcase classname="tests.visualization.error_analytics.test_components" name="test_error_pattern_generator_when_tracker_missing_returns_message" time="0.052" /><testcase classname="tests.visualization.error_analytics.test_components" name="test_error_pattern_generator_when_tracker_provides_patterns" time="0.052" /><testcase classname="tests.visualization.error_analytics.test_components" name="test_error_pattern_generator_when_storage_missing_raises" time="0.052" /><testcase classname="tests.visualization.error_analytics.test_components" name="test_top_errors_builder_when_summary_present" time="0.050" /><testcase classname="tests.visualization.error_analytics.test_components" name="test_top_errors_builder_when_storage_missing_raises" time="0.052" /><testcase classname="tests.visualization.error_analytics.test_components" name="test_top_errors_generator_when_no_data_returns_message" time="0.054" /><testcase classname="tests.visualization.error_analytics.test_components" name="test_top_errors_generator_when_storage_missing_raises" time="0.055" /><testcase classname="tests.visualization.error_analytics.test_components" name="test_dashboard_generator_when_components_succeed" time="0.052" /><testcase classname="tests.visualization.error_analytics.test_components" name="test_dashboard_generator_when_storage_missing_raises" time="0.052" /><testcase classname="tests.visualization.error_analytics.test_components" name="test_dashboard_renderer_when_sections_provided" time="0.052" /><testcase classname="tests.visualization.error_analytics.test_components" name="test_dashboard_renderer_when_summary_fails" time="0.055" /><testcase classname="tests.visualization.model_performance.test_latency_histogram_builder" name="test_build_returns_histogram_and_percentiles" time="0.053" /><testcase classname="tests.visualization.model_performance.test_latency_histogram_builder" name="test_build_with_no_metrics_returns_empty_dict" time="0.051" /><testcase classname="tests.visualization.model_performance.test_legacy_adapter" name="test_apply_populates_legacy_fields" time="0.051" /><testcase classname="tests.visualization.model_performance.test_model_comparison_generator" name="test_generate_data_returns_matrices_and_charts" time="0.050" /><testcase classname="tests.visualization.model_performance.test_model_performance_generator" name="test_generate_data_returns_expected_keys" time="0.051" /><testcase classname="tests.visualization.model_performance.test_model_performance_generator" name="test_generate_model_trend_data_filters_by_model" time="0.051" /><testcase classname="tests.visualization.model_performance.test_model_performance_generator" name="test_generate_data_with_guard_wraps_failures" time="0.049" /><testcase classname="tests.visualization.model_performance.test_summary_builder" name="test_build_returns_totals_and_per_model_stats" time="0.050" /><testcase classname="tests.visualization.model_performance.test_summary_builder" name="test_build_handles_empty_metrics" time="0.051" /><testcase classname="tests.visualization.model_performance.test_time_series_builder" name="test_build_generates_latency_and_volume_charts" time="0.050" /><testcase classname="tests.visualization.model_performance.test_time_series_builder" name="test_build_with_no_metrics_returns_empty_charts" time="0.050" /><testcase classname="tests.visualization.model_performance.test_trend_builder" name="test_group_metrics_by_day_clusters_by_calendar_day" time="0.050" /><testcase classname="tests.visualization.model_performance.test_trend_builder" name="test_build_trend_payload_produces_charts" time="0.051" /><testcase classname="tests.visualization.test_baseline_snapshots" name="test_resource_usage_snapshot" time="0.050" /><testcase classname="tests.visualization.test_baseline_snapshots" name="test_system_health_snapshot" time="0.051" /><testcase classname="tests.visualization.test_baseline_snapshots" name="test_model_performance_snapshot" time="0.051" /><testcase classname="tests.visualization.test_baseline_snapshots" name="test_model_comparison_snapshot" time="0.052" /><testcase classname="tests.visualization.test_baseline_snapshots" name="test_streaming_snapshot" time="0.051" /><testcase classname="tests.visualization.test_baseline_snapshots" name="test_batch_snapshot" time="0.054" /><testcase classname="tests.visualization.test_baseline_snapshots" name="test_errors_snapshot" time="0.055" /><testcase classname="tests.visualization.test_chart_schema_validation" name="test_chart_schema_validation[ResourceUsageChartGenerator-kwargs0]" time="0.052"><skipped type="pytest.skip" message="Generator ResourceUsageChartGenerator returned error in unit context: No metrics storage available">/home/founder/jarvis2/tests/visualization/test_chart_schema_validation.py:133: Generator ResourceUsageChartGenerator returned error in unit context: No metrics storage available</skipped></testcase><testcase classname="tests.visualization.test_chart_schema_validation" name="test_chart_schema_validation[SystemHealthChartGenerator-kwargs1]" time="0.051"><skipped type="pytest.skip" message="Generator SystemHealthChartGenerator returned error in unit context: No metrics storage available">/home/founder/jarvis2/tests/visualization/test_chart_schema_validation.py:133: Generator SystemHealthChartGenerator returned error in unit context: No metrics storage available</skipped></testcase><testcase classname="tests.visualization.test_chart_schema_validation" name="test_chart_schema_validation[BatchSizeOptimizationChartGenerator-kwargs2]" time="0.051"><skipped type="pytest.skip" message="Generator BatchSizeOptimizationChartGenerator returned error in unit context: No metrics storage available">/home/founder/jarvis2/tests/visualization/test_chart_schema_validation.py:133: Generator BatchSizeOptimizationChartGenerator returned error in unit context: No metrics storage available</skipped></testcase><testcase classname="tests.visualization.test_chart_schema_validation" name="test_chart_schema_validation[ModelPerformanceChartGenerator-kwargs3]" time="0.051"><skipped type="pytest.skip" message="Generator ModelPerformanceChartGenerator returned error in unit context: No metrics storage available">/home/founder/jarvis2/tests/visualization/test_chart_schema_validation.py:133: Generator ModelPerformanceChartGenerator returned error in unit context: No metrics storage available</skipped></testcase><testcase classname="tests.visualization.test_dashboard_context" name="test_build_uses_provided_charts_summary_and_meta" time="0.051" /><testcase classname="tests.visualization.test_dashboard_context" name="test_build_converts_legacy_payloads_to_chart_sections" time="0.050" /><testcase classname="tests.visualization.test_dashboard_renderer" name="test_render_composes_sections_and_scripts" time="0.050" /><testcase classname="tests.visualization.test_dashboard_renderer" name="test_render_skips_empty_sections" time="0.052" /><testcase classname="tests.visualization.test_dashboard_scripts" name="test_build_generates_scripts_for_available_charts" time="0.052" /><testcase classname="tests.visualization.test_dashboard_scripts" name="test_build_handles_missing_sections_gracefully" time="0.052" /><testcase classname="tests.visualization.test_schema_validator" name="test_structured_generators_schema[ResourceUsageChartGenerator-kwargs0]" time="0.052" /><testcase classname="tests.visualization.test_schema_validator" name="test_structured_generators_schema[SystemHealthChartGenerator-kwargs1]" time="0.052" /><testcase classname="tests.visualization.test_schema_validator" name="test_structured_generators_schema[BatchSizeOptimizationChartGenerator-kwargs2]" time="0.052" /><testcase classname="tests.voice.test_config_defaults" name="test_defaults_mirror_current_literals" time="0.000"><skipped type="pytest.skip" message="Phase 1 later step will enable">/home/founder/jarvis2/tests/voice/test_config_defaults.py:4: Phase 1 later step will enable</skipped></testcase><testcase classname="tests.voice.test_config_overrides_apply" name="test_config_overrides_reflected" time="0.051" /><testcase classname="tests.voice.test_conversation_sm" name="test_import_neutrality" time="0.052" /><testcase classname="tests.voice.test_conversation_sm" name="test_happy_path_followup_within_grace" time="0.052" /><testcase classname="tests.voice.test_conversation_sm" name="test_grace_expiry_ends_session" time="0.052" /><testcase classname="tests.voice.test_cutover_and_rollback" name="test_rollback_bypasses_new_modes" time="0.055" /><testcase classname="tests.voice.test_cutover_and_rollback" name="test_legacy_shim_warns_once" time="0.056" /><testcase classname="tests.voice.test_cutover_and_rollback" name="test_flags_on_still_use_orchestrator_path" time="1.058" /><testcase classname="tests.voice.test_health_heartbeat" name="test_voice_health_404_by_default" time="0.578" /><testcase classname="tests.voice.test_health_heartbeat" name="test_voice_health_ok_when_enabled" time="0.571" /><testcase classname="tests.voice.test_idle_grace_indicator_cadence" name="test_idle_grace_indicator_called_once" time="0.111" /><testcase classname="tests.voice.test_idle_grace_single_entry" name="test_idle_grace_indicator_called_once" time="0.091" /><testcase classname="tests.voice.test_import_neutrality" name="test_import_voice_config_has_no_side_effects" time="0.060" /><testcase classname="tests.voice.test_import_neutrality" name="test_import_stt_whisper_has_no_side_effects" time="0.061" /><testcase classname="tests.voice.test_import_neutrality" name="test_import_io_audio_has_no_side_effects" time="0.061" /><testcase classname="tests.voice.test_import_parity" name="test_import_parity[agents.companion.whisper_listener.audio-agents.companion.voice.stt_whisper-transcribe_audio-transcribe]" time="0.062" /><testcase classname="tests.voice.test_incident_log_policy" name="test_incident_log_off_by_default" time="0.061" /><testcase classname="tests.voice.test_incident_log_policy" name="test_incident_log_on_emits_minimal_json" time="0.061" /><testcase classname="tests.voice.test_incident_log_policy" name="test_privacy_guard_emits_incident_when_enabled" time="0.052" /><testcase classname="tests.voice.test_incident_log_policy" name="test_subproc_incident_on_failure_respects_flag" time="0.052" /><testcase classname="tests.voice.test_intent_router" name="test_route_intent_happy_path_note_returns_unhandled_signature_when_no_handler" time="0.051" /><testcase classname="tests.voice.test_intent_router" name="test_route_intent_unknown_falls_back_to_llm_service_stub[this will not match any intent]" time="0.058" /><testcase classname="tests.voice.test_intent_router" name="test_route_intent_unknown_falls_back_to_llm_service_stub[some random text]" time="0.055" /><testcase classname="tests.voice.test_intent_router" name="test_route_intent_unknown_falls_back_to_llm_service_stub[   \t  ]" time="0.050" /><testcase classname="tests.voice.test_intent_router" name="test_route_intent_unknown_falls_back_to_llm_service_stub[...?! \u2014\u2013\u2013 ,,, ( ) [ ] { } ;: /\\\\ ]" time="0.050" /><testcase classname="tests.voice.test_intent_router_contract" name="test_known_phrase_routes_to_action_when_actions_enabled" time="0.050" /><testcase classname="tests.voice.test_intent_router_contract" name="test_unknown_intents_fall_back_to_llm_service_stub[what time is it?]" time="0.051" /><testcase classname="tests.voice.test_intent_router_contract" name="test_unknown_intents_fall_back_to_llm_service_stub[random words that do not match]" time="0.052" /><testcase classname="tests.voice.test_intent_router_contract" name="test_config_override_can_force_service_even_for_known_action" time="0.057" /><testcase classname="tests.voice.test_intent_router_contract" name="test_task_phrase_routes_to_task_action_when_actions_enabled" time="0.058" /><testcase classname="tests.voice.test_intent_router_import_parity" name="test_legacy_router_shim_warns_and_exports[agents.companion.whisper_listener.intent_router-agents.companion.voice.orchestration.intent_router-route_intent-route_intent]" time="0.053" /><testcase classname="tests.voice.test_io_audio_contract" name="test_import_has_no_device_access" time="0.052" /><testcase classname="tests.voice.test_io_audio_contract" name="test_record_once_builds_args_from_config" time="0.054" /><testcase classname="tests.voice.test_io_audio_contract" name="test_record_with_vad_uses_shorter_window" time="0.053" /><testcase classname="tests.voice.test_latency_contract_smoke" name="test_latency_smoke_with_flips" time="0.000"><skipped type="pytest.skip" message="Enabled in later phases or with explicit env flips">/home/founder/jarvis2/tests/voice/test_latency_contract_smoke.py:6: Enabled in later phases or with explicit env flips</skipped></testcase><testcase classname="tests.voice.test_log_redaction_filter" name="test_redaction_on_off[0]" time="0.054" /><testcase classname="tests.voice.test_log_redaction_filter" name="test_redaction_on_off[1]" time="0.055" /><testcase classname="tests.voice.test_log_redaction_filter" name="test_no_import_side_effects" time="0.051" /><testcase classname="tests.voice.test_logging_config" name="test_default_logging_disabled_creates_no_file" time="0.052" /><testcase classname="tests.voice.test_logging_config" name="test_enabled_logging_creates_rotating_file" time="0.052" /><testcase classname="tests.voice.test_logging_config" name="test_retention_removes_old_files" time="0.053" /><testcase classname="tests.voice.test_logging_config" name="test_setup_logger_triggers_retention_cleanup_when_enabled" time="0.055" /><testcase classname="tests.voice.test_logging_config" name="test_log_level_env_controls_emission" time="0.053" /><testcase classname="tests.voice.test_meeting_controller_and_stitcher" name="test_stitch_merges_and_dedups_overlap" time="0.052" /><testcase classname="tests.voice.test_meeting_controller_and_stitcher" name="test_controller_happy_path_and_ttft_under_budget" time="0.051" /><testcase classname="tests.voice.test_meeting_controller_and_stitcher" name="test_stitch_various[input_segs0-expected0]" time="0.050" /><testcase classname="tests.voice.test_meeting_controller_and_stitcher" name="test_stitch_various[input_segs1-expected1]" time="0.050" /><testcase classname="tests.voice.test_meeting_controller_and_stitcher" name="test_stitch_dedups_full_word_with_punct_overlap" time="0.050" /><testcase classname="tests.voice.test_meeting_controller_and_stitcher" name="test_stitch_handles_long_phrase_overlap" time="0.050" /><testcase classname="tests.voice.test_meeting_controller_and_stitcher" name="test_stitch_multi_segment_chain_with_punctuation" time="0.049" /><testcase classname="tests.voice.test_metrics_counters_optional" name="test_noop_by_default" time="0.050" /><testcase classname="tests.voice.test_metrics_counters_optional" name="test_enabled_counters_increment" time="0.052" /><testcase classname="tests.voice.test_metrics_export" name="test_voice_metrics_404_when_flag_off" time="0.564" /><testcase classname="tests.voice.test_metrics_export" name="test_voice_metrics_present_when_flag_on" time="0.566" /><testcase classname="tests.voice.test_metrics_export" name="test_voice_metrics_ops_alias_present_when_flag_on" time="0.574" /><testcase classname="tests.voice.test_metrics_export" name="test_voice_metrics_ops_404_when_flag_off" time="0.571" /><testcase classname="tests.voice.test_offline_mode" name="test_llm_offline_blocks_and_returns_fallback" time="0.061" /><testcase classname="tests.voice.test_offline_mode" name="test_backend_offline_blocks_and_returns_fallback" time="0.062" /><testcase classname="tests.voice.test_offline_mode" name="test_services_return_stubs_when_offline_disabled" time="0.061" /><testcase classname="tests.voice.test_orchestrator_bridge" name="test_flags_off_uses_legacy_path" time="0.064" /><testcase classname="tests.voice.test_orchestrator_bridge" name="test_flags_on_calls_orchestrator" time="1.066" /><testcase classname="tests.voice.test_orchestrator_bridge" name="test_orchestrator_exception_falls_back" time="0.060" /><testcase classname="tests.voice.test_orchestrator_plan_contract" name="test_stategraph_plan_sequences[True-False-expected_subsequence0]" time="0.060" /><testcase classname="tests.voice.test_orchestrator_plan_contract" name="test_stategraph_plan_sequences[False-True-expected_subsequence1]" time="0.061" /><testcase classname="tests.voice.test_orchestrator_plan_contract" name="test_stategraph_plan_sequences[True-True-expected_subsequence2]" time="0.061" /><testcase classname="tests.voice.test_privacy_guard_service_boundary" name="test_backend_service_uses_privacy_guard" time="0.062" /><testcase classname="tests.voice.test_privacy_guard_service_boundary" name="test_no_raw_subprocess_run_in_voice_package" time="0.063" /><testcase classname="tests.voice.test_rollout_flags" name="test_rollout_conv_100_always_on" time="0.062" /><testcase classname="tests.voice.test_rollout_flags" name="test_rollout_conv_0_always_skipped" time="0.060" /><testcase classname="tests.voice.test_rollout_flags" name="test_rollout_conv_50_halfish" time="0.083" /><testcase classname="tests.voice.test_rollout_flags" name="test_rollout_meeting_0_100" time="0.051" /><testcase classname="tests.voice.test_rollout_flags" name="test_rollout_conv_50_statistical" time="0.052" /><testcase classname="tests.voice.test_router_force_service_flag" name="test_force_service_env_overrides_actions" time="0.053" /><testcase classname="tests.voice.test_router_import_neutrality" name="test_router_and_packages_import_neutral" time="0.052" /><testcase classname="tests.voice.test_stt_adapter_api" name="test_adapter_transcribe_cpu_calls_cli" time="0.054" /><testcase classname="tests.voice.test_stt_adapter_api" name="test_adapter_transcribe_gpu_adds_flag" time="0.055" /><testcase classname="tests.voice.test_stt_adapter_api" name="test_audio_shim_warns_and_exports_transcribe" time="0.050" /><testcase classname="tests.voice.test_stt_timeout_and_error_mapping" name="test_timeout_maps_to_timeout_error" time="0.051" /><testcase classname="tests.voice.test_stt_timeout_and_error_mapping" name="test_missing_binary_and_model" time="0.054" /><testcase classname="tests.voice.test_subproc_helper" name="test_failed_process_exposes_fields" time="0.050" /><testcase classname="tests.voice.test_subproc_helper" name="test_timeout_exposes_fields" time="0.052" /><testcase classname="tests.voice.test_subproc_helper" name="test_failed_process_stderr_boundary_at_limit" time="0.052" /><testcase classname="tests.voice.test_subproc_helper" name="test_timeout_stderr_boundary_at_limit" time="0.051" /><testcase classname="tests.voice.test_summary_atomic_write" name="test_summary_write_is_atomic_and_sanitized" time="0.081" /><testcase classname="tests.voice.test_tts_dedup_and_cleanup" name="test_should_playback_normalization[Hello, world!-hello world-False]" time="0.049" /><testcase classname="tests.voice.test_tts_dedup_and_cleanup" name="test_should_playback_normalization[Hi-Hi-False]" time="0.051" /><testcase classname="tests.voice.test_tts_dedup_and_cleanup" name="test_should_playback_normalization[Hi-Hi!!!-False]" time="0.051" /><testcase classname="tests.voice.test_tts_dedup_and_cleanup" name="test_should_playback_normalization[Hello-Hello there-True]" time="0.051" /><testcase classname="tests.voice.test_tts_dedup_and_cleanup" name="test_should_playback_normalization[-Hello-True]" time="0.051" /><testcase classname="tests.voice.test_tts_dedup_and_cleanup" name="test_should_playback_normalization[Hello--False]" time="0.051" /><testcase classname="tests.voice.test_tts_dedup_and_cleanup" name="test_cleanup_temp_files_respects_voice_log_env" time="0.051" /><testcase classname="tests.voice.test_ui_badge_helper" name="test_all_widgets_share_rollback_badge[False]" time="0.052" /><testcase classname="tests.voice.test_ui_badge_helper" name="test_all_widgets_share_rollback_badge[True]" time="0.052" /><testcase classname="tests.voice.test_ui_toggles_and_panel" name="test_toggles_reflect_flags_import_neutral" time="0.058" /><testcase classname="tests.voice.test_ui_toggles_and_panel" name="test_meeting_panel_transcript_and_summary" time="0.053" /><testcase classname="tests.voice.test_ui_toggles_and_panel" name="test_idle_grace_indicator_called" time="0.081" /><testcase classname="tests.voice.test_voice_loop_conv_mode" name="test_legacy_single_turn_path_runs" time="0.049" /><testcase classname="tests.voice.test_voice_loop_conv_mode" name="test_conv_mode_invoked_and_followup_within_grace" time="1.060" /><testcase classname="tests.voice.test_voice_loop_meeting_guard" name="test_meeting_mode_guard_defaults_unchanged" time="0.060" /><testcase classname="tests.voice.test_voice_loop_meeting_guard" name="test_meeting_mode_guard_invokes_controller_and_overlap" time="0.092" /><testcase classname="tests.voice.test_voice_loop_meeting_mode" name="test_meeting_mode_uses_vad_capture_when_enabled" time="0.091" /><testcase classname="tests.voice.test_voice_loop_meeting_mode" name="test_meeting_mode_partial_emissions_are_ordered_no_dupes" time="0.093" /><testcase classname="tests.voice.test_whisper_cli_smoke" name="test_whisper_cli_end_to_end" time="0.000"><skipped type="pytest.skip" message="Requires local whisper-cli and model assets; enable manually">/home/founder/jarvis2/tests/voice/test_whisper_cli_smoke.py:6: Requires local whisper-cli and model assets; enable manually</skipped></testcase><testcase classname="agents.core.autonomy.tests.test_policy_loop" name="test_policy_emits_when_cpu_high" time="0.532" /><testcase classname="agents.core.autonomy.tests.test_policy_loop" name="test_policy_no_emit_when_cpu_normal" time="0.532" /><testcase classname=".repo_studios.tests.test_health_suite_orchestrator" name="test_orchestrator_includes_typecheck_step" time="10.301" /><testcase classname=".repo_studios.tests.test_health_suite_summary" name="test_summary_includes_typecheck_section" time="0.321" /><testcase classname=".repo_studios.tests.test_lizard_report" name="test_lizard_report_records_offenders" time="0.056" /><testcase classname=".repo_studios.tests.test_lizard_report" name="test_lizard_report_handles_missing_module" time="0.058" /><testcase classname=".repo_studios.tests.test_pytest_log_runner_paths" name="test_logs_dir_defaults_to_workspace_root" time="0.056" /><testcase classname=".repo_studios.tests.test_test_log_health_report_pick_best" name="test_pick_best_junit_prefers_multi_test_over_internal" time="0.058" /><testcase classname=".repo_studios.tests.test_typecheck_report" name="test_typecheck_report_with_mocked_mypy_output" time="0.054" /><testcase classname=".repo_studios.tests.test_typecheck_report_fast_mode" name="test_fast_mode_curates_targets" time="0.056" /><testcase classname="agents.core.monitoring.metrics_storage.tests.retention.metadata.test_api.TestModuleFunctions" name="test_find_recovery_options" time="0.053" /><testcase classname="agents.core.monitoring.metrics_storage.tests.retention.metadata.test_api.TestModuleFunctions" name="test_get_default_metadata_tracker" time="0.051" /><testcase classname="agents.core.monitoring.metrics_storage.tests.retention.metadata.test_api.TestModuleFunctions" name="test_record_cleanup" time="0.051" /><testcase classname="agents.core.monitoring.metrics_storage.tests.retention.metadata.test_api.TestModuleFunctions" name="test_set_default_metadata_tracker" time="0.052" /><testcase classname="agents.core.monitoring.metrics_storage.tests.retention.metadata.test_enums.TestCleanupEnums" name="test_cleanup_action_values" time="0.049" /><testcase classname="agents.core.monitoring.metrics_storage.tests.retention.metadata.test_enums.TestCleanupEnums" name="test_cleanup_reason_values" time="0.049" /><testcase classname="agents.core.monitoring.metrics_storage.tests.retention.metadata.test_integration.TestIntegration" name="test_end_to_end_metadata_workflow" time="0.052" /><testcase classname="agents.core.monitoring.metrics_storage.tests.retention.metadata.test_integration.TestIntegration" name="test_multiple_cleanup_operations" time="0.059" /><testcase classname="agents.core.monitoring.metrics_storage.tests.retention.metadata.test_record.TestMetadataRecord" name="test_from_dict" time="0.053" /><testcase classname="agents.core.monitoring.metrics_storage.tests.retention.metadata.test_record.TestMetadataRecord" name="test_from_json" time="0.054" /><testcase classname="agents.core.monitoring.metrics_storage.tests.retention.metadata.test_record.TestMetadataRecord" name="test_get_preferred_recovery_method" time="0.050" /><testcase classname="agents.core.monitoring.metrics_storage.tests.retention.metadata.test_record.TestMetadataRecord" name="test_has_recovery_options" time="0.050" /><testcase classname="agents.core.monitoring.metrics_storage.tests.retention.metadata.test_record.TestMetadataRecord" name="test_initialization" time="0.049" /><testcase classname="agents.core.monitoring.metrics_storage.tests.retention.metadata.test_record.TestMetadataRecord" name="test_record_recovery_attempt" time="0.049" /><testcase classname="agents.core.monitoring.metrics_storage.tests.retention.metadata.test_record.TestMetadataRecord" name="test_to_dict" time="0.050" /><testcase classname="agents.core.monitoring.metrics_storage.tests.retention.metadata.test_record.TestMetadataRecord" name="test_to_json" time="0.049" /><testcase classname="agents.core.monitoring.metrics_storage.tests.retention.metadata.test_record.TestMetadataRecord" name="test_update_recovery_options" time="0.049" /><testcase classname="agents.core.monitoring.metrics_storage.tests.retention.metadata.test_storage.TestMetadataStorage" name="test_delete_record" time="0.050" /><testcase classname="agents.core.monitoring.metrics_storage.tests.retention.metadata.test_storage.TestMetadataStorage" name="test_find_records" time="0.051" /><testcase classname="agents.core.monitoring.metrics_storage.tests.retention.metadata.test_storage.TestMetadataStorage" name="test_get_by_item" time="0.050" /><testcase classname="agents.core.monitoring.metrics_storage.tests.retention.metadata.test_storage.TestMetadataStorage" name="test_get_nonexistent" time="0.050" /><testcase classname="agents.core.monitoring.metrics_storage.tests.retention.metadata.test_storage.TestMetadataStorage" name="test_get_stats" time="0.050" /><testcase classname="agents.core.monitoring.metrics_storage.tests.retention.metadata.test_storage.TestMetadataStorage" name="test_initialization" time="0.050" /><testcase classname="agents.core.monitoring.metrics_storage.tests.retention.metadata.test_storage.TestMetadataStorage" name="test_purge_old_records" time="0.050" /><testcase classname="agents.core.monitoring.metrics_storage.tests.retention.metadata.test_storage.TestMetadataStorage" name="test_store_and_get" time="0.050" /><testcase classname="agents.core.monitoring.metrics_storage.tests.retention.metadata.test_storage.TestMetadataStorage" name="test_update_record" time="0.051" /><testcase classname="agents.core.monitoring.metrics_storage.tests.retention.metadata.test_tracker.TestCleanupMetadataTracker" name="test_find_recovery_options" time="0.055" /><testcase classname="agents.core.monitoring.metrics_storage.tests.retention.metadata.test_tracker.TestCleanupMetadataTracker" name="test_get_cleanup_info" time="0.053" /><testcase classname="agents.core.monitoring.metrics_storage.tests.retention.metadata.test_tracker.TestCleanupMetadataTracker" name="test_get_cleanup_stats" time="0.051" /><testcase classname="agents.core.monitoring.metrics_storage.tests.retention.metadata.test_tracker.TestCleanupMetadataTracker" name="test_initialization" time="0.050" /><testcase classname="agents.core.monitoring.metrics_storage.tests.retention.metadata.test_tracker.TestCleanupMetadataTracker" name="test_record_cleanup_aggregation" time="0.051" /><testcase classname="agents.core.monitoring.metrics_storage.tests.retention.metadata.test_tracker.TestCleanupMetadataTracker" name="test_record_cleanup_archival" time="0.049" /><testcase classname="agents.core.monitoring.metrics_storage.tests.retention.metadata.test_tracker.TestCleanupMetadataTracker" name="test_record_cleanup_with_audit_trail" time="0.050" /><testcase classname="agents.core.monitoring.metrics_storage.tests.retention.metadata.test_tracker.TestCleanupMetadataTracker" name="test_record_cleanup_with_tombstone" time="0.054" /><testcase classname="agents.core.monitoring.metrics_storage.tests.retention.metadata.test_tracker.TestCleanupMetadataTracker" name="test_record_recovery_attempt" time="0.054" /><testcase classname="agents.core.monitoring.metrics_storage.tests.retention.recovery.test_integrations.RecoveryIntegrationsTestCase" name="test_resolve_restore_from_tombstone_fallback" time="0.053" /><testcase classname="agents.core.monitoring.metrics_storage.tests.retention.recovery.test_integrations.RecoveryIntegrationsTestCase" name="test_resolve_restore_from_tombstone_prefers_alias_module" time="0.056" /><testcase classname="agents.core.monitoring.metrics_storage.tests.retention.recovery.test_manager_archive.RecoveryManagerArchiveTestCase" name="test_archive_copy_to_target_path" time="0.053" /><testcase classname="agents.core.monitoring.metrics_storage.tests.retention.recovery.test_manager_archive.RecoveryManagerArchiveTestCase" name="test_collect_recovery_options_detects_archive" time="0.053" /><testcase classname="agents.core.monitoring.metrics_storage.tests.retention.recovery.test_manager_archive.RecoveryManagerArchiveTestCase" name="test_recover_item_from_archive" time="0.053" /><testcase classname="agents.core.monitoring.metrics_storage.tests.retention.recovery.test_manager_archive.RecoveryManagerArchiveTestCase" name="test_restore_from_archive_missing_returns_none" time="0.053" /><testcase classname="agents.core.monitoring.metrics_storage.tests.retention.recovery.test_manager_archive.RecoveryManagerArchiveTestCase" name="test_restore_from_archive_non_json_with_target_path" time="0.052" /><testcase classname="agents.core.monitoring.metrics_storage.tests.retention.recovery.test_manager_archive.RecoveryManagerArchiveTestCase" name="test_restore_from_archive_non_json_without_target_returns_path" time="0.053" /><testcase classname="agents.core.monitoring.metrics_storage.tests.retention.recovery.test_manager_backup.RecoveryManagerBackupTestCase" name="test_find_recovery_options_includes_backup" time="0.052" /><testcase classname="agents.core.monitoring.metrics_storage.tests.retention.recovery.test_manager_backup.RecoveryManagerBackupTestCase" name="test_find_recovery_options_merges_metadata" time="0.052"><skipped type="pytest.skip" message="Metadata module not available">/home/founder/jarvis2/agents/core/monitoring/metrics_storage/tests/retention/recovery/test_manager_backup.py:135: Metadata module not available</skipped></testcase><testcase classname="agents.core.monitoring.metrics_storage.tests.retention.recovery.test_manager_backup.RecoveryManagerBackupTestCase" name="test_get_recovery_stats_reads_logs" time="0.057" /><testcase classname="agents.core.monitoring.metrics_storage.tests.retention.recovery.test_manager_backup.RecoveryManagerBackupTestCase" name="test_initialization_sets_directories" time="0.056" /><testcase classname="agents.core.monitoring.metrics_storage.tests.retention.recovery.test_manager_backup.RecoveryManagerBackupTestCase" name="test_log_recovery_result_persists_payload" time="0.052" /><testcase classname="agents.core.monitoring.metrics_storage.tests.retention.recovery.test_manager_backup.RecoveryManagerBackupTestCase" name="test_recover_item_from_backup_file" time="0.053" /><testcase classname="agents.core.monitoring.metrics_storage.tests.retention.recovery.test_manager_backup.RecoveryManagerBackupTestCase" name="test_recover_item_from_backup_uses_fallback_payload" time="0.053" /><testcase classname="agents.core.monitoring.metrics_storage.tests.retention.recovery.test_manager_backup.RecoveryManagerBackupTestCase" name="test_recover_nonexistent_item_records_error" time="0.054" /><testcase classname="agents.core.monitoring.metrics_storage.tests.retention.recovery.test_manager_backup.RecoveryManagerBackupTestCase" name="test_tombstone_short_circuit_success" time="0.054" /><testcase classname="agents.core.monitoring.metrics_storage.tests.retention.recovery.test_manager_original.RecoveryManagerOriginalDataTestCase" name="test_recover_item_from_original_data_option" time="0.053" /><testcase classname="agents.core.monitoring.metrics_storage.tests.retention.recovery.test_manager_original.RecoveryManagerOriginalDataTestCase" name="test_recover_item_original_data_option_missing_payload" time="0.052" /><testcase classname="agents.core.monitoring.metrics_storage.tests.retention.recovery.test_module_api.RecoveryModuleApiTestCase" name="test_find_recovery_options_delegates_to_manager" time="0.051" /><testcase classname="agents.core.monitoring.metrics_storage.tests.retention.recovery.test_module_api.RecoveryModuleApiTestCase" name="test_get_default_recovery_manager_singleton" time="0.050" /><testcase classname="agents.core.monitoring.metrics_storage.tests.retention.recovery.test_module_api.RecoveryModuleApiTestCase" name="test_recover_item_coerces_string_preference" time="0.055" /><testcase classname="agents.core.monitoring.metrics_storage.tests.retention.recovery.test_module_api.RecoveryModuleApiTestCase" name="test_set_default_recovery_manager_overrides" time="0.055" /><testcase classname="agents.core.monitoring.metrics_storage.tests.retention.recovery.test_options.RecoveryOptionsTestCase" name="test_attempt_restore_from_backup_missing" time="0.053" /><testcase classname="agents.core.monitoring.metrics_storage.tests.retention.recovery.test_options.RecoveryOptionsTestCase" name="test_attempt_restore_from_backup_reads_json" time="0.052" /><testcase classname="agents.core.monitoring.metrics_storage.tests.retention.recovery.test_options.RecoveryOptionsTestCase" name="test_attempt_restore_from_tombstone_handles_none" time="0.055" /><testcase classname="agents.core.monitoring.metrics_storage.tests.retention.recovery.test_options.RecoveryOptionsTestCase" name="test_attempt_restore_from_tombstone_invokes_callable" time="0.054" /><testcase classname="agents.core.monitoring.metrics_storage.tests.retention.recovery.test_options.RecoveryOptionsTestCase" name="test_normalize_preference_accepts_strings" time="0.053" /><testcase classname="agents.core.monitoring.metrics_storage.tests.retention.recovery.test_options.RecoveryOptionsTestCase" name="test_normalize_preference_handles_invalid" time="0.053" /><testcase classname="agents.core.monitoring.metrics_storage.tests.retention.recovery.test_options.RecoveryOptionsTestCase" name="test_prioritise_recovery_options_orders_sources" time="0.059" /><testcase classname="agents.core.monitoring.metrics_storage.tests.retention.recovery.test_options.RecoveryOptionsTestCase" name="test_prioritise_recovery_options_respects_preference" time="0.051" /><testcase classname="agents.core.monitoring.metrics_storage.tests.retention.recovery.test_options.RecoveryOptionsTestCase" name="test_resolve_recovery_options_from_metadata" time="0.052" /><testcase classname="agents.core.monitoring.metrics_storage.tests.retention.recovery.test_options.RecoveryOptionsTestCase" name="test_resolve_restore_callable_delegates" time="0.056" /><testcase classname="agents.core.monitoring.metrics_storage.tests.retention.recovery.test_results.TestRecoverySource" name="test_enum_values" time="0.054" /><testcase classname="agents.core.monitoring.metrics_storage.tests.retention.recovery.test_results.TestRecoveryError" name="test_initialization_defaults" time="0.053" /><testcase classname="agents.core.monitoring.metrics_storage.tests.retention.recovery.test_results.TestRecoveryError" name="test_initialization_with_code" time="0.053" /><testcase classname="agents.core.monitoring.metrics_storage.tests.retention.recovery.test_results.TestRecoveryResult" name="test_complete" time="0.053" /><testcase classname="agents.core.monitoring.metrics_storage.tests.retention.recovery.test_results.TestRecoveryResult" name="test_initial_state" time="0.053" /><testcase classname="agents.core.monitoring.metrics_storage.tests.retention.recovery.test_results.TestRecoveryResult" name="test_record_attempt" time="0.055" /><testcase classname="agents.core.monitoring.metrics_storage.tests.retention.recovery.test_results.TestRecoveryResult" name="test_record_error_flexibility" time="0.055" /><testcase classname="agents.core.monitoring.metrics_storage.tests.retention.recovery.test_results.TestRecoveryResult" name="test_set_metadata" time="0.051" /><testcase classname="agents.core.monitoring.metrics_storage.tests.retention.recovery.test_results.TestRecoveryResult" name="test_set_success" time="0.055" /><testcase classname="agents.core.monitoring.metrics_storage.tests.retention.recovery.test_results.TestRecoveryResult" name="test_to_dict_and_from_dict" time="0.058" /><testcase classname="agents.core.monitoring.metrics_storage.tests.retention.scheduler.test_scheduler_models.TestJobSchedule" name="test_serialization_round_trip" time="0.052" /><testcase classname="agents.core.monitoring.metrics_storage.tests.retention.scheduler.test_scheduler_models.TestJobSchedule" name="test_should_run_respects_time_constraints" time="0.054" /><testcase classname="agents.core.monitoring.metrics_storage.tests.retention.scheduler.test_scheduler_models.TestJobSchedule" name="test_update_after_run_advances_to_next_valid_slot" time="0.053" /><testcase classname="agents.core.monitoring.metrics_storage.tests.retention.scheduler.test_scheduler_models.TestJobInfo" name="test_serialization_round_trip" time="0.056" /><testcase classname="agents.core.monitoring.metrics_storage.tests.retention.scheduler.test_scheduler_models.TestJobInfo" name="test_status_and_result_tracking" time="0.059" /><testcase classname="agents.core.monitoring.metrics_storage.tests.retention.scheduler.test_scheduler_models.TestResourceLimits" name="test_from_legacy_arguments" time="0.054" /><testcase classname="agents.core.monitoring.metrics_storage.tests.retention.scheduler.test_scheduler_notifications.TestCleanupNotifier" name="test_notifications_respect_enabled_flag" time="0.056" /><testcase classname="agents.core.monitoring.metrics_storage.tests.retention.scheduler.test_scheduler_notifications.TestCleanupNotifier" name="test_notifications_write_logs_and_call_handlers" time="0.052" /><testcase classname="agents.core.monitoring.metrics_storage.tests.retention.scheduler.test_scheduler_resource_guard.TestResourceGuard" name="test_disk_space_emergency_callback" time="0.052" /><testcase classname="agents.core.monitoring.metrics_storage.tests.retention.scheduler.test_scheduler_resource_guard.TestResourceGuard" name="test_resource_constraints_detected" time="0.052" /><testcase classname="agents.core.monitoring.metrics_storage.tests.retention.scheduler.test_scheduler_worker_pool.TestWorkerPool" name="test_failing_job_execution" time="1.053" /><testcase classname="agents.core.monitoring.metrics_storage.tests.retention.scheduler.test_scheduler_worker_pool.TestWorkerPool" name="test_queue_full_returns_false" time="1.055" /><testcase classname="agents.core.monitoring.metrics_storage.tests.retention.scheduler.test_scheduler_worker_pool.TestWorkerPool" name="test_successful_job_execution" time="1.052" /><testcase classname="agents.core.monitoring.metrics_storage.tests.retention.test_aggregators.TestRetentionAggregators" name="test_apply_aggregation_strategy" time="0.050" /><testcase classname="agents.core.monitoring.metrics_storage.tests.retention.test_aggregators.TestRetentionAggregators" name="test_calculate_metrics_summary" time="0.051" /><testcase classname="agents.core.monitoring.metrics_storage.tests.retention.test_aggregators.TestRetentionAggregators" name="test_estimate_storage_savings" time="0.052" /><testcase classname="agents.core.monitoring.metrics_storage.tests.retention.test_audit.TestAudit" name="test_record_and_list" time="0.057" /><testcase classname="agents.core.monitoring.metrics_storage.tests.retention.test_audit.TestAudit" name="test_since_until_filters" time="0.054" /><testcase classname="agents.core.monitoring.metrics_storage.tests.retention.test_audit.TestAudit" name="test_summarize" time="0.053" /><testcase classname="agents.core.monitoring.metrics_storage.tests.retention.test_backup_cleanup_integration.TestBackupCleanupIntegration" name="test_backup_verification_during_cleanup" time="0.066" /><testcase classname="agents.core.monitoring.metrics_storage.tests.retention.test_backup_cleanup_integration.TestBackupCleanupIntegration" name="test_cleanup_with_different_importance_levels" time="0.058" /><testcase classname="agents.core.monitoring.metrics_storage.tests.retention.test_backup_cleanup_integration.TestBackupCleanupIntegration" name="test_integration_with_importance_based_backup" time="0.065" /><testcase classname="agents.core.monitoring.metrics_storage.tests.retention.test_backup_cleanup_integration.TestBackupCleanupIntegration" name="test_pre_cleanup_backup_creation" time="0.072" /><testcase classname="agents.core.monitoring.metrics_storage.tests.retention.test_backup_cleanup_integration.TestBackupCleanupIntegration" name="test_recovery_after_cleanup" time="0.068" /><testcase classname="agents.core.monitoring.metrics_storage.tests.retention.test_backup_cleanup_integration.TestBackupCleanupIntegration" name="test_tombstone_creation_during_cleanup" time="0.057" /><testcase classname="agents.core.monitoring.metrics_storage.tests.retention.test_cli.TestCLI" name="test_audit_record_and_list" time="0.055" /><testcase classname="agents.core.monitoring.metrics_storage.tests.retention.test_cli.TestCLI" name="test_batch_jsonl_stdout" time="0.054" /><testcase classname="agents.core.monitoring.metrics_storage.tests.retention.test_cli.TestCLI" name="test_env_base_dir_default_and_no_compress_flag" time="0.054" /><testcase classname="agents.core.monitoring.metrics_storage.tests.retention.test_cli.TestCLI" name="test_file_io_single_and_batch_and_errors" time="0.055" /><testcase classname="agents.core.monitoring.metrics_storage.tests.retention.test_cli.TestCLI" name="test_job_run_emits_insights" time="0.060" /><testcase classname="agents.core.monitoring.metrics_storage.tests.retention.test_cli.TestCLI" name="test_job_run_with_aggregate" time="0.054" /><testcase classname="agents.core.monitoring.metrics_storage.tests.retention.test_cli.TestCLI" name="test_policy_plan_plus_run_cli" time="0.054" /><testcase classname="agents.core.monitoring.metrics_storage.tests.retention.test_cli.TestCLI" name="test_unknown_cmd_error" time="0.054" /><testcase classname="agents.core.monitoring.metrics_storage.tests.retention.test_data_query.TestDataQuery" name="test_get_data_for_time_range_basic" time="0.054" /><testcase classname="agents.core.monitoring.metrics_storage.tests.retention.test_data_query.TestDataQuery" name="test_get_data_for_time_range_max_items_and_empty" time="0.053" /><testcase classname="agents.core.monitoring.metrics_storage.tests.retention.test_data_query.TestDataQuery" name="test_get_data_for_time_range_start_end_bounds" time="0.051" /><testcase classname="agents.core.monitoring.metrics_storage.tests.retention.test_jobs.TestJobBase" name="test_execute_success_and_failure" time="0.051" /><testcase classname="agents.core.monitoring.metrics_storage.tests.retention.test_jobs.TestAggregateMetricsJob" name="test_run_increments_aggregated" time="0.053" /><testcase classname="agents.core.monitoring.metrics_storage.tests.retention.test_jobs.TestArchiveDataJob" name="test_archives_items_from_context" time="0.053" /><testcase classname="agents.core.monitoring.metrics_storage.tests.retention.test_jobs.TestDeleteDataJob" name="test_deletes_items_not_in_keep" time="0.052" /><testcase classname="agents.core.monitoring.metrics_storage.tests.retention.test_jobs.TestPolicyExecutionJob" name="test_runs_subjobs_and_reports" time="0.058" /><testcase classname="agents.core.monitoring.metrics_storage.tests.retention.test_jobs.TestScheduleMaintenanceJob" name="test_run" time="0.053" /><testcase classname="agents.core.monitoring.metrics_storage.tests.retention.test_jobs.TestRegistry" name="test_job_types" time="0.054" /><testcase classname="agents.core.monitoring.metrics_storage.tests.retention.test_jobs_advanced.TestAdvancedArchiveJob" name="test_dry_run" time="0.052" /><testcase classname="agents.core.monitoring.metrics_storage.tests.retention.test_jobs_advanced.TestAdvancedArchiveJob" name="test_idempotency_marker_and_tar" time="0.053" /><testcase classname="agents.core.monitoring.metrics_storage.tests.retention.test_jobs_advanced.TestAdvancedArchiveJob" name="test_manifest_written" time="0.052" /><testcase classname="agents.core.monitoring.metrics_storage.tests.retention.test_jobs_advanced.TestAdvancedDeleteJob" name="test_delete_with_reason" time="0.052" /><testcase classname="agents.core.monitoring.metrics_storage.tests.retention.test_jobs_advanced.TestAdvancedDeleteJob" name="test_hard_delete_files" time="0.051" /><testcase classname="agents.core.monitoring.metrics_storage.tests.retention.test_jobs_advanced.TestPolicyPlanner" name="test_basic_insights_analyzer_emits_when_counts_positive" time="0.052" /><testcase classname="agents.core.monitoring.metrics_storage.tests.retention.test_jobs_advanced.TestPolicyPlanner" name="test_plan_simple_policy" time="0.052" /><testcase classname="agents.core.monitoring.metrics_storage.tests.retention.test_recovery.TestRecoverySource" name="test_enum_values" time="0.052" /><testcase classname="agents.core.monitoring.metrics_storage.tests.retention.test_recovery.TestRecoveryError" name="test_initialization" time="0.052" /><testcase classname="agents.core.monitoring.metrics_storage.tests.retention.test_recovery.TestRecoveryResult" name="test_complete" time="0.057" /><testcase classname="agents.core.monitoring.metrics_storage.tests.retention.test_recovery.TestRecoveryResult" name="test_from_dict" time="0.052" /><testcase classname="agents.core.monitoring.metrics_storage.tests.retention.test_recovery.TestRecoveryResult" name="test_initialization" time="0.051" /><testcase classname="agents.core.monitoring.metrics_storage.tests.retention.test_recovery.TestRecoveryResult" name="test_record_attempt" time="0.052" /><testcase classname="agents.core.monitoring.metrics_storage.tests.retention.test_recovery.TestRecoveryResult" name="test_record_error" time="0.051" /><testcase classname="agents.core.monitoring.metrics_storage.tests.retention.test_recovery.TestRecoveryResult" name="test_set_metadata" time="0.051" /><testcase classname="agents.core.monitoring.metrics_storage.tests.retention.test_recovery.TestRecoveryResult" name="test_set_success" time="0.052" /><testcase classname="agents.core.monitoring.metrics_storage.tests.retention.test_recovery.TestRecoveryResult" name="test_to_dict" time="0.057" /><testcase classname="agents.core.monitoring.metrics_storage.tests.retention.test_recovery.TestRecoveryManager" name="test_find_recovery_options" time="0.053" /><testcase classname="agents.core.monitoring.metrics_storage.tests.retention.test_recovery.TestRecoveryManager" name="test_get_recovery_stats" time="0.051" /><testcase classname="agents.core.monitoring.metrics_storage.tests.retention.test_recovery.TestRecoveryManager" name="test_initialization" time="0.051" /><testcase classname="agents.core.monitoring.metrics_storage.tests.retention.test_recovery.TestRecoveryManager" name="test_log_recovery_result" time="0.051" /><testcase classname="agents.core.monitoring.metrics_storage.tests.retention.test_recovery.TestRecoveryManager" name="test_recover_item_from_backup" time="0.051" /><testcase classname="agents.core.monitoring.metrics_storage.tests.retention.test_recovery.TestRecoveryManager" name="test_recover_item_from_original_data" time="0.052" /><testcase classname="agents.core.monitoring.metrics_storage.tests.retention.test_recovery.TestRecoveryManager" name="test_recover_item_from_tombstone" time="0.053" /><testcase classname="agents.core.monitoring.metrics_storage.tests.retention.test_recovery.TestRecoveryManager" name="test_recover_nonexistent_item" time="0.052" /><testcase classname="agents.core.monitoring.metrics_storage.tests.retention.test_recovery.TestModuleFunctions" name="test_find_recovery_options" time="0.051" /><testcase classname="agents.core.monitoring.metrics_storage.tests.retention.test_recovery.TestModuleFunctions" name="test_get_default_recovery_manager" time="0.052" /><testcase classname="agents.core.monitoring.metrics_storage.tests.retention.test_recovery.TestModuleFunctions" name="test_recover_item" time="0.054" /><testcase classname="agents.core.monitoring.metrics_storage.tests.retention.test_recovery.TestModuleFunctions" name="test_set_default_recovery_manager" time="0.059" /><testcase classname="agents.core.monitoring.metrics_storage.tests.retention.test_recovery.TestIntegration" name="test_end_to_end_recovery_workflow" time="0.059" /><testcase classname="agents.core.monitoring.metrics_storage.tests.retention.test_recovery.TestIntegration" name="test_recovery_priority_order" time="0.055" /><testcase classname="agents.core.monitoring.metrics_storage.tests.retention.test_recovery_alias_patch.TestRecoveryAliasPatching" name="test_patch_tombstone_under_agents_path" time="0.052" /><testcase classname="agents.core.monitoring.metrics_storage.tests.retention.test_schedular.TestJobSchedule" name="test_initialization" time="0.053" /><testcase classname="agents.core.monitoring.metrics_storage.tests.retention.test_schedular.TestJobSchedule" name="test_is_active" time="0.051" /><testcase classname="agents.core.monitoring.metrics_storage.tests.retention.test_schedular.TestJobSchedule" name="test_serialization" time="0.054" /><testcase classname="agents.core.monitoring.metrics_storage.tests.retention.test_schedular.TestJobSchedule" name="test_should_run_now" time="0.056" /><testcase classname="agents.core.monitoring.metrics_storage.tests.retention.test_schedular.TestJobSchedule" name="test_update_after_run" time="0.053" /><testcase classname="agents.core.monitoring.metrics_storage.tests.retention.test_schedular.TestJobInfo" name="test_initialization" time="0.052" /><testcase classname="agents.core.monitoring.metrics_storage.tests.retention.test_schedular.TestJobInfo" name="test_record_error" time="0.051" /><testcase classname="agents.core.monitoring.metrics_storage.tests.retention.test_schedular.TestJobInfo" name="test_record_result" time="0.052" /><testcase classname="agents.core.monitoring.metrics_storage.tests.retention.test_schedular.TestJobInfo" name="test_serialization" time="0.052" /><testcase classname="agents.core.monitoring.metrics_storage.tests.retention.test_schedular.TestJobInfo" name="test_update_status" time="0.062" /><testcase classname="agents.core.monitoring.metrics_storage.tests.retention.test_schedular.TestJobWorker" name="test_job_error" time="1.054" /><testcase classname="agents.core.monitoring.metrics_storage.tests.retention.test_schedular.TestJobWorker" name="test_run_job" time="1.052" /><testcase classname="agents.core.monitoring.metrics_storage.tests.retention.test_schedular.TestRetentionScheduler" name="test_cancel_job" time="0.052" /><testcase classname="agents.core.monitoring.metrics_storage.tests.retention.test_schedular.TestRetentionScheduler" name="test_get_job_info" time="0.051" /><testcase classname="agents.core.monitoring.metrics_storage.tests.retention.test_schedular.TestRetentionScheduler" name="test_get_scheduler_stats" time="1.053" /><testcase classname="agents.core.monitoring.metrics_storage.tests.retention.test_schedular.TestRetentionScheduler" name="test_list_jobs" time="0.050" /><testcase classname="agents.core.monitoring.metrics_storage.tests.retention.test_schedular.TestRetentionScheduler" name="test_pause_resume" time="1.050" /><testcase classname="agents.core.monitoring.metrics_storage.tests.retention.test_schedular.TestRetentionScheduler" name="test_save_load_state" time="0.056" /><testcase classname="agents.core.monitoring.metrics_storage.tests.retention.test_schedular.TestRetentionScheduler" name="test_schedule_job" time="0.053" /><testcase classname="agents.core.monitoring.metrics_storage.tests.retention.test_schedular.TestRetentionScheduler" name="test_schedule_unknown_job" time="0.051" /><testcase classname="agents.core.monitoring.metrics_storage.tests.retention.test_schedular.TestRetentionScheduler" name="test_scheduler_initialization" time="0.051" /><testcase classname="agents.core.monitoring.metrics_storage.tests.retention.test_schedular.TestRetentionScheduler" name="test_start_stop" time="1.057" /><testcase classname="agents.core.monitoring.metrics_storage.tests.retention.test_schedular.TestDefaultScheduler" name="test_get_default_scheduler" time="0.061" /><testcase classname="agents.core.monitoring.metrics_storage.tests.retention.test_schedular.TestDefaultScheduler" name="test_set_default_scheduler" time="0.060" /><testcase classname="agents.core.monitoring.metrics_storage.tests.retention.test_utils.TestRetentionUtils" name="test_aggregation_helpers_re_exported" time="0.061" /><testcase classname="agents.core.monitoring.metrics_storage.tests.retention.test_utils.TestRetentionUtils" name="test_cleanup_temporary_files" time="0.057" /><testcase classname="agents.core.monitoring.metrics_storage.tests.retention.test_utils.TestRetentionUtils" name="test_create_archive_metadata" time="0.052" /><testcase classname="agents.core.monitoring.metrics_storage.tests.retention.test_utils.TestRetentionUtils" name="test_get_data_for_time_range_alias" time="0.052" /><testcase classname="agents.core.monitoring.metrics_storage.tests.retention.test_utils.TestRetentionUtils" name="test_get_retention_info" time="0.052" /><testcase classname="agents.core.monitoring.metrics_storage.tests.retention.test_utils.TestRetentionUtils" name="test_validate_data_for_archive" time="0.052" /><testcase classname="agents.core.monitoring.metrics_storage.tests.retention.tombstones.test_tombstone_backup_integration.TestTombstoneBackupIntegration" name="test_tombstone_invokes_backup_verifier" time="0.052" /><testcase classname="agents.core.monitoring.metrics_storage.tests.retention.tombstones.test_tombstone_backup_integration.TestTombstoneBackupIntegration" name="test_tombstone_lifecycle_with_recovery" time="0.051" /><testcase classname="agents.core.monitoring.metrics_storage.tests.retention.tombstones.test_tombstone_manager.TestTombstoneManager" name="test_check_for_auto_purge_runs_once_per_day" time="0.050" /><testcase classname="agents.core.monitoring.metrics_storage.tests.retention.tombstones.test_tombstone_manager.TestTombstoneManager" name="test_create_and_get_tombstone" time="0.050" /><testcase classname="agents.core.monitoring.metrics_storage.tests.retention.tombstones.test_tombstone_manager.TestTombstoneManager" name="test_create_tombstone_from_deleted_item_extracts_metadata" time="0.050" /><testcase classname="agents.core.monitoring.metrics_storage.tests.retention.tombstones.test_tombstone_manager.TestTombstoneManager" name="test_find_tombstone_for_item_prefers_active" time="0.050" /><testcase classname="agents.core.monitoring.metrics_storage.tests.retention.tombstones.test_tombstone_manager.TestTombstoneManager" name="test_find_tombstones_by_filters" time="0.055" /><testcase classname="agents.core.monitoring.metrics_storage.tests.retention.tombstones.test_tombstone_manager.TestTombstoneManager" name="test_get_missing_tombstone_returns_none" time="0.049" /><testcase classname="agents.core.monitoring.metrics_storage.tests.retention.tombstones.test_tombstone_manager.TestTombstoneManager" name="test_get_tombstone_stats" time="0.051" /><testcase classname="agents.core.monitoring.metrics_storage.tests.retention.tombstones.test_tombstone_manager.TestTombstoneManager" name="test_initialization_uses_storage_dir" time="0.050" /><testcase classname="agents.core.monitoring.metrics_storage.tests.retention.tombstones.test_tombstone_manager.TestTombstoneManager" name="test_mark_tombstone_recovered_unknown_id" time="0.055" /><testcase classname="agents.core.monitoring.metrics_storage.tests.retention.tombstones.test_tombstone_manager.TestTombstoneManager" name="test_mark_tombstone_recovered_updates_state" time="0.053" /><testcase classname="agents.core.monitoring.metrics_storage.tests.retention.tombstones.test_tombstone_manager.TestTombstoneManager" name="test_purge_expired_tombstones" time="0.052" /><testcase classname="agents.core.monitoring.metrics_storage.tests.retention.tombstones.test_tombstone_manager.TestTombstoneManager" name="test_update_and_delete_tombstone" time="0.050" /><testcase classname="agents.core.monitoring.metrics_storage.tests.retention.tombstones.test_tombstone_module_functions.TestTombstoneModuleFunctions" name="test_create_tombstone_delegates_to_default_manager" time="0.051" /><testcase classname="agents.core.monitoring.metrics_storage.tests.retention.tombstones.test_tombstone_module_functions.TestTombstoneModuleFunctions" name="test_find_tombstone_for_item_delegates" time="0.051" /><testcase classname="agents.core.monitoring.metrics_storage.tests.retention.tombstones.test_tombstone_module_functions.TestTombstoneModuleFunctions" name="test_get_default_tombstone_manager_allows_custom_dir" time="0.051" /><testcase classname="agents.core.monitoring.metrics_storage.tests.retention.tombstones.test_tombstone_module_functions.TestTombstoneModuleFunctions" name="test_set_default_tombstone_manager_overrides_previous" time="0.051" /><testcase classname="agents.core.monitoring.metrics_storage.tests.retention.tombstones.test_tombstone_record.TestTombstoneRecord" name="test_custom_initialization_honors_inputs" time="0.050" /><testcase classname="agents.core.monitoring.metrics_storage.tests.retention.tombstones.test_tombstone_record.TestTombstoneRecord" name="test_from_dict_and_from_json_respects_data" time="0.051" /><testcase classname="agents.core.monitoring.metrics_storage.tests.retention.tombstones.test_tombstone_record.TestTombstoneRecord" name="test_has_backup" time="0.052" /><testcase classname="agents.core.monitoring.metrics_storage.tests.retention.tombstones.test_tombstone_record.TestTombstoneRecord" name="test_initialization_assigns_defaults" time="0.051" /><testcase classname="agents.core.monitoring.metrics_storage.tests.retention.tombstones.test_tombstone_record.TestTombstoneRecord" name="test_is_expired" time="0.052" /><testcase classname="agents.core.monitoring.metrics_storage.tests.retention.tombstones.test_tombstone_record.TestTombstoneRecord" name="test_record_recovery_attempt_updates_state" time="0.055" /><testcase classname="agents.core.monitoring.metrics_storage.tests.retention.tombstones.test_tombstone_record.TestTombstoneRecord" name="test_to_dict_and_to_json_roundtrip" time="0.051" /><testcase classname="agents.core.monitoring.metrics_storage.tests.retention.tombstones.test_tombstone_record.TestTombstoneRecord" name="test_update_status_records_recovery_time" time="0.051" /><testcase classname="agents.core.monitoring.metrics_storage.tests.retention.tombstones.test_tombstone_record.TestTombstoneRecord" name="test_verify_backup_exists_returns_true_when_backup_path_without_verifier" time="0.051" /><testcase classname="agents.core.monitoring.metrics_storage.tests.retention.tombstones.test_tombstone_record.TestTombstoneRecord" name="test_verify_backup_exists_uses_resolved_verifier" time="0.051" /><testcase classname="agents.core.monitoring.metrics_storage.tests.retention.tombstones.test_tombstone_status.TestTombstoneStatus" name="test_enum_values" time="0.053" /></testsuite></testsuites>